2025-03-13 15:26:43,848 [INFO] Activator:176 - 


2025-03-13 15:26:43,853 [INFO] Activator:177 - !SESSION log4j initialized
2025-03-13 15:26:51,304 [INFO] LogOutputStream:77 - [STDOUT_REDIRECT] 
2025-03-13 15:26:53,727 [INFO] ApplicationProperties:184 - Using Application install path: D:\ITC\STM32\STM32CubeIDE_1.13.0\STM32CubeIDE\plugins\com.st.stm32cube.common.mx_6.9.0.202307051724
2025-03-13 15:26:53,745 [INFO] DbMcusXml:78 - Set database path to: D:\ITC\STM32\STM32CubeIDE_1.13.0\STM32CubeIDE\plugins\com.st.stm32cube.common.mx_6.9.0.202307051724\\db\/mcu/
2025-03-13 15:26:53,746 [INFO] ApiDb:274 - Set plugin database path to: D:\ITC\STM32\STM32CubeIDE_1.13.0\STM32CubeIDE\plugins\com.st.stm32cube.common.mx_6.9.0.202307051724\\db\/plugins/boardmanager/
2025-03-13 15:26:53,746 [WARN] ApiDb:259 - Overriding images path with different value:  => D:\ITC\STM32\STM32CubeIDE_1.13.0\STM32CubeIDE\plugins\com.st.stm32cube.common.mx_6.9.0.202307051724\\db\/plugins/mcufinder/images/
2025-03-13 15:26:53,758 [INFO] ApiDb:250 - Set database path to: C:\Users\msi1\.stmcufinder\plugins\mcufinder//mcu/
2025-03-13 15:26:53,759 [INFO] DbMcusAds:125 - Set database path to: C:\Users\msi1\.stmcufinder\plugins\mcufinder//mcu/
2025-03-13 15:26:53,760 [INFO] CrossReferenceDbSqlite:203 - Set database path to: C:\Users\msi1\.stmcufinder\plugins\mcufinder//mcu/cs/
2025-03-13 15:26:53,869 [INFO] RulesReader:64 - Compatibility file has been processed (293 Rules)
2025-03-13 15:26:53,947 [INFO] DbMcusXml:78 - Set database path to: D:\ITC\STM32\STM32CubeIDE_1.13.0\STM32CubeIDE\plugins\com.st.stm32cube.common.mx_6.9.0.202307051724\\db\/mcu/
2025-03-13 15:26:53,947 [INFO] ApiDb:274 - Set plugin database path to: D:\ITC\STM32\STM32CubeIDE_1.13.0\STM32CubeIDE\plugins\com.st.stm32cube.common.mx_6.9.0.202307051724\\db\/plugins/boardmanager/
2025-03-13 15:26:53,947 [INFO] ApiDb:261 - Set plugin images path to: D:\ITC\STM32\STM32CubeIDE_1.13.0\STM32CubeIDE\plugins\com.st.stm32cube.common.mx_6.9.0.202307051724\\db\/plugins/mcufinder/images/
2025-03-13 15:26:53,947 [WARN] DbFile:41 - Overriding database path with different value: C:\Users\msi1\.stmcufinder\plugins\mcufinder/ => C:\Users\msi1\.stmcufinder\plugins\mcufinder
2025-03-13 15:26:53,947 [INFO] ApiDb:250 - Set database path to: C:\Users\msi1\.stmcufinder\plugins\mcufinder//mcu/
2025-03-13 15:26:53,948 [WARN] DbFile:41 - Overriding database path with different value: C:\Users\msi1\.stmcufinder\plugins\mcufinder/ => C:\Users\msi1\.stmcufinder\plugins\mcufinder
2025-03-13 15:26:53,948 [INFO] DbMcusAds:125 - Set database path to: C:\Users\msi1\.stmcufinder\plugins\mcufinder//mcu/
2025-03-13 15:26:53,948 [WARN] DbFile:41 - Overriding database path with different value: C:\Users\msi1\.stmcufinder\plugins\mcufinder/ => C:\Users\msi1\.stmcufinder\plugins\mcufinder
2025-03-13 15:26:53,948 [WARN] DbFile:41 - Overriding database path with different value: C:\Users\msi1\.stmcufinder\plugins\mcufinder/ => C:\Users\msi1\.stmcufinder\plugins\mcufinder
2025-03-13 15:26:53,948 [INFO] CrossReferenceDbSqlite:203 - Set database path to: C:\Users\msi1\.stmcufinder\plugins\mcufinder//mcu/cs/
2025-03-13 15:26:54,016 [INFO] MainPanel:262 - HeapMemory: 268435456
2025-03-13 15:26:54,116 [INFO] DbMcusXml:78 - Set database path to: D:\ITC\STM32\STM32CubeIDE_1.13.0\STM32CubeIDE\plugins\com.st.stm32cube.common.mx_6.9.0.202307051724\\db\/mcu/
2025-03-13 15:26:54,116 [INFO] ApiDb:274 - Set plugin database path to: D:\ITC\STM32\STM32CubeIDE_1.13.0\STM32CubeIDE\plugins\com.st.stm32cube.common.mx_6.9.0.202307051724\\db\/plugins/boardmanager/
2025-03-13 15:26:54,116 [INFO] ApiDb:261 - Set plugin images path to: D:\ITC\STM32\STM32CubeIDE_1.13.0\STM32CubeIDE\plugins\com.st.stm32cube.common.mx_6.9.0.202307051724\\db\/plugins/mcufinder/images/
2025-03-13 15:26:54,117 [WARN] DbFile:41 - Overriding database path with different value: C:\Users\msi1\.stmcufinder\plugins\mcufinder/ => C:\Users\msi1\.stmcufinder\plugins\mcufinder
2025-03-13 15:26:54,117 [INFO] ApiDb:250 - Set database path to: C:\Users\msi1\.stmcufinder\plugins\mcufinder//mcu/
2025-03-13 15:26:54,117 [WARN] DbFile:41 - Overriding database path with different value: C:\Users\msi1\.stmcufinder\plugins\mcufinder/ => C:\Users\msi1\.stmcufinder\plugins\mcufinder
2025-03-13 15:26:54,117 [INFO] DbMcusAds:125 - Set database path to: C:\Users\msi1\.stmcufinder\plugins\mcufinder//mcu/
2025-03-13 15:26:54,117 [WARN] DbFile:41 - Overriding database path with different value: C:\Users\msi1\.stmcufinder\plugins\mcufinder/ => C:\Users\msi1\.stmcufinder\plugins\mcufinder
2025-03-13 15:26:54,117 [WARN] DbFile:41 - Overriding database path with different value: C:\Users\msi1\.stmcufinder\plugins\mcufinder/ => C:\Users\msi1\.stmcufinder\plugins\mcufinder
2025-03-13 15:26:54,117 [INFO] CrossReferenceDbSqlite:203 - Set database path to: C:\Users\msi1\.stmcufinder\plugins\mcufinder//mcu/cs/
2025-03-13 15:26:54,135 [INFO] ApplicationProperties:184 - Using Application install path: D:\ITC\STM32\STM32CubeIDE_1.13.0\STM32CubeIDE\plugins\com.st.stm32cube.common.mx_6.9.0.202307051724
2025-03-13 15:26:54,136 [INFO] PluginManage:196 - Search for loadable plugins [exclusion list=, ]
2025-03-13 15:26:54,138 [INFO] PluginManage:310 - Check plugin analytics
2025-03-13 15:26:54,280 [INFO] AnalyticsPlugin:253 - Accepted Software Licenses: 
2025-03-13 15:26:54,280 [INFO] AnalyticsPlugin:255 - Accepted CMSIS Pack Licenses: 
2025-03-13 15:26:54,280 [INFO] AnalyticsPlugin:257 - Accepted Firmware Licenses: FW.F4.1.27.0
2025-03-13 15:26:54,282 [INFO] PluginManage:359 - Loaded plugin analytics (category:tool,tabindex:-1)
2025-03-13 15:26:54,283 [INFO] PluginManage:310 - Check plugin cadmodel
2025-03-13 15:26:54,299 [INFO] CADModel:105 - Init CAD model plugin
2025-03-13 15:26:54,299 [INFO] PluginManage:359 - Loaded plugin cadmodel (category:power,tabindex:5)
2025-03-13 15:26:54,299 [INFO] PluginManage:310 - Check plugin clock
2025-03-13 15:26:54,318 [INFO] PluginManage:359 - Loaded plugin clock (category:base,tabindex:2)
2025-03-13 15:26:54,318 [INFO] PluginManage:310 - Check plugin ddr
2025-03-13 15:26:54,320 [INFO] PluginManage:359 - Loaded plugin ddr (category:tool,tabindex:6)
2025-03-13 15:26:54,320 [INFO] PluginManage:310 - Check plugin filemanager
2025-03-13 15:26:54,440 [INFO] PluginManage:359 - Loaded plugin filemanager (category:base,tabindex:10)
2025-03-13 15:26:54,440 [INFO] PluginManage:310 - Check plugin ipmanager
2025-03-13 15:26:54,447 [INFO] PluginManage:359 - Loaded plugin ipmanager (category:base,tabindex:5)
2025-03-13 15:26:54,448 [INFO] PluginManage:310 - Check plugin lpbam
2025-03-13 15:26:54,465 [INFO] PluginManage:359 - Loaded plugin lpbam (category:base,tabindex:0)
2025-03-13 15:26:54,465 [INFO] PluginManage:310 - Check plugin memorymap
2025-03-13 15:26:54,494 [INFO] PluginManage:359 - Loaded plugin memorymap (category:base,tabindex:4)
2025-03-13 15:26:54,494 [INFO] PluginManage:310 - Check plugin pinoutandconfiguration
2025-03-13 15:26:54,512 [INFO] PluginManage:359 - Loaded plugin pinoutandconfiguration (category:base,tabindex:1)
2025-03-13 15:26:54,512 [INFO] PluginManage:310 - Check plugin pinoutconfig
2025-03-13 15:26:54,610 [WARN] SupportedApi:132 - Cannot load RTOS API schema: s4s-elt-must-match.1: The content of 'definitions' must match (annotation?, (simpleType | complexType)?, (unique | key | keyref)*)). A problem was found starting at: attribute.
2025-03-13 15:26:54,731 [INFO] PluginManage:359 - Loaded plugin pinoutconfig (category:base,tabindex:0)
2025-03-13 15:26:54,731 [INFO] PluginManage:310 - Check plugin power
2025-03-13 15:26:54,757 [INFO] PluginManage:359 - Loaded plugin power (category:power,tabindex:4)
2025-03-13 15:26:54,757 [INFO] PluginManage:310 - Check plugin projectmanager
2025-03-13 15:26:54,769 [INFO] PluginManage:359 - Loaded plugin projectmanager (category:projectmanager,tabindex:3)
2025-03-13 15:26:54,770 [INFO] PluginManage:310 - Check plugin thirdparty
2025-03-13 15:26:55,101 [WARN] IntegrityCheckThread:84 - waiting for thirdparty lock release [integrity check]
2025-03-13 15:26:55,102 [INFO] IntegrityCheckThread:86 - entering critical section [integrity check]
2025-03-13 15:26:55,101 [INFO] PluginManage:359 - Loaded plugin thirdparty (category:base,tabindex:-1)
2025-03-13 15:26:55,102 [INFO] PluginManage:310 - Check plugin tools
2025-03-13 15:26:55,103 [INFO] ThirdPartyUpdaterWithRetryManager:70 - Updater plugin not ready yet. [1/15]
2025-03-13 15:26:55,154 [INFO] PluginManage:359 - Loaded plugin tools (category:base,tabindex:7)
2025-03-13 15:26:55,154 [INFO] PluginManage:310 - Check plugin tutovideos
2025-03-13 15:26:55,365 [INFO] PluginManage:359 - Loaded plugin tutovideos (category:base,tabindex:-1)
2025-03-13 15:26:55,365 [INFO] PluginManage:310 - Check plugin updater
2025-03-13 15:26:55,376 [INFO] PluginManage:359 - Loaded plugin updater (category:base,tabindex:12)
2025-03-13 15:26:55,376 [INFO] PluginManage:310 - Check plugin userauth
2025-03-13 15:26:55,382 [INFO] UserAuth:113 - Init User Auth plugin
2025-03-13 15:26:55,382 [INFO] PluginManage:359 - Loaded plugin userauth (category:base,tabindex:14)
2025-03-13 15:26:55,382 [INFO] PluginManage:283 - PluginManage : Loaded plugins [17]
2025-03-13 15:26:55,605 [INFO] PinOutPanel:1499 - setPackage(No Configuration,No Configuration)
2025-03-13 15:26:55,711 [INFO] CADModel:165 - CPN selected for project level
2025-03-13 15:26:55,712 [INFO] CADModel:114 - Register for checkConnection events
2025-03-13 15:26:55,739 [INFO] IPUIPlugin:80 - create IPUIPlugin
2025-03-13 15:26:55,739 [INFO] PluginManager:220 - loadIPPluginJar : add adc
2025-03-13 15:26:55,776 [INFO] IPUIPlugin:80 - create IPUIPlugin
2025-03-13 15:26:55,776 [INFO] PluginManager:220 - loadIPPluginJar : add aes
2025-03-13 15:26:55,819 [INFO] IPUIPlugin:80 - create IPUIPlugin
2025-03-13 15:26:55,820 [INFO] PluginManager:220 - loadIPPluginJar : add can
2025-03-13 15:26:55,844 [INFO] IPUIPlugin:80 - create IPUIPlugin
2025-03-13 15:26:55,844 [INFO] PluginManager:220 - loadIPPluginJar : add comp
2025-03-13 15:26:55,884 [INFO] IPUIPlugin:80 - create IPUIPlugin
2025-03-13 15:26:55,884 [INFO] PluginManager:220 - loadIPPluginJar : add cryp
2025-03-13 15:26:55,920 [INFO] IPUIPlugin:80 - create IPUIPlugin
2025-03-13 15:26:55,920 [INFO] PluginManager:220 - loadIPPluginJar : add dfsdm
2025-03-13 15:26:55,937 [INFO] IPUIPlugin:80 - create IPUIPlugin
2025-03-13 15:26:55,937 [INFO] PluginManager:220 - loadIPPluginJar : add dma
2025-03-13 15:26:55,994 [INFO] IPUIPlugin:80 - create IPUIPlugin
2025-03-13 15:26:55,994 [INFO] PluginManager:220 - loadIPPluginJar : add dma3
2025-03-13 15:26:56,017 [INFO] IPUIPlugin:80 - create IPUIPlugin
2025-03-13 15:26:56,017 [INFO] PluginManager:220 - loadIPPluginJar : add fatfs
2025-03-13 15:26:56,070 [INFO] IPUIPlugin:80 - create IPUIPlugin
2025-03-13 15:26:56,070 [INFO] PluginManager:220 - loadIPPluginJar : add fmc
2025-03-13 15:26:56,105 [INFO] IPUIPlugin:80 - create IPUIPlugin
2025-03-13 15:26:56,105 [INFO] PluginManager:220 - loadIPPluginJar : add freertos
2025-03-13 15:26:56,134 [INFO] IPUIPlugin:80 - create IPUIPlugin
2025-03-13 15:26:56,135 [INFO] PluginManager:220 - loadIPPluginJar : add genericplugin
2025-03-13 15:26:56,229 [INFO] IPUIPlugin:80 - create IPUIPlugin
2025-03-13 15:26:56,229 [INFO] PluginManager:220 - loadIPPluginJar : add gfxmmu
2025-03-13 15:26:56,393 [INFO] IPUIPlugin:80 - create IPUIPlugin
2025-03-13 15:26:56,393 [INFO] PluginManager:220 - loadIPPluginJar : add gic
2025-03-13 15:26:56,411 [INFO] IPUIPlugin:80 - create IPUIPlugin
2025-03-13 15:26:56,412 [INFO] PluginManager:220 - loadIPPluginJar : add gpio
2025-03-13 15:26:56,521 [INFO] IPUIPlugin:80 - create IPUIPlugin
2025-03-13 15:26:56,522 [INFO] PluginManager:220 - loadIPPluginJar : add gtzc
2025-03-13 15:26:56,559 [INFO] IPUIPlugin:80 - create IPUIPlugin
2025-03-13 15:26:56,559 [INFO] PluginManager:220 - loadIPPluginJar : add hash
2025-03-13 15:26:56,612 [INFO] IPUIPlugin:80 - create IPUIPlugin
2025-03-13 15:26:56,613 [INFO] PluginManager:220 - loadIPPluginJar : add i2c
2025-03-13 15:26:56,656 [INFO] IPUIPlugin:80 - create IPUIPlugin
2025-03-13 15:26:56,656 [INFO] PluginManager:220 - loadIPPluginJar : add i2s
2025-03-13 15:26:56,699 [INFO] IPUIPlugin:80 - create IPUIPlugin
2025-03-13 15:26:56,699 [INFO] PluginManager:220 - loadIPPluginJar : add i3c
2025-03-13 15:26:56,805 [INFO] IPUIPlugin:80 - create IPUIPlugin
2025-03-13 15:26:56,805 [INFO] PluginManager:220 - loadIPPluginJar : add ipddr
2025-03-13 15:26:56,895 [INFO] IPUIPlugin:80 - create IPUIPlugin
2025-03-13 15:26:56,895 [INFO] PluginManager:220 - loadIPPluginJar : add linkedlist
2025-03-13 15:26:56,935 [INFO] IPUIPlugin:80 - create IPUIPlugin
2025-03-13 15:26:56,935 [INFO] PluginManager:220 - loadIPPluginJar : add lorawan
2025-03-13 15:26:56,977 [INFO] IPUIPlugin:80 - create IPUIPlugin
2025-03-13 15:26:56,977 [INFO] PluginManager:220 - loadIPPluginJar : add ltdc
2025-03-13 15:26:56,998 [INFO] IPUIPlugin:80 - create IPUIPlugin
2025-03-13 15:26:56,998 [INFO] PluginManager:220 - loadIPPluginJar : add mdma
2025-03-13 15:26:57,013 [INFO] IPUIPlugin:80 - create IPUIPlugin
2025-03-13 15:26:57,013 [INFO] PluginManager:220 - loadIPPluginJar : add nvic
2025-03-13 15:26:57,084 [INFO] IPUIPlugin:80 - create IPUIPlugin
2025-03-13 15:26:57,084 [INFO] PluginManager:220 - loadIPPluginJar : add opamp
2025-03-13 15:26:57,228 [INFO] IPUIPlugin:80 - create IPUIPlugin
2025-03-13 15:26:57,229 [INFO] PluginManager:220 - loadIPPluginJar : add openamp
2025-03-13 15:26:57,291 [INFO] IPUIPlugin:80 - create IPUIPlugin
2025-03-13 15:26:57,291 [INFO] PluginManager:220 - loadIPPluginJar : add pdm2pcm
2025-03-13 15:26:57,308 [INFO] IPUIPlugin:80 - create IPUIPlugin
2025-03-13 15:26:57,310 [INFO] PluginManager:220 - loadIPPluginJar : add plateformsettings
2025-03-13 15:26:57,342 [INFO] IPUIPlugin:80 - create IPUIPlugin
2025-03-13 15:26:57,342 [INFO] PluginManager:220 - loadIPPluginJar : add quadspi
2025-03-13 15:26:57,360 [INFO] IPUIPlugin:80 - create IPUIPlugin
2025-03-13 15:26:57,360 [INFO] PluginManager:220 - loadIPPluginJar : add resmgrutility
2025-03-13 15:26:57,427 [INFO] IPUIPlugin:80 - create IPUIPlugin
2025-03-13 15:26:57,428 [INFO] PluginManager:220 - loadIPPluginJar : add sai
2025-03-13 15:26:57,509 [INFO] IPUIPlugin:80 - create IPUIPlugin
2025-03-13 15:26:57,509 [INFO] PluginManager:220 - loadIPPluginJar : add spi
2025-03-13 15:26:57,578 [INFO] IPUIPlugin:80 - create IPUIPlugin
2025-03-13 15:26:57,578 [INFO] PluginManager:220 - loadIPPluginJar : add stm32_wpan
2025-03-13 15:26:57,631 [INFO] IPUIPlugin:80 - create IPUIPlugin
2025-03-13 15:26:57,631 [INFO] PluginManager:220 - loadIPPluginJar : add tim
2025-03-13 15:26:57,699 [INFO] IPUIPlugin:80 - create IPUIPlugin
2025-03-13 15:26:57,699 [INFO] PluginManager:220 - loadIPPluginJar : add touchsensing
2025-03-13 15:26:57,748 [INFO] IPUIPlugin:80 - create IPUIPlugin
2025-03-13 15:26:57,748 [INFO] PluginManager:220 - loadIPPluginJar : add tracer_emb
2025-03-13 15:26:57,779 [INFO] IPUIPlugin:80 - create IPUIPlugin
2025-03-13 15:26:57,779 [INFO] PluginManager:220 - loadIPPluginJar : add ts
2025-03-13 15:26:57,815 [INFO] IPUIPlugin:80 - create IPUIPlugin
2025-03-13 15:26:57,815 [INFO] PluginManager:220 - loadIPPluginJar : add tsc
2025-03-13 15:26:57,849 [INFO] IPUIPlugin:80 - create IPUIPlugin
2025-03-13 15:26:57,849 [INFO] PluginManager:220 - loadIPPluginJar : add ucpd
2025-03-13 15:26:57,926 [INFO] IPUIPlugin:80 - create IPUIPlugin
2025-03-13 15:26:57,926 [INFO] PluginManager:220 - loadIPPluginJar : add usart
2025-03-13 15:26:58,023 [INFO] IPUIPlugin:80 - create IPUIPlugin
2025-03-13 15:26:58,023 [INFO] PluginManager:220 - loadIPPluginJar : add usbx
2025-03-13 15:26:58,103 [INFO] ThirdPartyUpdaterWithRetryManager:70 - Updater plugin not ready yet. [2/15]
2025-03-13 15:26:58,276 [INFO] CADModel:165 - CPN selected for project level
2025-03-13 15:26:58,277 [INFO] CADModel:114 - Register for checkConnection events
2025-03-13 15:26:58,277 [FATAL] Updater:308 - Updater called before beeing initialized
2025-03-13 15:26:58,277 [ERROR] CADModel:125 - Updater not yet initialized, retry later 
2025-03-13 15:26:59,183 [INFO] CADModel:165 - CPN selected for project level
2025-03-13 15:26:59,183 [INFO] CADModel:114 - Register for checkConnection events
2025-03-13 15:26:59,184 [FATAL] Updater:308 - Updater called before beeing initialized
2025-03-13 15:26:59,184 [ERROR] CADModel:125 - Updater not yet initialized, retry later 
2025-03-13 15:26:59,199 [FATAL] Updater:308 - Updater called before beeing initialized
2025-03-13 15:26:59,602 [FATAL] Updater:308 - Updater called before beeing initialized
2025-03-13 15:26:59,684 [INFO] DbMcusAds:53 - JSON generation date=Thu Mar 06 21:54:21 ICT 2025 (1741272861825)
2025-03-13 15:26:59,684 [FATAL] Updater:308 - Updater called before beeing initialized
2025-03-13 15:27:00,218 [WARN] DetailPanel:346 - Failed to get advertising image, set to default
2025-03-13 15:27:00,402 [FATAL] Updater:308 - Updater called before beeing initialized
2025-03-13 15:27:00,422 [FATAL] Updater:308 - Updater called before beeing initialized
2025-03-13 15:27:00,424 [FATAL] Updater:308 - Updater called before beeing initialized
2025-03-13 15:27:00,424 [WARN] DetailPanel:346 - Failed to get advertising image, set to default
2025-03-13 15:27:00,424 [FATAL] Updater:308 - Updater called before beeing initialized
2025-03-13 15:27:00,532 [ERROR] Updater:1120 - MainUpdater not yet initialized. External WinMGr cannot be set.
2025-03-13 15:27:00,570 [INFO] Updater:1056 - Updater Version found : 6.9.0
2025-03-13 15:27:00,671 [INFO] ApplicationProperties:184 - Using Application install path: D:\ITC\STM32\STM32CubeIDE_1.13.0\STM32CubeIDE\plugins\com.st.stm32cube.common.mx_6.9.0.202307051724
2025-03-13 15:27:01,104 [INFO] ThirdPartyUpdaterWithRetryManager:70 - Updater plugin not ready yet. [3/15]
2025-03-13 15:27:01,657 [INFO] MainUpdater:2868 - connection check result : 10
2025-03-13 15:27:01,658 [INFO] MainUpdater:285 - Updater Check For Update Now.
2025-03-13 15:27:01,658 [INFO] MicroXplorer:498 - Change Database Version : DB.6.0.90
2025-03-13 15:27:01,705 [INFO] McuFinderGlobals:63 - Set McuFinder mode to 2 (CubeIDE integrated)
2025-03-13 15:27:01,979 [INFO] CheckServerUpdateThread:120 - End of CheckServer Thread
2025-03-13 15:27:05,330 [WARN] PackLoader:240 - Cannot read IP mode file for STMicroelectronics.FP-SNS-MOTENVWB1.1.4.0
2025-03-13 15:27:05,415 [WARN] PackLoader:240 - Cannot read IP mode file for STMicroelectronics.FP-ATR-ASTRA1.2.0.2
2025-03-13 15:27:05,428 [WARN] PackLoader:240 - Cannot read IP mode file for STMicroelectronics.FP-ATR-ASTRA1.2.0.1
2025-03-13 15:27:05,449 [WARN] PackLoader:240 - Cannot read IP mode file for STMicroelectronics.X-CUBE-SMBUS.2.1.0
2025-03-13 15:27:05,523 [WARN] PackLoader:240 - Cannot read IP mode file for STMicroelectronics.X-CUBE-WB05N.1.1.0
2025-03-13 15:27:05,573 [WARN] PackLoader:240 - Cannot read IP mode file for STMicroelectronics.X-CUBE-TOUCHGFX.4.23.0
2025-03-13 15:27:05,603 [WARN] PackLoader:240 - Cannot read IP mode file for STMicroelectronics.X-CUBE-TOUCHGFX.4.23.2
2025-03-13 15:27:05,713 [WARN] PackLoader:240 - Cannot read IP mode file for STMicroelectronics.X-CUBE-AZRTOS-F7.1.1.0
2025-03-13 15:27:05,751 [ERROR] RealEvaluatedCondition:428 - Found unsupported composite condition: GROUP='STM32_MetaDataManager' CLASS='Data Exchange'
2025-03-13 15:27:05,751 [ERROR] RealEvaluatedCondition:428 - Found unsupported composite condition: GROUP='STM32_MetaDataManager' CLASS='Data Exchange'
2025-03-13 15:27:05,752 [WARN] PackLoader:240 - Cannot read IP mode file for STMicroelectronics.FP-SNS-MOTENV1.4.3.0
2025-03-13 15:27:05,772 [WARN] PackLoader:240 - Cannot read IP mode file for STMicroelectronics.FP-SNS-MOTENV1.4.3.2
2025-03-13 15:27:05,798 [WARN] PackLoader:240 - Cannot read IP mode file for STMicroelectronics.FP-SNS-FLIGHT1.5.0.0
2025-03-13 15:27:05,826 [WARN] PackLoader:240 - Cannot read IP mode file for STMicroelectronics.X-CUBE-BLE1.6.2.4
2025-03-13 15:27:05,854 [WARN] PackLoader:240 - Cannot read IP mode file for STMicroelectronics.FP-SNS-FLIGHT1.5.0.2
2025-03-13 15:27:05,903 [ERROR] Engine:466 - C:\Users\msi1\.stm32cubemx\thirdparties\pdsc\Infineon.AIROC-Wi-Fi-Bluetooth-STM32.1.7.0.pdsc: PDSC version is not supported
2025-03-13 15:27:05,941 [WARN] PackLoader:240 - Cannot read IP mode file for STMicroelectronics.X-CUBE-DISPLAY.3.0.0
2025-03-13 15:27:05,989 [WARN] PackLoader:240 - Cannot read IP mode file for STMicroelectronics.X-CUBE-BLE1.7.0.0
2025-03-13 15:27:06,015 [WARN] PackLoader:240 - Cannot read IP mode file for STMicroelectronics.X-CUBE-NFC10.1.0.0
2025-03-13 15:27:06,039 [ERROR] Engine:466 - C:\Users\msi1\.stm32cubemx\thirdparties\pdsc\STMicroelectronics.X-CUBE-BLEMGR.4.0.0.pdsc: PDSC version is not supported
2025-03-13 15:27:06,067 [WARN] PackLoader:240 - Cannot read IP mode file for emotas.I-CUBE-CANOPEN.1.3.0
2025-03-13 15:27:06,111 [WARN] PackLoader:240 - Cannot read IP mode file for STMicroelectronics.X-CUBE-TOUCHGFX.4.22.0
2025-03-13 15:27:06,139 [WARN] PackLoader:240 - Cannot read IP mode file for STMicroelectronics.X-CUBE-TOUCHGFX.4.22.1
2025-03-13 15:27:06,172 [WARN] PackLoader:240 - Cannot read IP mode file for STMicroelectronics.X-CUBE-BLEMGR.3.1.0
2025-03-13 15:27:06,195 [WARN] PackLoader:240 - Cannot read IP mode file for STMicroelectronics.X-CUBE-AI.10.0.0
2025-03-13 15:27:06,222 [WARN] PackLoader:240 - Cannot read IP mode file for STMicroelectronics.FP-SNS-SMARTAG2.1.2.0
2025-03-13 15:27:06,364 [WARN] PackLoader:240 - Cannot read IP mode file for STMicroelectronics.X-CUBE-MEMS1.11.1.0
2025-03-13 15:27:06,524 [INFO] LogOutputStream:77 - [STDOUT_REDIRECT] 1 : Invalid condition id : UX_CORESTACK_Condition cause : null
2025-03-13 15:27:06,524 [INFO] LogOutputStream:77 - [STDOUT_REDIRECT] 1 : Invalid condition id : UX_CORESTACK_Condition cause : null
2025-03-13 15:27:06,525 [INFO] LogOutputStream:77 - [STDOUT_REDIRECT] 1 : Invalid condition id : UX_CORESTACK_Condition cause : null
2025-03-13 15:27:06,527 [INFO] LogOutputStream:77 - [STDOUT_REDIRECT] 1 : Invalid condition id : UX_CORESTACK_Condition cause : null
2025-03-13 15:27:06,528 [INFO] LogOutputStream:77 - [STDOUT_REDIRECT] 1 : Invalid condition id : UX_CORESTACK_Condition cause : null
2025-03-13 15:27:06,531 [WARN] PackLoader:240 - Cannot read IP mode file for STMicroelectronics.X-CUBE-AZRTOS-WL.2.0.0
2025-03-13 15:27:06,549 [WARN] PackLoader:240 - Cannot read IP mode file for STMicroelectronics.FP-SNS-MOTENV1.5.0.0
2025-03-13 15:27:06,575 [WARN] PackLoader:240 - Cannot read IP mode file for wolfSSL.I-CUBE-wolfMQTT.1.19.0
2025-03-13 15:27:06,605 [WARN] PackLoader:240 - Cannot read IP mode file for WES.I-CUBE-Cesium.1.3.0
2025-03-13 15:27:06,629 [WARN] PackLoader:240 - Cannot read IP mode file for STMicroelectronics.X-CUBE-BLE2.3.3.0
2025-03-13 15:27:06,658 [WARN] PackLoader:240 - Cannot read IP mode file for STMicroelectronics.X-CUBE-NFC9.1.0.0
2025-03-13 15:27:06,684 [WARN] PackLoader:240 - Cannot read IP mode file for STMicroelectronics.X-CUBE-BLE1.7.1.0
2025-03-13 15:27:06,710 [WARN] PackLoader:240 - Cannot read IP mode file for STMicroelectronics.X-CUBE-TCPP.4.1.0
2025-03-13 15:27:06,735 [WARN] PackLoader:240 - Cannot read IP mode file for STMicroelectronics.X-CUBE-TOUCHGFX.4.21.4
2025-03-13 15:27:06,768 [WARN] PackLoader:240 - Cannot read IP mode file for STMicroelectronics.X-CUBE-ALGOBUILD.1.3.0
2025-03-13 15:27:06,849 [WARN] PackLoader:240 - Cannot read IP mode file for STMicroelectronics.X-CUBE-AZRTOS-G0.1.1.0
2025-03-13 15:27:06,875 [WARN] PackLoader:240 - Cannot read IP mode file for STMicroelectronics.X-CUBE-SAFEA1.1.2.2
2025-03-13 15:27:06,899 [WARN] PackLoader:240 - Cannot read IP mode file for STMicroelectronics.X-CUBE-NFC4.3.0.0
2025-03-13 15:27:06,926 [WARN] PackLoader:240 - Cannot read IP mode file for wolfSSL.I-CUBE-wolfMQTT.1.18.0
2025-03-13 15:27:06,951 [ERROR] Engine:466 - C:\Users\msi1\.stm32cubemx\thirdparties\pdsc\EmbeddedOffice.I-CUBE-FS-RTOS.1.0.1.pdsc: PDSC version is not supported
2025-03-13 15:27:07,007 [WARN] PackLoader:240 - Cannot read IP mode file for STMicroelectronics.X-CUBE-BLEMGR.3.0.0
2025-03-13 15:27:07,037 [ERROR] Engine:466 - C:\Users\msi1\.stm32cubemx\thirdparties\pdsc\STMicroelectronics.X-CUBE-TCPP.4.2.0.pdsc: PDSC version is not supported
2025-03-13 15:27:07,080 [ERROR] Engine:466 - C:\Users\msi1\.stm32cubemx\thirdparties\pdsc\RealThread.X-CUBE-RT-Thread_Nano.4.1.1.pdsc: PDSC version is not supported
2025-03-13 15:27:07,094 [WARN] PackLoader:240 - Cannot read IP mode file for STMicroelectronics.FP-ATR-SIGFOX1.3.2.0
2025-03-13 15:27:07,142 [ERROR] Engine:466 - C:\Users\msi1\.stm32cubemx\thirdparties\pdsc\quantropi.X-CUBE-qispace-sdk-base.1.9.3.pdsc: PDSC version is not supported
2025-03-13 15:27:07,179 [WARN] PackLoader:240 - Cannot read IP mode file for STMicroelectronics.X-CUBE-EEPRMA1.5.1.0
2025-03-13 15:27:07,217 [WARN] PackLoader:240 - Cannot read IP mode file for wolfSSL.I-CUBE-wolfSSL.5.7.6
2025-03-13 15:27:07,233 [WARN] PackLoader:240 - Cannot read IP mode file for ITTIA_DB.I-CUBE-ITTIADB.8.9.0
2025-03-13 15:27:07,278 [WARN] PackLoader:240 - Cannot read IP mode file for SEGGER.I-CUBE-embOS.1.3.1
2025-03-13 15:27:07,342 [WARN] PackLoader:240 - Cannot read IP mode file for STMicroelectronics.X-CUBE-ALGOBUILD.1.4.0
2025-03-13 15:27:07,369 [WARN] PackLoader:240 - Cannot read IP mode file for STMicroelectronics.X-CUBE-AI.9.1.0
2025-03-13 15:27:07,400 [WARN] PackLoader:240 - Cannot read IP mode file for STMicroelectronics.X-CUBE-GNSS1.6.0.0
2025-03-13 15:27:07,454 [WARN] PackLoader:240 - Cannot read IP mode file for STMicroelectronics.X-CUBE-AZRTOS-F4.1.1.0
2025-03-13 15:27:07,484 [WARN] PackLoader:240 - Cannot read IP mode file for wolfSSL.I-CUBE-wolfSSL.5.6.0
2025-03-13 15:27:07,518 [WARN] PackLoader:240 - Cannot read IP mode file for STMicroelectronics.X-CUBE-ISPU.2.1.0
2025-03-13 15:27:07,559 [WARN] PackLoader:240 - Cannot read IP mode file for STMicroelectronics.X-CUBE-FREERTOS.1.2.0
2025-03-13 15:27:07,615 [WARN] PackLoader:240 - Cannot read IP mode file for STMicroelectronics.X-CUBE-AZRTOS-L5.2.0.0
2025-03-13 15:27:07,736 [WARN] PackLoader:240 - Cannot read IP mode file for STMicroelectronics.X-CUBE-MEMS1.9.6.0
2025-03-13 15:27:07,882 [WARN] PackLoader:240 - Cannot read IP mode file for STMicroelectronics.X-CUBE-EEPRMA1.4.2.0
2025-03-13 15:27:07,898 [WARN] PackLoader:240 - Cannot read IP mode file for STMicroelectronics.X-CUBE-NFC6.3.1.0
2025-03-13 15:27:07,964 [WARN] PackLoader:240 - Cannot read IP mode file for ITTIA_DB.I-CUBE-ITTIADB.8.8.0
2025-03-13 15:27:08,010 [WARN] PackLoader:240 - Cannot read IP mode file for emotas.I-CUBE-CANOPEN.1.1.3
2025-03-13 15:27:08,043 [WARN] PackLoader:240 - Cannot read IP mode file for STMicroelectronics.X-CUBE-BLEMGR.2.0.0
2025-03-13 15:27:08,134 [ERROR] Engine:466 - C:\Users\msi1\.stm32cubemx\thirdparties\pdsc\STMicroelectronics.X-CUBE-DPower.1.2.0.pdsc: PDSC version is not supported
2025-03-13 15:27:08,173 [WARN] PackLoader:240 - Cannot read IP mode file for STMicroelectronics.X-CUBE-AI.9.0.0
2025-03-13 15:27:08,377 [WARN] ConditionMgr:438 - getConditionDescription Invalid condition id : UX DEVICE CLASS RTOS Condition cause : null
2025-03-13 15:27:08,377 [WARN] ConditionMgr:438 - getConditionDescription Invalid condition id : UX DEVICE CLASS RTOS Condition cause : null
2025-03-13 15:27:08,379 [WARN] PackLoader:240 - Cannot read IP mode file for STMicroelectronics.X-CUBE-AZRTOS-H7.3.1.0
2025-03-13 15:27:08,379 [WARN] ConditionMgr:1039 - genDependencies : Invalid condition id : UX DEVICE CLASS RTOS Condition cause : null
2025-03-13 15:27:08,379 [WARN] ConditionMgr:1039 - genDependencies : Invalid condition id : UX DEVICE CLASS RTOS Condition cause : null
2025-03-13 15:27:08,380 [WARN] ConditionMgr:1039 - genDependencies : Invalid condition id : UX DEVICE CLASS RTOS Condition cause : null
2025-03-13 15:27:08,380 [WARN] ConditionMgr:1039 - genDependencies : Invalid condition id : UX DEVICE CLASS RTOS Condition cause : null
2025-03-13 15:27:08,380 [WARN] ConditionMgr:1039 - genDependencies : Invalid condition id : UX DEVICE CLASS RTOS Condition cause : null
2025-03-13 15:27:08,393 [WARN] PackLoader:240 - Cannot read IP mode file for STMicroelectronics.X-CUBE-FREERTOS.1.3.0
2025-03-13 15:27:08,412 [WARN] PackLoader:240 - Cannot read IP mode file for STMicroelectronics.X-CUBE-NFC7.1.0.1
2025-03-13 15:27:08,426 [WARN] PackLoader:240 - Cannot read IP mode file for STMicroelectronics.X-CUBE-NFC7.1.0.0
2025-03-13 15:27:08,438 [WARN] PackLoader:240 - Cannot read IP mode file for wolfSSL.I-CUBE-wolfTPM.3.2.0
2025-03-13 15:27:08,453 [WARN] PackLoader:240 - Cannot read IP mode file for STMicroelectronics.X-CUBE-NFC6.3.0.0
2025-03-13 15:27:08,470 [WARN] PackLoader:240 - Cannot read IP mode file for STMicroelectronics.X-CUBE-EEPRMA1.4.1.0
2025-03-13 15:27:08,482 [WARN] PackLoader:240 - Cannot read IP mode file for STMicroelectronics.X-CUBE-AI.8.1.0
2025-03-13 15:27:08,512 [WARN] ConditionMgr:438 - getConditionDescription Invalid condition id : LAN8742 Phy interface Condition cause : null
2025-03-13 15:27:08,513 [WARN] PackLoader:240 - Cannot read IP mode file for STMicroelectronics.X-CUBE-AZRTOS-L4.2.0.0
2025-03-13 15:27:08,513 [WARN] ConditionMgr:1039 - genDependencies : Invalid condition id : LAN8742 Phy interface Condition cause : null
2025-03-13 15:27:08,513 [WARN] ConditionMgr:1039 - genDependencies : Invalid condition id : LAN8742 Phy interface Condition cause : null
2025-03-13 15:27:08,514 [WARN] ConditionMgr:1039 - genDependencies : Invalid condition id : LAN8742 Phy interface Condition cause : null
2025-03-13 15:27:08,533 [WARN] PackLoader:240 - Cannot read IP mode file for STMicroelectronics.X-CUBE-SFXS2LP1.4.0.0
2025-03-13 15:27:08,546 [WARN] PackLoader:240 - Cannot read IP mode file for STMicroelectronics.X-CUBE-ISPU.1.1.0
2025-03-13 15:27:08,576 [WARN] PackLoader:240 - Cannot read IP mode file for STMicroelectronics.X-CUBE-AZRTOS-H7.3.3.0
2025-03-13 15:27:08,594 [ERROR] Engine:466 - C:\Users\msi1\.stm32cubemx\thirdparties\pdsc\STMicroelectronics.X-CUBE-IPS.3.0.0.pdsc: PDSC version is not supported
2025-03-13 15:27:08,616 [WARN] ConditionMgr:438 - getConditionDescription Invalid condition id : UX DEVICE CLASS RTOS Condition cause : null
2025-03-13 15:27:08,616 [WARN] ConditionMgr:438 - getConditionDescription Invalid condition id : UX DEVICE CLASS RTOS Condition cause : null
2025-03-13 15:27:08,618 [WARN] PackLoader:240 - Cannot read IP mode file for STMicroelectronics.X-CUBE-AZRTOS-WB.2.0.0
2025-03-13 15:27:08,618 [WARN] ConditionMgr:1039 - genDependencies : Invalid condition id : UX DEVICE CLASS RTOS Condition cause : null
2025-03-13 15:27:08,618 [WARN] ConditionMgr:1039 - genDependencies : Invalid condition id : UX DEVICE CLASS RTOS Condition cause : null
2025-03-13 15:27:08,618 [WARN] ConditionMgr:1039 - genDependencies : Invalid condition id : UX DEVICE CLASS RTOS Condition cause : null
2025-03-13 15:27:08,618 [WARN] ConditionMgr:1039 - genDependencies : Invalid condition id : UX DEVICE CLASS RTOS Condition cause : null
2025-03-13 15:27:08,618 [WARN] ConditionMgr:1039 - genDependencies : Invalid condition id : UX DEVICE CLASS RTOS Condition cause : null
2025-03-13 15:27:08,632 [WARN] PackLoader:240 - Cannot read IP mode file for STMicroelectronics.X-CUBE-FREERTOS.1.0.1
2025-03-13 15:27:08,645 [WARN] PackLoader:240 - Cannot read IP mode file for STMicroelectronics.X-CUBE-GNSS1.7.0.1
2025-03-13 15:27:08,658 [WARN] PackLoader:240 - Cannot read IP mode file for STMicroelectronics.X-CUBE-TOUCHGFX.4.25.0
2025-03-13 15:27:08,671 [ERROR] Engine:466 - C:\Users\msi1\.stm32cubemx\thirdparties\pdsc\STMicroelectronics.FP-SNS-STBOX1.2.0.0.pdsc: PDSC version is not supported
2025-03-13 15:27:08,695 [WARN] PackLoader:240 - Cannot read IP mode file for STMicroelectronics.X-CUBE-AZRTOS-L5.1.1.0
2025-03-13 15:27:08,709 [WARN] PackLoader:240 - Cannot read IP mode file for STMicroelectronics.X-CUBE-AI.8.0.1
2025-03-13 15:27:08,728 [WARN] PackLoader:240 - Cannot read IP mode file for STMicroelectronics.X-CUBE-SUBG2.5.0.0
2025-03-13 15:27:08,745 [WARN] PackLoader:240 - Cannot read IP mode file for Cesanta.I-CUBE-Mongoose.7.13.0
2025-03-13 15:27:08,765 [WARN] PackLoader:240 - Cannot read IP mode file for STMicroelectronics.X-CUBE-TOF1.3.3.1
2025-03-13 15:27:08,797 [WARN] PackLoader:240 - Cannot read IP mode file for STMicroelectronics.X-CUBE-AZRTOS-G4.2.0.0
2025-03-13 15:27:08,816 [WARN] PackLoader:240 - Cannot read IP mode file for STMicroelectronics.X-CUBE-TOF1.3.3.0
2025-03-13 15:27:08,844 [WARN] PackLoader:240 - Cannot read IP mode file for Infineon.AIROC-Wi-Fi-Bluetooth-STM32.1.5.1
2025-03-13 15:27:08,858 [WARN] PackLoader:240 - Cannot read IP mode file for STMicroelectronics.FP-SNS-MOTENVWB1.1.3.0
2025-03-13 15:27:08,873 [WARN] PackLoader:240 - Cannot read IP mode file for STMicroelectronics.FP-SNS-MOTENVWB1.1.3.1
2025-03-13 15:27:08,901 [WARN] PackLoader:240 - Cannot read IP mode file for STMicroelectronics.X-CUBE-AZRTOS-L4.1.0.0
2025-03-13 15:27:08,918 [WARN] PackLoader:240 - Cannot read IP mode file for STMicroelectronics.X-CUBE-ISPU.2.0.0
2025-03-13 15:27:08,931 [ERROR] Engine:466 - C:\Users\msi1\.stm32cubemx\thirdparties\pdsc\STMicroelectronics.X-CUBE-IPS.3.1.0.pdsc: PDSC version is not supported
2025-03-13 15:27:08,945 [WARN] PackLoader:240 - Cannot read IP mode file for STMicroelectronics.X-CUBE-ALS.1.0.2
2025-03-13 15:27:08,995 [WARN] PackLoader:240 - Cannot read IP mode file for STMicroelectronics.X-CUBE-MEMS1.10.0.0
2025-03-13 15:27:09,092 [WARN] PackLoader:240 - Cannot read IP mode file for STMicroelectronics.X-CUBE-FREERTOS.1.1.0
2025-03-13 15:27:09,106 [WARN] PackLoader:240 - Cannot read IP mode file for STMicroelectronics.X-CUBE-TOUCHGFX.4.24.0
2025-03-13 15:27:09,123 [WARN] PackLoader:240 - Cannot read IP mode file for STMicroelectronics.X-CUBE-TOUCHGFX.4.24.2
2025-03-13 15:27:09,149 [WARN] PackLoader:240 - Cannot read IP mode file for STMicroelectronics.X-CUBE-AZRTOS-WL.1.0.0
2025-03-13 15:27:09,164 [WARN] PackLoader:240 - Cannot read IP mode file for STMicroelectronics.X-CUBE-TOUCHGFX.4.24.1
2025-03-13 15:27:09,182 [WARN] PackLoader:240 - Cannot read IP mode file for wolfSSL.I-CUBE-wolfTPM.3.4.0
2025-03-13 15:27:09,203 [WARN] PackLoader:240 - Cannot read IP mode file for portGmbH.I-Cube-SoM-uGOAL.1.1.0
2025-03-13 15:27:09,222 [WARN] PackLoader:240 - Cannot read IP mode file for STMicroelectronics.X-CUBE-ALS.1.0.1
2025-03-13 15:27:09,253 [WARN] PackLoader:240 - Cannot read IP mode file for STMicroelectronics.X-CUBE-AZRTOS-WB.1.1.0
2025-03-13 15:27:09,287 [WARN] PackLoader:240 - Cannot read IP mode file for STMicroelectronics.X-CUBE-AZRTOS-H7RS.1.0.0
2025-03-13 15:27:09,305 [WARN] PackLoader:240 - Cannot read IP mode file for STMicroelectronics.FP-ATR-ASTRA1.2.0.0
2025-03-13 15:27:09,324 [ERROR] Engine:466 - C:\Users\msi1\.stm32cubemx\thirdparties\pdsc\STMicroelectronics.X-CUBE-TOF1.3.4.2.pdsc: PDSC version is not supported
2025-03-13 15:27:09,347 [WARN] PackLoader:240 - Cannot read IP mode file for STMicroelectronics.X-CUBE-TOF1.3.4.0
2025-03-13 15:27:09,383 [WARN] PackLoader:240 - Cannot read IP mode file for STMicroelectronics.X-CUBE-TOF1.3.4.1
2025-03-13 15:27:09,416 [WARN] PackLoader:240 - Cannot read IP mode file for STMicroelectronics.X-CUBE-AZRTOS-H7.3.2.0
2025-03-13 15:27:09,431 [WARN] PackLoader:240 - Cannot read IP mode file for wolfSSL.I-CUBE-wolfSSH.1.4.17
2025-03-13 15:27:09,431 [INFO] ThirdParty:978 - Integrity check success = true
2025-03-13 15:27:09,431 [INFO] IntegrityCheckThread:100 - exiting critical section [integrity check]
2025-03-13 15:27:09,431 [INFO] IntegrityCheckThread:103 - End integrity checks thread
2025-03-13 15:27:24,004 [ERROR] LogOutputStream:75 - [STDERR_REDIRECT] SLF4J: Failed to load class "org.slf4j.impl.StaticLoggerBinder".
2025-03-13 15:27:24,004 [ERROR] LogOutputStream:75 - [STDERR_REDIRECT] SLF4J: Defaulting to no-operation (NOP) logger implementation
2025-03-13 15:27:24,005 [ERROR] LogOutputStream:75 - [STDERR_REDIRECT] SLF4J: See http://www.slf4j.org/codes.html#StaticLoggerBinder for further details.
2025-03-13 15:31:46,644 [INFO] McuFinderGlobals:63 - Set McuFinder mode to 2 (CubeIDE integrated)
2025-03-13 15:31:46,669 [INFO] MainUpdater:2868 - connection check result : 10
2025-03-13 15:31:46,676 [INFO] MainUpdater:2868 - connection check result : 10
2025-03-13 15:31:46,881 [INFO] MicroXplorer:468 - Change Database Path : 
2025-03-13 15:31:46,881 [INFO] MicroXplorer:498 - Change Database Version : DB.6.0.90
2025-03-13 15:31:46,884 [WARN] ThirdParty:871 - waiting for thirdparty lock release [close project]
2025-03-13 15:31:46,884 [INFO] ThirdParty:873 - entering critical section [close project]
2025-03-13 15:31:46,884 [INFO] ThirdParty:883 - exiting critical section [close project]
2025-03-13 15:31:46,887 [INFO] PinOutPanel:1499 - setPackage(No Configuration,No Configuration)
2025-03-13 15:31:46,891 [INFO] UtilMem:75 - Begin LoadConfig() Used Memory: 835376960 Bytes (1073741824)
2025-03-13 15:31:46,892 [INFO] MicroXplorer:468 - Change Database Path : 
2025-03-13 15:31:46,892 [INFO] MicroXplorer:498 - Change Database Version : DB.6.0.90
2025-03-13 15:31:46,893 [INFO] OpenFileManager:308 - Change cursor
2025-03-13 15:31:46,943 [INFO] Mcu:1946 - Initializing MCU STM32F303V(B-C)Tx STM32F303VCTx STM32F303VCT6
2025-03-13 15:31:49,151 [INFO] Context:659 - Trying to add GPIOservice into a context  which must be forbidden
2025-03-13 15:31:49,899 [INFO] RtosManager:555 - Registered RTOS mode: class=CMSIS, group=RTOS, mode=CMSIS_V1, owner=FREERTOS
2025-03-13 15:31:49,899 [INFO] RtosManager:555 - Registered RTOS mode: class=CMSIS, group=RTOS2, mode=CMSIS_V2, owner=FREERTOS
2025-03-13 15:31:49,899 [INFO] RtosManager:555 - Registered RTOS mode: class=RTOS, group=Core, mode=CMSIS_V1, owner=FREERTOS
2025-03-13 15:31:49,899 [INFO] RtosManager:555 - Registered RTOS mode: class=RTOS, group=Core, mode=CMSIS_V2, owner=FREERTOS
2025-03-13 15:31:49,900 [WARN] ModelIntegratedComponent:184 - Missing modes for component STMicroelectronics:FreeRTOS:0.0.1:STMicroelectronics:RTOS:FreeRTOS:Core:::10.2.0:
2025-03-13 15:31:49,906 [WARN] ModelIntegratedComponent:63 - No mode defined for component null
2025-03-13 15:31:49,906 [WARN] ModelIntegratedComponent:63 - No mode defined for component null
2025-03-13 15:31:49,906 [WARN] ModelIntegratedComponent:63 - No mode defined for component null
2025-03-13 15:31:49,906 [WARN] ModelIntegratedComponent:63 - No mode defined for component null
2025-03-13 15:31:49,906 [WARN] ModelIntegratedComponent:63 - No mode defined for component null
2025-03-13 15:31:49,906 [WARN] ModelIntegratedComponent:63 - No mode defined for component null
2025-03-13 15:31:49,906 [WARN] ModelIntegratedComponent:63 - No mode defined for component null
2025-03-13 15:31:49,906 [WARN] ModelIntegratedComponent:63 - No mode defined for component null
2025-03-13 15:31:49,906 [WARN] ModelIntegratedComponent:63 - No mode defined for component null
2025-03-13 15:31:49,906 [WARN] ModelIntegratedComponent:63 - No mode defined for component null
2025-03-13 15:31:49,907 [WARN] ModelIntegratedComponent:63 - No mode defined for component null
2025-03-13 15:31:49,907 [WARN] ModelIntegratedComponent:63 - No mode defined for component null
2025-03-13 15:31:49,907 [WARN] ModelIntegratedComponent:63 - No mode defined for component null
2025-03-13 15:31:49,907 [WARN] ModelIntegratedComponent:63 - No mode defined for component null
2025-03-13 15:31:49,907 [WARN] ModelIntegratedComponent:63 - No mode defined for component null
2025-03-13 15:31:49,907 [WARN] ModelIntegratedComponent:63 - No mode defined for component null
2025-03-13 15:31:49,907 [WARN] ModelIntegratedComponent:63 - No mode defined for component null
2025-03-13 15:31:49,907 [WARN] ModelIntegratedComponent:63 - No mode defined for component null
2025-03-13 15:31:49,907 [WARN] ModelIntegratedComponent:63 - No mode defined for component null
2025-03-13 15:31:49,907 [WARN] ModelIntegratedComponent:63 - No mode defined for component null
2025-03-13 15:31:49,907 [WARN] ModelIntegratedComponent:63 - No mode defined for component null
2025-03-13 15:31:49,907 [WARN] ModelIntegratedComponent:63 - No mode defined for component null
2025-03-13 15:31:49,907 [WARN] ModelIntegratedComponent:63 - No mode defined for component null
2025-03-13 15:31:49,907 [WARN] ModelIntegratedComponent:63 - No mode defined for component null
2025-03-13 15:31:49,907 [WARN] ModelIntegratedComponent:63 - No mode defined for component null
2025-03-13 15:31:49,907 [WARN] ModelIntegratedComponent:63 - No mode defined for component null
2025-03-13 15:31:49,907 [WARN] ModelIntegratedComponent:63 - No mode defined for component null
2025-03-13 15:31:49,907 [WARN] ModelIntegratedComponent:63 - No mode defined for component null
2025-03-13 15:31:49,907 [WARN] ModelIntegratedComponent:63 - No mode defined for component null
2025-03-13 15:31:49,907 [WARN] ModelIntegratedComponent:63 - No mode defined for component null
2025-03-13 15:31:49,908 [WARN] ModelIntegratedComponent:63 - No mode defined for component null
2025-03-13 15:31:49,908 [WARN] ModelIntegratedComponent:63 - No mode defined for component null
2025-03-13 15:31:49,908 [WARN] ModelIntegratedComponent:63 - No mode defined for component null
2025-03-13 15:31:50,082 [INFO] ThirdPartyModel:298 - Start build external matchings
2025-03-13 15:31:51,811 [INFO] ThirdPartyModel:316 - End build external matchings
2025-03-13 15:31:51,842 [INFO] ImportTextPane:194 - (OptionalMessage_ERROR) IP (RCC) : Invalid parameter (FamilyName)
2025-03-13 15:31:51,844 [INFO] ImportTextPane:194 - (OptionalMessage_ERROR) IP (RCC) : Invalid parameter (TIM2Freq_Value)
2025-03-13 15:31:52,205 [INFO] UtilMem:75 - End LoadConfig() Used Memory: 802074192 Bytes (1073741824)
2025-03-13 15:31:52,379 [INFO] ApiDb:581 - Connected to CubeFinder SQLite database (C:\Users\msi1\.stmcufinder\plugins\mcufinder\mcu\cube-finder-db.db)
2025-03-13 15:31:52,467 [INFO] ApiDb:668 - CubeFinder database Data Model version=2.1
2025-03-13 15:31:52,468 [INFO] ApiDb:669 - CubeFinder database Configuration version=3.0.39
2025-03-13 15:31:52,468 [INFO] ApiDb:670 - CubeFinder database generation date=2025-02-18 (1739885696)
2025-03-13 15:31:52,468 [INFO] ApiDb:671 - CubeFinder database FW Pack versions=[FP-ATR-ASTRA1_V2.0.0, FP-SNS-FLIGHT1_V5.0.2, FP-SNS-MOTENV1_V5.0.0, FP-SNS-MOTENVWB1_V1.4.0, FP-SNS-SMARTAG2_V1.2.0, FP-SNS-STBOX1_V2.0.0, STM32Cube_FW_C0_V1.4.0, STM32Cube_FW_F4_V1.28.1, STM32Cube_FW_F7_V1.17.2, STM32Cube_FW_G0_V1.6.2, STM32Cube_FW_G4_V1.6.1, STM32Cube_FW_H5_V1.5.0, STM32Cube_FW_H7RS_V1.2.0, STM32Cube_FW_H7_V1.12.1, STM32Cube_FW_L0_V1.12.2, STM32Cube_FW_L4_V1.18.1, STM32Cube_FW_L5_V1.5.1, STM32Cube_FW_N6_V1.1.0, STM32Cube_FW_U0_V1.2.0, STM32Cube_FW_U3_V1.1.0, STM32Cube_FW_U5_V1.7.0, STM32Cube_FW_WB0_V1.2.0, STM32Cube_FW_WBA_V1.6.0, STM32Cube_FW_WB_V1.22.0, STM32Cube_FW_WL3_V1.1.0, STM32Cube_FW_WL_V1.3.1, X-CUBE-ALGOBUILD_V1.4.0, X-CUBE-ALS_V1.0.2, X-CUBE-AZRTOS-F4_V1.1.0, X-CUBE-AZRTOS-F7_V1.1.0, X-CUBE-AZRTOS-G0_V1.1.0, X-CUBE-AZRTOS-G4_V2.0.0, X-CUBE-AZRTOS-H7RS_V1.0.0, X-CUBE-AZRTOS-H7_V3.3.0, X-CUBE-AZRTOS-L4_V2.0.0, X-CUBE-AZRTOS-L5_V2.0.0, X-CUBE-AZRTOS-WB_V2.0.0, X-CUBE-AZRTOS-WL_V2.0.0, X-CUBE-BLE1_V7.0.0, X-CUBE-BLE2_V3.3.0, X-CUBE-BLEMGR_V4.0.0, X-CUBE-EEPRMA1_V5.1.0, X-CUBE-FREERTOS_V1.3.0, X-CUBE-GNSS1_V6.0.0, X-CUBE-MEMS1_V11.1.0, X-CUBE-NFC4_V3.0.0, X-CUBE-NFC7_V1.0.1, X-CUBE-SFXS2LP1_V4.0.0, X-CUBE-SUBG2_V5.0.0, X-CUBE-TOF1_V3.4.2]
2025-03-13 15:31:55,044 [INFO] ApiDb:240 - Found 323 in-development CPN: [B-G473E-ZEST1S, B-WB1M-WPAN1, B-WL5M-SUBG1, NUCLEO-C031C6, NUCLEO-H503RB, NUCLEO-H563ZI, NUCLEO-U545RE-Q, NUCLEO-U5A5ZJ-Q, NUCLEO-WBA52CG, STEVAL-PROTEUS1, STEVAL-SMARTAG2, STEVAL-STWINBX1, STM320518-EVAL, STM32C0116-DK, STM32C011D6Y3TR, STM32C011D6Y6TR, STM32C011F4P3, STM32C011F4P6, STM32C011F4U3, STM32C011F4U6TR, STM32C011F6P3, STM32C011F6P6, STM32C011F6U3, STM32C011F6U6TR, STM32C011J4M3, STM32C011J4M6, STM32C011J6M3, STM32C011J6M6, STM32C0316-DK, STM32C031C4T3, STM32C031C4T6, STM32C031C4U3, STM32C031C4U6, STM32C031C6T3, STM32C031C6T6, STM32C031C6U3, STM32C031C6U6, STM32C031F4P3, STM32C031F4P6, STM32C031F6P3, STM32C031F6P6, STM32C031G4U3, STM32C031G4U6, STM32C031G6U3, STM32C031G6U6, STM32C031K4T3, STM32C031K4T6, STM32C031K4U3, STM32C031K4U6, STM32C031K6T3, STM32C031K6T6, STM32C031K6U3, STM32C031K6U6, STM32G071K8TXN, STM32G071K8UXN, STM32G081GBU6N, STM32G081KBT6N, STM32G081KBUXN, STM32G0B1CCT6N, STM32G0B1KCT6, STM32G0B1NEY6TR, STM32G0B1RCT6N, STM32G0C1CCT6, STM32G0C1CCT6N, STM32G0C1CCU6N, STM32G0C1CET6N, STM32G0C1CEU6N, STM32G0C1KCT6, STM32G0C1NEY6TR, STM32G0C1RCI6N, STM32G0C1RCT6N, STM32G0C1REI6N, STM32G0C1RET6N, STM32G0C1VCI6, STM32G0C1VEI6, STM32G471CCT6, STM32G471CCU6, STM32G471CET3, STM32G471CET6, STM32G471CEU3, STM32G471CEU6, STM32G471MCT6, STM32G471MET3, STM32G471MET6, STM32G471MEY6TR, STM32G471QCT6, STM32G471QET3, STM32G471RCT6, STM32G471RET3, STM32G471RET6, STM32G471VCH6, STM32G471VCI6, STM32G471VCT6, STM32G471VEH3, STM32G471VEH6, STM32G471VEI3, STM32G471VEI6, STM32G471VET3, STM32G471VET6, STM32G474CCT6, STM32H503CBT6, STM32H503CBU6, STM32H503EBY6TR, STM32H503KBU6, STM32H503RBT6, STM32H562AGI6, STM32H562AII6, STM32H562IGK6, STM32H562IGT6, STM32H562IIK6, STM32H562IIT6, STM32H562RGT6, STM32H562RGV6, STM32H562RIT6, STM32H562RIV6, STM32H562VGT6, STM32H562VIT6, STM32H562ZGT6, STM32H562ZIT6, STM32H563AGI6, STM32H563AII3Q, STM32H563AII6, STM32H563IGK6, STM32H563IGT6, STM32H563IIK3Q, STM32H563IIK6, STM32H563IIT3Q, STM32H563IIT6, STM32H563MIY3QTR, STM32H563RGT6, STM32H563RGV6, STM32H563RIT6, STM32H563RIV6, STM32H563VGT6, STM32H563VIT3Q, STM32H563VIT6, STM32H563ZGT6, STM32H563ZIT3Q, STM32H563ZIT6, STM32H573AII3Q, STM32H573AII6, STM32H573I-DK, STM32H573IIK3Q, STM32H573IIK6, STM32H573IIT3Q, STM32H573IIT6, STM32H573MIY3QTR, STM32H573RIT6, STM32H573RIV6, STM32H573VIT3Q, STM32H573VIT6, STM32H573ZIT3Q, STM32H573ZIT6, STM32L4R5QGI6STR, STM32MP131AAE3, STM32MP131AAF3, STM32MP131AAG3, STM32MP131CAE3, STM32MP131CAF3, STM32MP131CAG3, STM32MP131DAE7, STM32MP131DAF7, STM32MP131DAG7, STM32MP131FAE7, STM32MP131FAF7, STM32MP131FAG7, STM32MP133AAE3, STM32MP133AAF3, STM32MP133AAG3, STM32MP133CAE3, STM32MP133CAF3, STM32MP133CAG3, STM32MP133DAE7, STM32MP133DAF7, STM32MP133DAG7, STM32MP133FAE7, STM32MP133FAF7, STM32MP133FAG7, STM32MP135AAE3, STM32MP135AAF3, STM32MP135AAG3, STM32MP135CAE3, STM32MP135CAF3, STM32MP135CAG3, STM32MP135DAE7, STM32MP135DAF7, STM32MP135DAG7, STM32MP135F-DK, STM32MP135FAE7, STM32MP135FAF7, STM32MP135FAF7T, STM32MP135FAF7U, STM32MP135FAG7, STM32U535CBT6, STM32U535CBT6Q, STM32U535CBU6, STM32U535CBU6Q, STM32U535CCT6, STM32U535CCT6Q, STM32U535CCU6, STM32U535CCU6Q, STM32U535CET6, STM32U535CET6Q, STM32U535CEU6, STM32U535CEU6Q, STM32U535JEY6QTR, STM32U535NCY6QTR, STM32U535NEY6QTR, STM32U535RBI6, STM32U535RBI6Q, STM32U535RBT6, STM32U535RBT6Q, STM32U535RCI6, STM32U535RCI6Q, STM32U535RCT6, STM32U535RCT6Q, STM32U535REI6, STM32U535REI6Q, STM32U535RET6, STM32U535RET6Q, STM32U535VCI6, STM32U535VCI6Q, STM32U535VCT6, STM32U535VCT6Q, STM32U535VEI6, STM32U535VEI6Q, STM32U535VET6, STM32U535VET6Q, STM32U545CET6, STM32U545CET6Q, STM32U545CEU6, STM32U545CEU6Q, STM32U545JEY6QTR, STM32U545NEY6QTR, STM32U545REI6, STM32U545REI6Q, STM32U545RET6, STM32U545RET6Q, STM32U545VEI6, STM32U545VEI6Q, STM32U545VET6, STM32U545VET6Q, STM32U595AIH6, STM32U595AIH6Q, STM32U595AJH6, STM32U595AJH6Q, STM32U595QII6, STM32U595QII6Q, STM32U595QJI6, STM32U595QJI6Q, STM32U595RIT6, STM32U595RIT6Q, STM32U595RJT6, STM32U595RJT6Q, STM32U595VIT6, STM32U595VIT6Q, STM32U595VJT6, STM32U595VJT6Q, STM32U595ZIT6, STM32U595ZIT6Q, STM32U595ZIY6QTR, STM32U595ZJT6, STM32U595ZJT6Q, STM32U595ZJY6QTR, STM32U599BJY6QTR, STM32U599NIH6Q, STM32U599NJH6Q, STM32U599VIT6Q, STM32U599VJT6, STM32U599VJT6Q, STM32U599ZIT6Q, STM32U599ZIY6QTR, STM32U599ZJT6Q, STM32U599ZJY6QTR, STM32U5A5AJH6, STM32U5A5AJH6Q, STM32U5A5QJI6, STM32U5A5QJI6Q, STM32U5A5RJT6, STM32U5A5RJT6Q, STM32U5A5VJT6, STM32U5A5VJT6Q, STM32U5A5ZJT6, STM32U5A5ZJT6Q, STM32U5A5ZJY6QTR, STM32U5A9BJY6QTR, STM32U5A9J-DK, STM32U5A9NJH6Q, STM32U5A9VJT6Q, STM32U5A9ZJT6Q, STM32U5A9ZJY6QTR, STM32U5F7VIT6, STM32U5F7VIT6Q, STM32U5F7VJT6, STM32U5F7VJT6Q, STM32U5F9BJY6QTR, STM32U5F9NJH6Q, STM32U5F9VIT6Q, STM32U5F9VJT6Q, STM32U5F9ZIJ6QTR, STM32U5F9ZIT6Q, STM32U5F9ZJJ6QTR, STM32U5F9ZJT6Q, STM32U5G7VJT6, STM32U5G7VJT6Q, STM32U5G9BJY6QTR, STM32U5G9J-DK1, STM32U5G9J-DK2, STM32U5G9NJH6Q, STM32U5G9VJT6Q, STM32U5G9ZJJ6QTR, STM32U5G9ZJT6Q, STM32WB1MMCH6, STM32WBA52CEU6, STM32WBA52CEU6T, STM32WBA52CGU6, STM32WBA52CGU6T, STM32WBA52KEU6, STM32WBA52KEU6T, STM32WBA52KGU6, STM32WBA52KGU6T, STM32WL5MOCH6, STM32WL5MOCH6TR]
2025-03-13 15:31:55,049 [INFO] DbMcus:217 - Found 4550 MCUs, 4550 are supported
2025-03-13 15:31:55,059 [INFO] ApiDb:423 - Load user favorites file C:\Users\msi1/.stm32cubeide/favorites.mcus.txt: 3 item(s)
2025-03-13 15:31:55,059 [INFO] ApiDb:427 - User favorites MCUs=[STM32F103CBT6, STM32F303VCT6, STM32F407VGT6]
2025-03-13 15:31:55,059 [INFO] DbMcus:223 - Set 3 / 3 favorites MCUs
2025-03-13 15:31:55,484 [WARN] ThirdParty:833 - waiting for thirdparty lock release [change project]
2025-03-13 15:31:55,484 [INFO] ThirdParty:835 - entering critical section [change project]
2025-03-13 15:31:55,484 [INFO] ThirdParty:1030 - CMSIS Pack Vendor :STMicroelectronics USBPD 4.1
2025-03-13 15:31:55,484 [INFO] ThirdParty:1030 - CMSIS Pack Vendor :STMicroelectronics X-CUBE-GNSS1 6.0.0
2025-03-13 15:31:55,484 [INFO] ThirdParty:1030 - CMSIS Pack Vendor :STMicroelectronics USB_HOST 2.0.0
2025-03-13 15:31:55,484 [INFO] ThirdParty:1030 - CMSIS Pack Vendor :STMicroelectronics FP-SNS-MOTENVWB1 1.4.0
2025-03-13 15:31:55,484 [INFO] ThirdParty:1030 - CMSIS Pack Vendor :STMicroelectronics X-CUBE-AZRTOS-F4 1.1.0
2025-03-13 15:31:55,485 [INFO] ThirdParty:1030 - CMSIS Pack Vendor :STMicroelectronics LIBJPEG 8.0.0
2025-03-13 15:31:55,485 [INFO] ThirdParty:1030 - CMSIS Pack Vendor :STMicroelectronics FP-ATR-ASTRA1 2.0.2
2025-03-13 15:31:55,485 [INFO] ThirdParty:1030 - CMSIS Pack Vendor :STMicroelectronics FP-ATR-ASTRA1 2.0.1
2025-03-13 15:31:55,485 [INFO] ThirdParty:1030 - CMSIS Pack Vendor :STMicroelectronics X-CUBE-SMBUS 2.1.0
2025-03-13 15:31:55,485 [INFO] ThirdParty:1030 - CMSIS Pack Vendor :STMicroelectronics X-CUBE-WB05N 1.1.0
2025-03-13 15:31:55,485 [INFO] ThirdParty:1030 - CMSIS Pack Vendor :wolfSSL I-CUBE-wolfSSL 5.6.0
2025-03-13 15:31:55,485 [INFO] ThirdParty:1030 - CMSIS Pack Vendor :STMicroelectronics X-CUBE-ISPU 2.1.0
2025-03-13 15:31:55,485 [INFO] ThirdParty:1030 - CMSIS Pack Vendor :STMicroelectronics X-CUBE-FREERTOS 1.2.0
2025-03-13 15:31:55,485 [INFO] ThirdParty:1030 - CMSIS Pack Vendor :STMicroelectronics X-CUBE-TOUCHGFX 4.23.0
2025-03-13 15:31:55,485 [INFO] ThirdParty:1030 - CMSIS Pack Vendor :STMicroelectronics X-CUBE-TOUCHGFX 4.23.2
2025-03-13 15:31:55,485 [INFO] ThirdParty:1030 - CMSIS Pack Vendor :STMicroelectronics X-CUBE-AZRTOS-F7 1.1.0
2025-03-13 15:31:55,485 [INFO] ThirdParty:1030 - CMSIS Pack Vendor :STMicroelectronics X-CUBE-AZRTOS-L5 2.0.0
2025-03-13 15:31:55,485 [INFO] ThirdParty:1030 - CMSIS Pack Vendor :STMicroelectronics USB_DEVICE 2.0.0
2025-03-13 15:31:55,485 [INFO] ThirdParty:1030 - CMSIS Pack Vendor :STMicroelectronics X-CUBE-MEMS1 9.6.0
2025-03-13 15:31:55,485 [INFO] ThirdParty:1030 - CMSIS Pack Vendor :STMicroelectronics X-CUBE-EEPRMA1 4.2.0
2025-03-13 15:31:55,485 [INFO] ThirdParty:1030 - CMSIS Pack Vendor :STMicroelectronics X-CUBE-NFC6 3.1.0
2025-03-13 15:31:55,485 [INFO] ThirdParty:1030 - CMSIS Pack Vendor :ITTIA_DB I-CUBE-ITTIADB 8.8.0
2025-03-13 15:31:55,485 [INFO] ThirdParty:1030 - CMSIS Pack Vendor :STMicroelectronics FP-SNS-MOTENV1 4.3.0
2025-03-13 15:31:55,485 [INFO] ThirdParty:1030 - CMSIS Pack Vendor :STMicroelectronics FP-SNS-MOTENV1 4.3.2
2025-03-13 15:31:55,485 [INFO] ThirdParty:1030 - CMSIS Pack Vendor :STMicroelectronics FP-SNS-FLIGHT1 5.0.0
2025-03-13 15:31:55,485 [INFO] ThirdParty:1030 - CMSIS Pack Vendor :STMicroelectronics X-CUBE-BLE1 6.2.4
2025-03-13 15:31:55,485 [INFO] ThirdParty:1030 - CMSIS Pack Vendor :STMicroelectronics FreeRTOS 0.0.1
2025-03-13 15:31:55,485 [INFO] ThirdParty:1030 - CMSIS Pack Vendor :emotas I-CUBE-CANOPEN 1.1.3
2025-03-13 15:31:55,485 [INFO] ThirdParty:1030 - CMSIS Pack Vendor :STMicroelectronics X-CUBE-BLEMGR 2.0.0
2025-03-13 15:31:55,485 [INFO] ThirdParty:1030 - CMSIS Pack Vendor :STMicroelectronics FP-SNS-FLIGHT1 5.0.2
2025-03-13 15:31:55,485 [INFO] ThirdParty:1030 - CMSIS Pack Vendor :STMicroelectronics X-CUBE-AI 9.0.0
2025-03-13 15:31:55,485 [INFO] ThirdParty:1030 - CMSIS Pack Vendor :STMicroelectronics X-CUBE-AZRTOS-H7 3.1.0
2025-03-13 15:31:55,486 [INFO] ThirdParty:1030 - CMSIS Pack Vendor :STMicroelectronics PDM2PCM 3.3.0
2025-03-13 15:31:55,486 [INFO] ThirdParty:1030 - CMSIS Pack Vendor :STMicroelectronics X-CUBE-DISPLAY 3.0.0
2025-03-13 15:31:55,486 [INFO] ThirdParty:1030 - CMSIS Pack Vendor :STMicroelectronics X-CUBE-BLE1 7.0.0
2025-03-13 15:31:55,486 [INFO] ThirdParty:1030 - CMSIS Pack Vendor :STMicroelectronics X-CUBE-NFC10 1.0.0
2025-03-13 15:31:55,486 [INFO] ThirdParty:1030 - CMSIS Pack Vendor :STMicroelectronics HAL Drivers 0.0.0
2025-03-13 15:31:55,486 [INFO] ThirdParty:1030 - CMSIS Pack Vendor :emotas I-CUBE-CANOPEN 1.3.0
2025-03-13 15:31:55,486 [INFO] ThirdParty:1030 - CMSIS Pack Vendor :STMicroelectronics X-CUBE-FREERTOS 1.3.0
2025-03-13 15:31:55,486 [INFO] ThirdParty:1030 - CMSIS Pack Vendor :STMicroelectronics X-CUBE-TOUCHGFX 4.22.0
2025-03-13 15:31:55,486 [INFO] ThirdParty:1030 - CMSIS Pack Vendor :STMicroelectronics X-CUBE-NFC7 1.0.1
2025-03-13 15:31:55,486 [INFO] ThirdParty:1030 - CMSIS Pack Vendor :STMicroelectronics MBEDTLS 2.14.1
2025-03-13 15:31:55,486 [INFO] ThirdParty:1030 - CMSIS Pack Vendor :STMicroelectronics X-CUBE-NFC7 1.0.0
2025-03-13 15:31:55,486 [INFO] ThirdParty:1030 - CMSIS Pack Vendor :STMicroelectronics X-CUBE-TOUCHGFX 4.22.1
2025-03-13 15:31:55,486 [INFO] ThirdParty:1030 - CMSIS Pack Vendor :wolfSSL I-CUBE-wolfTPM 3.2.0
2025-03-13 15:31:55,486 [INFO] ThirdParty:1030 - CMSIS Pack Vendor :STMicroelectronics X-CUBE-NFC6 3.0.0
2025-03-13 15:31:55,486 [INFO] ThirdParty:1030 - CMSIS Pack Vendor :STMicroelectronics X-CUBE-EEPRMA1 4.1.0
2025-03-13 15:31:55,486 [INFO] ThirdParty:1030 - CMSIS Pack Vendor :STMicroelectronics X-CUBE-BLEMGR 3.1.0
2025-03-13 15:31:55,486 [INFO] ThirdParty:1030 - CMSIS Pack Vendor :STMicroelectronics X-CUBE-AI 10.0.0
2025-03-13 15:31:55,486 [INFO] ThirdParty:1030 - CMSIS Pack Vendor :STMicroelectronics FP-SNS-SMARTAG2 1.2.0
2025-03-13 15:31:55,486 [INFO] ThirdParty:1030 - CMSIS Pack Vendor :STMicroelectronics X-CUBE-MEMS1 11.1.0
2025-03-13 15:31:55,486 [INFO] ThirdParty:1030 - CMSIS Pack Vendor :STMicroelectronics X-CUBE-AZRTOS-WL 2.0.0
2025-03-13 15:31:55,486 [INFO] ThirdParty:1030 - CMSIS Pack Vendor :STMicroelectronics FP-SNS-MOTENV1 5.0.0
2025-03-13 15:31:55,486 [INFO] ThirdParty:1030 - CMSIS Pack Vendor :STMicroelectronics USB_DEVICE 1.0.0
2025-03-13 15:31:55,486 [INFO] ThirdParty:1030 - CMSIS Pack Vendor :STMicroelectronics X-CUBE-AI 8.1.0
2025-03-13 15:31:55,486 [INFO] ThirdParty:1030 - CMSIS Pack Vendor :wolfSSL I-CUBE-wolfMQTT 1.19.0
2025-03-13 15:31:55,486 [INFO] ThirdParty:1030 - CMSIS Pack Vendor :STMicroelectronics X-CUBE-AZRTOS-L4 2.0.0
2025-03-13 15:31:55,487 [INFO] ThirdParty:1030 - CMSIS Pack Vendor :STMicroelectronics ThreadX 0.0.2
2025-03-13 15:31:55,487 [INFO] ThirdParty:1030 - CMSIS Pack Vendor :WES I-CUBE-Cesium 1.3.0
2025-03-13 15:31:55,487 [INFO] ThirdParty:1030 - CMSIS Pack Vendor :STMicroelectronics lwIP 2.1.2
2025-03-13 15:31:55,487 [INFO] ThirdParty:1030 - CMSIS Pack Vendor :STMicroelectronics X-CUBE-SFXS2LP1 4.0.0
2025-03-13 15:31:55,487 [INFO] ThirdParty:1030 - CMSIS Pack Vendor :STMicroelectronics X-CUBE-BLE2 3.3.0
2025-03-13 15:31:55,487 [INFO] ThirdParty:1030 - CMSIS Pack Vendor :STMicroelectronics PDM2PCM 3.2.0
2025-03-13 15:31:55,487 [INFO] ThirdParty:1030 - CMSIS Pack Vendor :STMicroelectronics X-CUBE-ISPU 1.1.0
2025-03-13 15:31:55,487 [INFO] ThirdParty:1030 - CMSIS Pack Vendor :STMicroelectronics X-CUBE-AZRTOS-H7 3.3.0
2025-03-13 15:31:55,487 [INFO] ThirdParty:1030 - CMSIS Pack Vendor :STMicroelectronics X-CUBE-NFC9 1.0.0
2025-03-13 15:31:55,487 [INFO] ThirdParty:1030 - CMSIS Pack Vendor :STMicroelectronics X-CUBE-BLE1 7.1.0
2025-03-13 15:31:55,487 [INFO] ThirdParty:1030 - CMSIS Pack Vendor :STMicroelectronics USB_DEVICE 3.0.0
2025-03-13 15:31:55,487 [INFO] ThirdParty:1030 - CMSIS Pack Vendor :STMicroelectronics X-CUBE-TCPP 4.1.0
2025-03-13 15:31:55,487 [INFO] ThirdParty:1030 - CMSIS Pack Vendor :STMicroelectronics X-CUBE-AZRTOS-WB 2.0.0
2025-03-13 15:31:55,487 [INFO] ThirdParty:1030 - CMSIS Pack Vendor :STMicroelectronics X-CUBE-FREERTOS 1.0.1
2025-03-13 15:31:55,487 [INFO] ThirdParty:1030 - CMSIS Pack Vendor :STMicroelectronics X-CUBE-GNSS1 7.0.1
2025-03-13 15:31:55,487 [INFO] ThirdParty:1030 - CMSIS Pack Vendor :STMicroelectronics X-CUBE-TOUCHGFX 4.21.4
2025-03-13 15:31:55,487 [INFO] ThirdParty:1030 - CMSIS Pack Vendor :STMicroelectronics X-CUBE-TOUCHGFX 4.25.0
2025-03-13 15:31:55,487 [INFO] ThirdParty:1030 - CMSIS Pack Vendor :STMicroelectronics X-CUBE-ALGOBUILD 1.3.0
2025-03-13 15:31:55,487 [INFO] ThirdParty:1030 - CMSIS Pack Vendor :STMicroelectronics X-CUBE-AZRTOS-L5 1.1.0
2025-03-13 15:31:55,487 [INFO] ThirdParty:1030 - CMSIS Pack Vendor :STMicroelectronics X-CUBE-AZRTOS-G0 1.1.0
2025-03-13 15:31:55,487 [INFO] ThirdParty:1030 - CMSIS Pack Vendor :STMicroelectronics X-CUBE-AI 8.0.1
2025-03-13 15:31:55,487 [INFO] ThirdParty:1030 - CMSIS Pack Vendor :STMicroelectronics X-CUBE-SAFEA1 1.2.2
2025-03-13 15:31:55,487 [INFO] ThirdParty:1030 - CMSIS Pack Vendor :STMicroelectronics X-CUBE-NFC4 3.0.0
2025-03-13 15:31:55,488 [INFO] ThirdParty:1030 - CMSIS Pack Vendor :STMicroelectronics X-CUBE-SUBG2 5.0.0
2025-03-13 15:31:55,488 [INFO] ThirdParty:1030 - CMSIS Pack Vendor :STMicroelectronics STM32_WPAN 1.0.0
2025-03-13 15:31:55,488 [INFO] ThirdParty:1030 - CMSIS Pack Vendor :wolfSSL I-CUBE-wolfMQTT 1.18.0
2025-03-13 15:31:55,488 [INFO] ThirdParty:1030 - CMSIS Pack Vendor :STMicroelectronics lwIP 2.0.3
2025-03-13 15:31:55,488 [INFO] ThirdParty:1030 - CMSIS Pack Vendor :Cesanta I-CUBE-Mongoose 7.13.0
2025-03-13 15:31:55,488 [INFO] ThirdParty:1030 - CMSIS Pack Vendor :STMicroelectronics USB_HOST 1.0.0
2025-03-13 15:31:55,488 [INFO] ThirdParty:1030 - CMSIS Pack Vendor :STMicroelectronics X-CUBE-TOF1 3.3.1
2025-03-13 15:31:55,488 [INFO] ThirdParty:1030 - CMSIS Pack Vendor :STMicroelectronics X-CUBE-AZRTOS-G4 2.0.0
2025-03-13 15:31:55,488 [INFO] ThirdParty:1030 - CMSIS Pack Vendor :STMicroelectronics PDM2PCM 3.1.0
2025-03-13 15:31:55,488 [INFO] ThirdParty:1030 - CMSIS Pack Vendor :STMicroelectronics X-CUBE-TOF1 3.3.0
2025-03-13 15:31:55,488 [INFO] ThirdParty:1030 - CMSIS Pack Vendor :Infineon AIROC-Wi-Fi-Bluetooth-STM32 1.5.1
2025-03-13 15:31:55,488 [INFO] ThirdParty:1030 - CMSIS Pack Vendor :STMicroelectronics X-CUBE-BLEMGR 3.0.0
2025-03-13 15:31:55,488 [INFO] ThirdParty:1030 - CMSIS Pack Vendor :STMicroelectronics FP-SNS-MOTENVWB1 1.3.0
2025-03-13 15:31:55,488 [INFO] ThirdParty:1030 - CMSIS Pack Vendor :STMicroelectronics FP-SNS-MOTENVWB1 1.3.1
2025-03-13 15:31:55,488 [INFO] ThirdParty:1030 - CMSIS Pack Vendor :STMicroelectronics FP-ATR-SIGFOX1 3.2.0
2025-03-13 15:31:55,488 [INFO] ThirdParty:1030 - CMSIS Pack Vendor :STMicroelectronics X-CUBE-AZRTOS-L4 1.0.0
2025-03-13 15:31:55,488 [INFO] ThirdParty:1030 - CMSIS Pack Vendor :STMicroelectronics X-CUBE-ISPU 2.0.0
2025-03-13 15:31:55,488 [INFO] ThirdParty:1030 - CMSIS Pack Vendor :STMicroelectronics X-CUBE-EEPRMA1 5.1.0
2025-03-13 15:31:55,488 [INFO] ThirdParty:1030 - CMSIS Pack Vendor :STMicroelectronics MBEDTLS 2.16.2
2025-03-13 15:31:55,488 [INFO] ThirdParty:1030 - CMSIS Pack Vendor :STMicroelectronics X-CUBE-ALS 1.0.2
2025-03-13 15:31:55,488 [INFO] ThirdParty:1030 - CMSIS Pack Vendor :STMicroelectronics X-CUBE-MEMS1 10.0.0
2025-03-13 15:31:55,488 [INFO] ThirdParty:1030 - CMSIS Pack Vendor :STMicroelectronics X-CUBE-FREERTOS 1.1.0
2025-03-13 15:31:55,489 [INFO] ThirdParty:1030 - CMSIS Pack Vendor :wolfSSL I-CUBE-wolfSSL 5.7.6
2025-03-13 15:31:55,489 [INFO] ThirdParty:1030 - CMSIS Pack Vendor :STMicroelectronics X-CUBE-TOUCHGFX 4.24.0
2025-03-13 15:31:55,489 [INFO] ThirdParty:1030 - CMSIS Pack Vendor :ITTIA_DB I-CUBE-ITTIADB 8.9.0
2025-03-13 15:31:55,489 [INFO] ThirdParty:1030 - CMSIS Pack Vendor :STMicroelectronics X-CUBE-TOUCHGFX 4.24.2
2025-03-13 15:31:55,489 [INFO] ThirdParty:1030 - CMSIS Pack Vendor :STMicroelectronics X-CUBE-AZRTOS-WL 1.0.0
2025-03-13 15:31:55,489 [INFO] ThirdParty:1030 - CMSIS Pack Vendor :STMicroelectronics X-CUBE-TOUCHGFX 4.24.1
2025-03-13 15:31:55,489 [INFO] ThirdParty:1030 - CMSIS Pack Vendor :wolfSSL I-CUBE-wolfTPM 3.4.0
2025-03-13 15:31:55,489 [INFO] ThirdParty:1030 - CMSIS Pack Vendor :portGmbH I-Cube-SoM-uGOAL 1.1.0
2025-03-13 15:31:55,489 [INFO] ThirdParty:1030 - CMSIS Pack Vendor :STMicroelectronics X-CUBE-ALS 1.0.1
2025-03-13 15:31:55,489 [INFO] ThirdParty:1030 - CMSIS Pack Vendor :STMicroelectronics ThreadX 1.0.0
2025-03-13 15:31:55,489 [INFO] ThirdParty:1030 - CMSIS Pack Vendor :STMicroelectronics X-CUBE-AZRTOS-WB 1.1.0
2025-03-13 15:31:55,489 [INFO] ThirdParty:1030 - CMSIS Pack Vendor :SEGGER I-CUBE-embOS 1.3.1
2025-03-13 15:31:55,489 [INFO] ThirdParty:1030 - CMSIS Pack Vendor :STMicroelectronics X-CUBE-ALGOBUILD 1.4.0
2025-03-13 15:31:55,489 [INFO] ThirdParty:1030 - CMSIS Pack Vendor :STMicroelectronics X-CUBE-AZRTOS-H7RS 1.0.0
2025-03-13 15:31:55,489 [INFO] ThirdParty:1030 - CMSIS Pack Vendor :STMicroelectronics FP-ATR-ASTRA1 2.0.0
2025-03-13 15:31:55,489 [INFO] ThirdParty:1030 - CMSIS Pack Vendor :STMicroelectronics X-CUBE-AI 9.1.0
2025-03-13 15:31:55,490 [INFO] ThirdParty:1030 - CMSIS Pack Vendor :STMicroelectronics X-CUBE-TOF1 3.4.0
2025-03-13 15:31:55,490 [INFO] ThirdParty:1030 - CMSIS Pack Vendor :STMicroelectronics X-CUBE-TOF1 3.4.1
2025-03-13 15:31:55,490 [INFO] ThirdParty:1030 - CMSIS Pack Vendor :STMicroelectronics X-CUBE-AZRTOS-H7 3.2.0
2025-03-13 15:31:55,490 [INFO] ThirdParty:1030 - CMSIS Pack Vendor :wolfSSL I-CUBE-wolfSSH 1.4.17
2025-03-13 15:31:55,490 [INFO] ThirdParty:841 - exiting critical section [change project]
2025-03-13 15:31:55,948 [INFO] PinOutPanel:1499 - setPackage(No Configuration,No Configuration)
2025-03-13 15:31:55,949 [INFO] PinOutPanel:1499 - setPackage(STM32F303VCTx,LQFP100)
2025-03-13 15:31:56,471 [INFO] UtilMem:75 - Before build in PCC Used Memory: 863954656 Bytes (1073741824)
2025-03-13 15:31:57,314 [INFO] UtilMem:75 - After build in PCC Used Memory: 653616904 Bytes (1073741824)
2025-03-13 15:31:57,362 [INFO] IPUIPlugin:80 - create IPUIPlugin
2025-03-13 15:31:57,362 [INFO] IPUIPlugin:80 - create IPUIPlugin
2025-03-13 15:31:57,362 [INFO] IPUIPlugin:80 - create IPUIPlugin
2025-03-13 15:31:57,362 [INFO] IPUIPlugin:80 - create IPUIPlugin
2025-03-13 15:31:57,362 [INFO] IPUIPlugin:80 - create IPUIPlugin
2025-03-13 15:31:57,362 [INFO] IPUIPlugin:80 - create IPUIPlugin
2025-03-13 15:31:57,362 [INFO] IPUIPlugin:80 - create IPUIPlugin
2025-03-13 15:31:57,362 [INFO] IPUIPlugin:80 - create IPUIPlugin
2025-03-13 15:31:57,362 [INFO] IPUIPlugin:80 - create IPUIPlugin
2025-03-13 15:31:57,362 [INFO] IPUIPlugin:80 - create IPUIPlugin
2025-03-13 15:31:57,362 [INFO] IPUIPlugin:80 - create IPUIPlugin
2025-03-13 15:31:57,363 [INFO] IPUIPlugin:80 - create IPUIPlugin
2025-03-13 15:31:57,363 [INFO] IPUIPlugin:80 - create IPUIPlugin
2025-03-13 15:31:57,363 [INFO] IPUIPlugin:80 - create IPUIPlugin
2025-03-13 15:31:57,363 [INFO] IPUIPlugin:80 - create IPUIPlugin
2025-03-13 15:31:57,363 [INFO] IPUIPlugin:80 - create IPUIPlugin
2025-03-13 15:31:57,363 [INFO] IPUIPlugin:80 - create IPUIPlugin
2025-03-13 15:31:57,363 [INFO] IPUIPlugin:80 - create IPUIPlugin
2025-03-13 15:31:57,363 [INFO] IPUIPlugin:80 - create IPUIPlugin
2025-03-13 15:31:57,363 [INFO] IPUIPlugin:80 - create IPUIPlugin
2025-03-13 15:31:57,363 [INFO] IPUIPlugin:80 - create IPUIPlugin
2025-03-13 15:31:57,364 [INFO] IPUIPlugin:80 - create IPUIPlugin
2025-03-13 15:31:57,364 [INFO] IPUIPlugin:80 - create IPUIPlugin
2025-03-13 15:31:57,364 [INFO] IPUIPlugin:80 - create IPUIPlugin
2025-03-13 15:31:57,364 [INFO] IPUIPlugin:80 - create IPUIPlugin
2025-03-13 15:31:57,364 [INFO] IPUIPlugin:80 - create IPUIPlugin
2025-03-13 15:31:57,364 [INFO] IPUIPlugin:80 - create IPUIPlugin
2025-03-13 15:31:57,364 [INFO] IPUIPlugin:80 - create IPUIPlugin
2025-03-13 15:31:57,365 [INFO] IPUIPlugin:80 - create IPUIPlugin
2025-03-13 15:31:57,365 [INFO] IPUIPlugin:80 - create IPUIPlugin
2025-03-13 15:31:57,365 [INFO] IPUIPlugin:80 - create IPUIPlugin
2025-03-13 15:31:57,365 [INFO] IPUIPlugin:80 - create IPUIPlugin
2025-03-13 15:31:57,365 [INFO] IPUIPlugin:80 - create IPUIPlugin
2025-03-13 15:31:57,365 [INFO] IPUIPlugin:80 - create IPUIPlugin
2025-03-13 15:31:57,366 [INFO] IPUIPlugin:80 - create IPUIPlugin
2025-03-13 15:31:57,366 [INFO] IPUIPlugin:80 - create IPUIPlugin
2025-03-13 15:31:57,366 [INFO] IPUIPlugin:80 - create IPUIPlugin
2025-03-13 15:31:57,366 [INFO] IPUIPlugin:80 - create IPUIPlugin
2025-03-13 15:31:57,367 [INFO] IPUIPlugin:80 - create IPUIPlugin
2025-03-13 15:31:57,367 [INFO] IPUIPlugin:80 - create IPUIPlugin
2025-03-13 15:31:57,367 [INFO] IPUIPlugin:80 - create IPUIPlugin
2025-03-13 15:31:57,367 [INFO] IPUIPlugin:80 - create IPUIPlugin
2025-03-13 15:31:57,367 [INFO] IPUIPlugin:80 - create IPUIPlugin
2025-03-13 15:31:57,368 [INFO] IPUIPlugin:80 - create IPUIPlugin
2025-03-13 15:31:57,368 [INFO] IPUIPlugin:80 - create IPUIPlugin
2025-03-13 15:31:57,368 [INFO] IPUIPlugin:80 - create IPUIPlugin
2025-03-13 15:31:57,368 [INFO] IPUIPlugin:80 - create IPUIPlugin
2025-03-13 15:31:57,369 [INFO] IPUIPlugin:80 - create IPUIPlugin
2025-03-13 15:31:57,369 [INFO] IPUIPlugin:80 - create IPUIPlugin
2025-03-13 15:31:57,369 [INFO] IPUIPlugin:80 - create IPUIPlugin
2025-03-13 15:31:57,369 [INFO] IPUIPlugin:80 - create IPUIPlugin
2025-03-13 15:31:57,370 [INFO] IPUIPlugin:80 - create IPUIPlugin
2025-03-13 15:31:57,370 [INFO] IPUIPlugin:80 - create IPUIPlugin
2025-03-13 15:31:57,370 [INFO] IPUIPlugin:80 - create IPUIPlugin
2025-03-13 15:31:57,370 [INFO] IPUIPlugin:80 - create IPUIPlugin
2025-03-13 15:31:57,597 [INFO] CADModel:165 - CPN selected for project levelSTM32F303VCT6
2025-03-13 15:31:57,597 [INFO] CADModel:114 - Register for checkConnection events
2025-03-13 15:31:57,651 [INFO] OpenFileManager:328 - Restore cursor
2025-03-13 15:33:18,905 [INFO] UtilMem:75 - End SaveConfig() Used Memory: 905141312 Bytes (1073741824)
2025-03-13 15:33:19,546 [INFO] BlockDiagram:2759 - set Specific Code input for plugin: SYS
2025-03-13 15:33:19,546 [INFO] BlockDiagram:2759 - set Specific Code input for plugin: RCC
2025-03-13 15:33:19,546 [INFO] BlockDiagram:2759 - set Specific Code input for plugin: NVIC
2025-03-13 15:33:19,546 [INFO] BlockDiagram:2759 - set Specific Code input for plugin: USART
2025-03-13 15:33:19,547 [INFO] BlockDiagram:2759 - set Specific Code input for plugin: GPIO
2025-03-13 15:33:19,549 [INFO] CodeGenerator:799 - code generatio: config db path: D:\ITC\STM32\STM32CubeIDE_1.13.0\STM32CubeIDE\plugins\com.st.stm32cube.common.mx_6.9.0.202307051724\\db\
2025-03-13 15:33:20,012 [INFO] CodeEngine:255 - oldGeneratedFile, D:\AIFARM\STM32_GREENB\stm32f303_soil_sensor\MXTmpFiles\license.tmp_save
2025-03-13 15:33:20,419 [INFO] CodeEngine:279 - Generated code: D:\AIFARM\STM32_GREENB\stm32f303_soil_sensor\MXTmpFiles\license.tmp
2025-03-13 15:33:20,626 [INFO] CodeEngine:255 - oldGeneratedFile, D:\AIFARM\STM32_GREENB\stm32f303_soil_sensor\MXTmpFiles\gpio.tmp_save
2025-03-13 15:33:20,752 [INFO] CodeEngine:279 - Generated code: D:\AIFARM\STM32_GREENB\stm32f303_soil_sensor\MXTmpFiles\gpio.tmp
2025-03-13 15:33:20,945 [INFO] CodeEngine:255 - oldGeneratedFile, D:\AIFARM\STM32_GREENB\stm32f303_soil_sensor\Core\Src\stm32f3xx_it.c_save
2025-03-13 15:33:21,102 [INFO] CodeEngine:279 - Generated code: D:\AIFARM\STM32_GREENB\stm32f303_soil_sensor\Core\Src\stm32f3xx_it.c
2025-03-13 15:33:21,125 [INFO] CodeEngine:255 - oldGeneratedFile, D:\AIFARM\STM32_GREENB\stm32f303_soil_sensor\Core\Inc\stm32f3xx_it.h_save
2025-03-13 15:33:21,247 [INFO] CodeEngine:279 - Generated code: D:\AIFARM\STM32_GREENB\stm32f303_soil_sensor\Core\Inc\stm32f3xx_it.h
2025-03-13 15:33:21,279 [INFO] CodeEngine:255 - oldGeneratedFile, D:\AIFARM\STM32_GREENB\stm32f303_soil_sensor\Core\Src\stm32f3xx_hal_msp.c_save
2025-03-13 15:33:21,428 [INFO] CodeEngine:279 - Generated code: D:\AIFARM\STM32_GREENB\stm32f303_soil_sensor\Core\Src\stm32f3xx_hal_msp.c
2025-03-13 15:33:21,439 [INFO] CodeEngine:255 - oldGeneratedFile, D:\AIFARM\STM32_GREENB\stm32f303_soil_sensor\MXTmpFiles\system.tmp_save
2025-03-13 15:33:21,501 [INFO] CodeEngine:279 - Generated code: D:\AIFARM\STM32_GREENB\stm32f303_soil_sensor\MXTmpFiles\system.tmp
2025-03-13 15:33:21,523 [INFO] CodeEngine:311 - oldGeneratedFile, D:\AIFARM\STM32_GREENB\stm32f303_soil_sensor\Core\Inc\stm32f3xx_hal_conf.h_save
2025-03-13 15:33:21,650 [INFO] CodeEngine:335 - Generated code: D:\AIFARM\STM32_GREENB\stm32f303_soil_sensor\Core\Inc\stm32f3xx_hal_conf.h
2025-03-13 15:33:21,703 [INFO] CodeEngine:255 - oldGeneratedFile, D:\AIFARM\STM32_GREENB\stm32f303_soil_sensor\Core\Inc\main.h_save
2025-03-13 15:33:21,797 [INFO] CodeEngine:279 - Generated code: D:\AIFARM\STM32_GREENB\stm32f303_soil_sensor\Core\Inc\main.h
2025-03-13 15:33:21,849 [INFO] CodeEngine:255 - oldGeneratedFile, D:\AIFARM\STM32_GREENB\stm32f303_soil_sensor\Core\Src\main.c_save
2025-03-13 15:33:21,980 [INFO] CodeEngine:279 - Generated code: D:\AIFARM\STM32_GREENB\stm32f303_soil_sensor\Core\Src\main.c
2025-03-13 15:33:22,646 [INFO] ProjectBuilder:3064 - Time for Copy HAL[1] : 252mS.
2025-03-13 15:33:22,652 [INFO] ProjectBuilder:4404 - Project Generator version: 4.1.0
2025-03-13 15:33:22,926 [INFO] ConfigFileManager:1457 - The Die is : DIE422
2025-03-13 15:33:22,941 [INFO] ApiDbMcu:507 - Load IP Config File for FATFS
2025-03-13 15:33:22,953 [INFO] ApiDbMcu:507 - Load IP Config File for FREERTOS
2025-03-13 15:33:22,972 [INFO] ApiDbMcu:507 - Load IP Config File for TOUCHSENSING
2025-03-13 15:33:22,986 [INFO] ApiDbMcu:507 - Load IP Config File for USB_DEVICE
2025-03-13 15:33:24,102 [INFO] LogOutputStream:77 - [STDOUT_REDIRECT] 
2025-03-13 15:33:25,885 [INFO] ProjectBuilder:4626 - Time for Generating toolchain IDE Files: 3234mS.
2025-03-13 15:33:25,886 [INFO] ProjectBuilder:2935 - Time for Copy CMSIS : 1mS.
2025-03-13 15:33:25,887 [INFO] ProjectBuilder:2935 - Time for Copy CMSIS : 0mS.
