2025-03-04 14:37:00,443 [INFO] Activator:176 - 


2025-03-04 14:37:00,445 [INFO] Activator:177 - !SESSION log4j initialized
2025-03-04 14:37:04,367 [INFO] LogOutputStream:77 - [STDOUT_REDIRECT] 
2025-03-04 14:37:06,425 [INFO] ApplicationProperties:184 - Using Application install path: D:\ITC\STM32\STM32CubeIDE_1.13.0\STM32CubeIDE\plugins\com.st.stm32cube.common.mx_6.9.0.202307051724
2025-03-04 14:37:06,444 [INFO] DbMcusXml:78 - Set database path to: D:\ITC\STM32\STM32CubeIDE_1.13.0\STM32CubeIDE\plugins\com.st.stm32cube.common.mx_6.9.0.202307051724\\db\/mcu/
2025-03-04 14:37:06,444 [INFO] ApiDb:274 - Set plugin database path to: D:\ITC\STM32\STM32CubeIDE_1.13.0\STM32CubeIDE\plugins\com.st.stm32cube.common.mx_6.9.0.202307051724\\db\/plugins/boardmanager/
2025-03-04 14:37:06,445 [WARN] ApiDb:259 - Overriding images path with different value:  => D:\ITC\STM32\STM32CubeIDE_1.13.0\STM32CubeIDE\plugins\com.st.stm32cube.common.mx_6.9.0.202307051724\\db\/plugins/mcufinder/images/
2025-03-04 14:37:06,459 [INFO] ApiDb:250 - Set database path to: C:\Users\msi1\.stmcufinder\plugins\mcufinder//mcu/
2025-03-04 14:37:06,459 [INFO] DbMcusAds:125 - Set database path to: C:\Users\msi1\.stmcufinder\plugins\mcufinder//mcu/
2025-03-04 14:37:06,461 [INFO] CrossReferenceDbSqlite:203 - Set database path to: C:\Users\msi1\.stmcufinder\plugins\mcufinder//mcu/cs/
2025-03-04 14:37:06,575 [INFO] RulesReader:64 - Compatibility file has been processed (293 Rules)
2025-03-04 14:37:06,665 [INFO] DbMcusXml:78 - Set database path to: D:\ITC\STM32\STM32CubeIDE_1.13.0\STM32CubeIDE\plugins\com.st.stm32cube.common.mx_6.9.0.202307051724\\db\/mcu/
2025-03-04 14:37:06,665 [INFO] ApiDb:274 - Set plugin database path to: D:\ITC\STM32\STM32CubeIDE_1.13.0\STM32CubeIDE\plugins\com.st.stm32cube.common.mx_6.9.0.202307051724\\db\/plugins/boardmanager/
2025-03-04 14:37:06,665 [INFO] ApiDb:261 - Set plugin images path to: D:\ITC\STM32\STM32CubeIDE_1.13.0\STM32CubeIDE\plugins\com.st.stm32cube.common.mx_6.9.0.202307051724\\db\/plugins/mcufinder/images/
2025-03-04 14:37:06,666 [WARN] DbFile:41 - Overriding database path with different value: C:\Users\msi1\.stmcufinder\plugins\mcufinder/ => C:\Users\msi1\.stmcufinder\plugins\mcufinder
2025-03-04 14:37:06,666 [INFO] ApiDb:250 - Set database path to: C:\Users\msi1\.stmcufinder\plugins\mcufinder//mcu/
2025-03-04 14:37:06,666 [WARN] DbFile:41 - Overriding database path with different value: C:\Users\msi1\.stmcufinder\plugins\mcufinder/ => C:\Users\msi1\.stmcufinder\plugins\mcufinder
2025-03-04 14:37:06,666 [INFO] DbMcusAds:125 - Set database path to: C:\Users\msi1\.stmcufinder\plugins\mcufinder//mcu/
2025-03-04 14:37:06,666 [WARN] DbFile:41 - Overriding database path with different value: C:\Users\msi1\.stmcufinder\plugins\mcufinder/ => C:\Users\msi1\.stmcufinder\plugins\mcufinder
2025-03-04 14:37:06,666 [WARN] DbFile:41 - Overriding database path with different value: C:\Users\msi1\.stmcufinder\plugins\mcufinder/ => C:\Users\msi1\.stmcufinder\plugins\mcufinder
2025-03-04 14:37:06,666 [INFO] CrossReferenceDbSqlite:203 - Set database path to: C:\Users\msi1\.stmcufinder\plugins\mcufinder//mcu/cs/
2025-03-04 14:37:06,752 [INFO] MainPanel:262 - HeapMemory: 268435456
2025-03-04 14:37:06,848 [INFO] DbMcusXml:78 - Set database path to: D:\ITC\STM32\STM32CubeIDE_1.13.0\STM32CubeIDE\plugins\com.st.stm32cube.common.mx_6.9.0.202307051724\\db\/mcu/
2025-03-04 14:37:06,848 [INFO] ApiDb:274 - Set plugin database path to: D:\ITC\STM32\STM32CubeIDE_1.13.0\STM32CubeIDE\plugins\com.st.stm32cube.common.mx_6.9.0.202307051724\\db\/plugins/boardmanager/
2025-03-04 14:37:06,848 [INFO] ApiDb:261 - Set plugin images path to: D:\ITC\STM32\STM32CubeIDE_1.13.0\STM32CubeIDE\plugins\com.st.stm32cube.common.mx_6.9.0.202307051724\\db\/plugins/mcufinder/images/
2025-03-04 14:37:06,849 [WARN] DbFile:41 - Overriding database path with different value: C:\Users\msi1\.stmcufinder\plugins\mcufinder/ => C:\Users\msi1\.stmcufinder\plugins\mcufinder
2025-03-04 14:37:06,849 [INFO] ApiDb:250 - Set database path to: C:\Users\msi1\.stmcufinder\plugins\mcufinder//mcu/
2025-03-04 14:37:06,849 [WARN] DbFile:41 - Overriding database path with different value: C:\Users\msi1\.stmcufinder\plugins\mcufinder/ => C:\Users\msi1\.stmcufinder\plugins\mcufinder
2025-03-04 14:37:06,849 [INFO] DbMcusAds:125 - Set database path to: C:\Users\msi1\.stmcufinder\plugins\mcufinder//mcu/
2025-03-04 14:37:06,849 [WARN] DbFile:41 - Overriding database path with different value: C:\Users\msi1\.stmcufinder\plugins\mcufinder/ => C:\Users\msi1\.stmcufinder\plugins\mcufinder
2025-03-04 14:37:06,849 [WARN] DbFile:41 - Overriding database path with different value: C:\Users\msi1\.stmcufinder\plugins\mcufinder/ => C:\Users\msi1\.stmcufinder\plugins\mcufinder
2025-03-04 14:37:06,849 [INFO] CrossReferenceDbSqlite:203 - Set database path to: C:\Users\msi1\.stmcufinder\plugins\mcufinder//mcu/cs/
2025-03-04 14:37:06,867 [INFO] ApplicationProperties:184 - Using Application install path: D:\ITC\STM32\STM32CubeIDE_1.13.0\STM32CubeIDE\plugins\com.st.stm32cube.common.mx_6.9.0.202307051724
2025-03-04 14:37:06,869 [INFO] PluginManage:196 - Search for loadable plugins [exclusion list=, ]
2025-03-04 14:37:06,869 [INFO] PluginManage:310 - Check plugin analytics
2025-03-04 14:37:07,019 [INFO] AnalyticsPlugin:253 - Accepted Software Licenses: 
2025-03-04 14:37:07,019 [INFO] AnalyticsPlugin:255 - Accepted CMSIS Pack Licenses: 
2025-03-04 14:37:07,019 [INFO] AnalyticsPlugin:257 - Accepted Firmware Licenses: FW.F4.1.27.0
2025-03-04 14:37:07,021 [INFO] PluginManage:359 - Loaded plugin analytics (category:tool,tabindex:-1)
2025-03-04 14:37:07,021 [INFO] PluginManage:310 - Check plugin cadmodel
2025-03-04 14:37:07,041 [INFO] CADModel:105 - Init CAD model plugin
2025-03-04 14:37:07,041 [INFO] PluginManage:359 - Loaded plugin cadmodel (category:power,tabindex:5)
2025-03-04 14:37:07,042 [INFO] PluginManage:310 - Check plugin clock
2025-03-04 14:37:07,064 [INFO] PluginManage:359 - Loaded plugin clock (category:base,tabindex:2)
2025-03-04 14:37:07,064 [INFO] PluginManage:310 - Check plugin ddr
2025-03-04 14:37:07,066 [INFO] PluginManage:359 - Loaded plugin ddr (category:tool,tabindex:6)
2025-03-04 14:37:07,067 [INFO] PluginManage:310 - Check plugin filemanager
2025-03-04 14:37:07,191 [INFO] PluginManage:359 - Loaded plugin filemanager (category:base,tabindex:10)
2025-03-04 14:37:07,191 [INFO] PluginManage:310 - Check plugin ipmanager
2025-03-04 14:37:07,199 [INFO] PluginManage:359 - Loaded plugin ipmanager (category:base,tabindex:5)
2025-03-04 14:37:07,199 [INFO] PluginManage:310 - Check plugin lpbam
2025-03-04 14:37:07,215 [INFO] PluginManage:359 - Loaded plugin lpbam (category:base,tabindex:0)
2025-03-04 14:37:07,215 [INFO] PluginManage:310 - Check plugin memorymap
2025-03-04 14:37:07,242 [INFO] PluginManage:359 - Loaded plugin memorymap (category:base,tabindex:4)
2025-03-04 14:37:07,243 [INFO] PluginManage:310 - Check plugin pinoutandconfiguration
2025-03-04 14:37:07,261 [INFO] PluginManage:359 - Loaded plugin pinoutandconfiguration (category:base,tabindex:1)
2025-03-04 14:37:07,261 [INFO] PluginManage:310 - Check plugin pinoutconfig
2025-03-04 14:37:07,393 [WARN] SupportedApi:132 - Cannot load RTOS API schema: s4s-elt-must-match.1: The content of 'definitions' must match (annotation?, (simpleType | complexType)?, (unique | key | keyref)*)). A problem was found starting at: attribute.
2025-03-04 14:37:07,558 [INFO] PluginManage:359 - Loaded plugin pinoutconfig (category:base,tabindex:0)
2025-03-04 14:37:07,559 [INFO] PluginManage:310 - Check plugin power
2025-03-04 14:37:07,588 [INFO] PluginManage:359 - Loaded plugin power (category:power,tabindex:4)
2025-03-04 14:37:07,588 [INFO] PluginManage:310 - Check plugin projectmanager
2025-03-04 14:37:07,599 [INFO] PluginManage:359 - Loaded plugin projectmanager (category:projectmanager,tabindex:3)
2025-03-04 14:37:07,600 [INFO] PluginManage:310 - Check plugin thirdparty
2025-03-04 14:37:07,903 [INFO] PluginManage:359 - Loaded plugin thirdparty (category:base,tabindex:-1)
2025-03-04 14:37:07,903 [INFO] PluginManage:310 - Check plugin tools
2025-03-04 14:37:07,903 [WARN] IntegrityCheckThread:84 - waiting for thirdparty lock release [integrity check]
2025-03-04 14:37:07,904 [INFO] IntegrityCheckThread:86 - entering critical section [integrity check]
2025-03-04 14:37:07,905 [INFO] ThirdPartyUpdaterWithRetryManager:70 - Updater plugin not ready yet. [1/15]
2025-03-04 14:37:07,945 [INFO] PluginManage:359 - Loaded plugin tools (category:base,tabindex:7)
2025-03-04 14:37:07,945 [INFO] PluginManage:310 - Check plugin tutovideos
2025-03-04 14:37:08,132 [INFO] PluginManage:359 - Loaded plugin tutovideos (category:base,tabindex:-1)
2025-03-04 14:37:08,132 [INFO] PluginManage:310 - Check plugin updater
2025-03-04 14:37:08,145 [INFO] PluginManage:359 - Loaded plugin updater (category:base,tabindex:12)
2025-03-04 14:37:08,145 [INFO] PluginManage:310 - Check plugin userauth
2025-03-04 14:37:08,152 [INFO] UserAuth:113 - Init User Auth plugin
2025-03-04 14:37:08,152 [INFO] PluginManage:359 - Loaded plugin userauth (category:base,tabindex:14)
2025-03-04 14:37:08,152 [INFO] PluginManage:283 - PluginManage : Loaded plugins [17]
2025-03-04 14:37:08,383 [INFO] PinOutPanel:1499 - setPackage(No Configuration,No Configuration)
2025-03-04 14:37:08,484 [INFO] CADModel:165 - CPN selected for project level
2025-03-04 14:37:08,484 [INFO] CADModel:114 - Register for checkConnection events
2025-03-04 14:37:08,512 [INFO] IPUIPlugin:80 - create IPUIPlugin
2025-03-04 14:37:08,512 [INFO] PluginManager:220 - loadIPPluginJar : add adc
2025-03-04 14:37:08,553 [INFO] IPUIPlugin:80 - create IPUIPlugin
2025-03-04 14:37:08,553 [INFO] PluginManager:220 - loadIPPluginJar : add aes
2025-03-04 14:37:08,602 [INFO] IPUIPlugin:80 - create IPUIPlugin
2025-03-04 14:37:08,602 [INFO] PluginManager:220 - loadIPPluginJar : add can
2025-03-04 14:37:08,630 [INFO] IPUIPlugin:80 - create IPUIPlugin
2025-03-04 14:37:08,630 [INFO] PluginManager:220 - loadIPPluginJar : add comp
2025-03-04 14:37:08,669 [INFO] IPUIPlugin:80 - create IPUIPlugin
2025-03-04 14:37:08,669 [INFO] PluginManager:220 - loadIPPluginJar : add cryp
2025-03-04 14:37:08,707 [INFO] IPUIPlugin:80 - create IPUIPlugin
2025-03-04 14:37:08,707 [INFO] PluginManager:220 - loadIPPluginJar : add dfsdm
2025-03-04 14:37:08,721 [INFO] IPUIPlugin:80 - create IPUIPlugin
2025-03-04 14:37:08,722 [INFO] PluginManager:220 - loadIPPluginJar : add dma
2025-03-04 14:37:08,772 [INFO] IPUIPlugin:80 - create IPUIPlugin
2025-03-04 14:37:08,773 [INFO] PluginManager:220 - loadIPPluginJar : add dma3
2025-03-04 14:37:08,797 [INFO] IPUIPlugin:80 - create IPUIPlugin
2025-03-04 14:37:08,798 [INFO] PluginManager:220 - loadIPPluginJar : add fatfs
2025-03-04 14:37:08,844 [INFO] IPUIPlugin:80 - create IPUIPlugin
2025-03-04 14:37:08,844 [INFO] PluginManager:220 - loadIPPluginJar : add fmc
2025-03-04 14:37:08,859 [INFO] IPUIPlugin:80 - create IPUIPlugin
2025-03-04 14:37:08,859 [INFO] PluginManager:220 - loadIPPluginJar : add freertos
2025-03-04 14:37:08,882 [INFO] IPUIPlugin:80 - create IPUIPlugin
2025-03-04 14:37:08,882 [INFO] PluginManager:220 - loadIPPluginJar : add genericplugin
2025-03-04 14:37:08,981 [INFO] IPUIPlugin:80 - create IPUIPlugin
2025-03-04 14:37:08,981 [INFO] PluginManager:220 - loadIPPluginJar : add gfxmmu
2025-03-04 14:37:09,123 [INFO] IPUIPlugin:80 - create IPUIPlugin
2025-03-04 14:37:09,123 [INFO] PluginManager:220 - loadIPPluginJar : add gic
2025-03-04 14:37:09,137 [INFO] IPUIPlugin:80 - create IPUIPlugin
2025-03-04 14:37:09,137 [INFO] PluginManager:220 - loadIPPluginJar : add gpio
2025-03-04 14:37:09,222 [INFO] IPUIPlugin:80 - create IPUIPlugin
2025-03-04 14:37:09,222 [INFO] PluginManager:220 - loadIPPluginJar : add gtzc
2025-03-04 14:37:09,253 [INFO] IPUIPlugin:80 - create IPUIPlugin
2025-03-04 14:37:09,254 [INFO] PluginManager:220 - loadIPPluginJar : add hash
2025-03-04 14:37:09,303 [INFO] IPUIPlugin:80 - create IPUIPlugin
2025-03-04 14:37:09,303 [INFO] PluginManager:220 - loadIPPluginJar : add i2c
2025-03-04 14:37:09,341 [INFO] IPUIPlugin:80 - create IPUIPlugin
2025-03-04 14:37:09,341 [INFO] PluginManager:220 - loadIPPluginJar : add i2s
2025-03-04 14:37:09,379 [INFO] IPUIPlugin:80 - create IPUIPlugin
2025-03-04 14:37:09,380 [INFO] PluginManager:220 - loadIPPluginJar : add i3c
2025-03-04 14:37:09,477 [INFO] IPUIPlugin:80 - create IPUIPlugin
2025-03-04 14:37:09,477 [INFO] PluginManager:220 - loadIPPluginJar : add ipddr
2025-03-04 14:37:09,561 [INFO] IPUIPlugin:80 - create IPUIPlugin
2025-03-04 14:37:09,562 [INFO] PluginManager:220 - loadIPPluginJar : add linkedlist
2025-03-04 14:37:09,600 [INFO] IPUIPlugin:80 - create IPUIPlugin
2025-03-04 14:37:09,600 [INFO] PluginManager:220 - loadIPPluginJar : add lorawan
2025-03-04 14:37:09,636 [INFO] IPUIPlugin:80 - create IPUIPlugin
2025-03-04 14:37:09,637 [INFO] PluginManager:220 - loadIPPluginJar : add ltdc
2025-03-04 14:37:09,651 [INFO] IPUIPlugin:80 - create IPUIPlugin
2025-03-04 14:37:09,651 [INFO] PluginManager:220 - loadIPPluginJar : add mdma
2025-03-04 14:37:09,665 [INFO] IPUIPlugin:80 - create IPUIPlugin
2025-03-04 14:37:09,665 [INFO] PluginManager:220 - loadIPPluginJar : add nvic
2025-03-04 14:37:09,708 [INFO] IPUIPlugin:80 - create IPUIPlugin
2025-03-04 14:37:09,708 [INFO] PluginManager:220 - loadIPPluginJar : add opamp
2025-03-04 14:37:09,768 [INFO] IPUIPlugin:80 - create IPUIPlugin
2025-03-04 14:37:09,768 [INFO] PluginManager:220 - loadIPPluginJar : add openamp
2025-03-04 14:37:09,810 [INFO] IPUIPlugin:80 - create IPUIPlugin
2025-03-04 14:37:09,810 [INFO] PluginManager:220 - loadIPPluginJar : add pdm2pcm
2025-03-04 14:37:09,826 [INFO] IPUIPlugin:80 - create IPUIPlugin
2025-03-04 14:37:09,827 [INFO] PluginManager:220 - loadIPPluginJar : add plateformsettings
2025-03-04 14:37:09,853 [INFO] IPUIPlugin:80 - create IPUIPlugin
2025-03-04 14:37:09,853 [INFO] PluginManager:220 - loadIPPluginJar : add quadspi
2025-03-04 14:37:09,868 [INFO] IPUIPlugin:80 - create IPUIPlugin
2025-03-04 14:37:09,868 [INFO] PluginManager:220 - loadIPPluginJar : add resmgrutility
2025-03-04 14:37:09,922 [INFO] IPUIPlugin:80 - create IPUIPlugin
2025-03-04 14:37:09,922 [INFO] PluginManager:220 - loadIPPluginJar : add sai
2025-03-04 14:37:09,964 [INFO] IPUIPlugin:80 - create IPUIPlugin
2025-03-04 14:37:09,964 [INFO] PluginManager:220 - loadIPPluginJar : add spi
2025-03-04 14:37:09,986 [INFO] McuFinderGlobals:63 - Set McuFinder mode to 2 (CubeIDE integrated)
2025-03-04 14:37:10,024 [INFO] IPUIPlugin:80 - create IPUIPlugin
2025-03-04 14:37:10,024 [INFO] PluginManager:220 - loadIPPluginJar : add stm32_wpan
2025-03-04 14:37:10,047 [INFO] IPUIPlugin:80 - create IPUIPlugin
2025-03-04 14:37:10,047 [INFO] PluginManager:220 - loadIPPluginJar : add tim
2025-03-04 14:37:10,100 [INFO] IPUIPlugin:80 - create IPUIPlugin
2025-03-04 14:37:10,100 [INFO] PluginManager:220 - loadIPPluginJar : add touchsensing
2025-03-04 14:37:10,124 [INFO] IPUIPlugin:80 - create IPUIPlugin
2025-03-04 14:37:10,124 [INFO] PluginManager:220 - loadIPPluginJar : add tracer_emb
2025-03-04 14:37:10,147 [INFO] IPUIPlugin:80 - create IPUIPlugin
2025-03-04 14:37:10,147 [INFO] PluginManager:220 - loadIPPluginJar : add ts
2025-03-04 14:37:10,169 [INFO] IPUIPlugin:80 - create IPUIPlugin
2025-03-04 14:37:10,169 [INFO] PluginManager:220 - loadIPPluginJar : add tsc
2025-03-04 14:37:10,191 [INFO] IPUIPlugin:80 - create IPUIPlugin
2025-03-04 14:37:10,191 [INFO] PluginManager:220 - loadIPPluginJar : add ucpd
2025-03-04 14:37:10,233 [INFO] IPUIPlugin:80 - create IPUIPlugin
2025-03-04 14:37:10,233 [INFO] PluginManager:220 - loadIPPluginJar : add usart
2025-03-04 14:37:10,272 [INFO] IPUIPlugin:80 - create IPUIPlugin
2025-03-04 14:37:10,272 [INFO] PluginManager:220 - loadIPPluginJar : add usbx
2025-03-04 14:37:10,387 [INFO] CADModel:165 - CPN selected for project level
2025-03-04 14:37:10,387 [INFO] CADModel:114 - Register for checkConnection events
2025-03-04 14:37:10,387 [FATAL] Updater:308 - Updater called before beeing initialized
2025-03-04 14:37:10,388 [ERROR] CADModel:125 - Updater not yet initialized, retry later 
2025-03-04 14:37:10,505 [INFO] CADModel:165 - CPN selected for project level
2025-03-04 14:37:10,505 [INFO] CADModel:114 - Register for checkConnection events
2025-03-04 14:37:10,505 [FATAL] Updater:308 - Updater called before beeing initialized
2025-03-04 14:37:10,505 [ERROR] CADModel:125 - Updater not yet initialized, retry later 
2025-03-04 14:37:10,508 [FATAL] Updater:308 - Updater called before beeing initialized
2025-03-04 14:37:10,595 [FATAL] Updater:308 - Updater called before beeing initialized
2025-03-04 14:37:10,600 [INFO] DbMcusAds:53 - JSON generation date=Tue Dec 17 23:01:15 ICT 2024 (1734451275143)
2025-03-04 14:37:10,601 [FATAL] Updater:308 - Updater called before beeing initialized
2025-03-04 14:37:10,677 [WARN] DetailPanel:346 - Failed to get advertising image, set to default
2025-03-04 14:37:10,758 [FATAL] Updater:308 - Updater called before beeing initialized
2025-03-04 14:37:10,760 [FATAL] Updater:308 - Updater called before beeing initialized
2025-03-04 14:37:10,760 [FATAL] Updater:308 - Updater called before beeing initialized
2025-03-04 14:37:10,760 [WARN] DetailPanel:346 - Failed to get advertising image, set to default
2025-03-04 14:37:10,761 [FATAL] Updater:308 - Updater called before beeing initialized
2025-03-04 14:37:10,813 [ERROR] Updater:1120 - MainUpdater not yet initialized. External WinMGr cannot be set.
2025-03-04 14:37:10,825 [INFO] Updater:1056 - Updater Version found : 6.9.0
2025-03-04 14:37:10,840 [INFO] ApplicationProperties:184 - Using Application install path: D:\ITC\STM32\STM32CubeIDE_1.13.0\STM32CubeIDE\plugins\com.st.stm32cube.common.mx_6.9.0.202307051724
2025-03-04 14:37:10,905 [INFO] ThirdPartyUpdaterWithRetryManager:70 - Updater plugin not ready yet. [2/15]
2025-03-04 14:37:11,071 [INFO] MainUpdater:2868 - connection check result : 10
2025-03-04 14:37:11,071 [INFO] MainUpdater:3562 - Updater definition file requires update
2025-03-04 14:37:11,072 [INFO] MainUpdater:285 - Updater Check For Update Now.
2025-03-04 14:37:11,072 [INFO] MicroXplorer:498 - Change Database Version : DB.6.0.90
2025-03-04 14:37:11,088 [INFO] McuFinderGlobals:63 - Set McuFinder mode to 2 (CubeIDE integrated)
2025-03-04 14:37:11,198 [INFO] ServerAccessManage:473 - Download File updaters.zip
2025-03-04 14:37:11,536 [INFO] FileExtend:240 - Unzip File : updaters.zip
2025-03-04 14:37:11,536 [INFO] FileExtend:255 - Standard Zip Deflate
2025-03-04 14:37:12,655 [INFO] ServerAccessManage:473 - Download File PacksControlFlags.xml
2025-03-04 14:37:12,826 [INFO] ServerAccessManage:473 - Download File cubemx.pidx
2025-03-04 14:37:12,935 [INFO] LoadServerUpdatesThread:373 - End of LoadServerUpdate Thread
2025-03-04 14:37:13,108 [INFO] CheckServerUpdateThread:120 - End of CheckServer Thread
2025-03-04 14:37:13,111 [INFO] MainUpdater:2868 - connection check result : 10
2025-03-04 14:37:13,889 [INFO] ApiDb:581 - Connected to CubeFinder SQLite database (C:\Users\msi1\.stmcufinder\plugins\mcufinder\mcu\cube-finder-db.db)
2025-03-04 14:37:14,022 [INFO] ApiDb:668 - CubeFinder database Data Model version=2.1
2025-03-04 14:37:14,022 [INFO] ApiDb:669 - CubeFinder database Configuration version=3.0.39
2025-03-04 14:37:14,023 [INFO] ApiDb:670 - CubeFinder database generation date=2025-02-18 (1739885696)
2025-03-04 14:37:14,023 [INFO] ApiDb:671 - CubeFinder database FW Pack versions=[FP-ATR-ASTRA1_V2.0.0, FP-SNS-FLIGHT1_V5.0.2, FP-SNS-MOTENV1_V5.0.0, FP-SNS-MOTENVWB1_V1.4.0, FP-SNS-SMARTAG2_V1.2.0, FP-SNS-STBOX1_V2.0.0, STM32Cube_FW_C0_V1.4.0, STM32Cube_FW_F4_V1.28.1, STM32Cube_FW_F7_V1.17.2, STM32Cube_FW_G0_V1.6.2, STM32Cube_FW_G4_V1.6.1, STM32Cube_FW_H5_V1.5.0, STM32Cube_FW_H7RS_V1.2.0, STM32Cube_FW_H7_V1.12.1, STM32Cube_FW_L0_V1.12.2, STM32Cube_FW_L4_V1.18.1, STM32Cube_FW_L5_V1.5.1, STM32Cube_FW_N6_V1.1.0, STM32Cube_FW_U0_V1.2.0, STM32Cube_FW_U3_V1.1.0, STM32Cube_FW_U5_V1.7.0, STM32Cube_FW_WB0_V1.2.0, STM32Cube_FW_WBA_V1.6.0, STM32Cube_FW_WB_V1.22.0, STM32Cube_FW_WL3_V1.1.0, STM32Cube_FW_WL_V1.3.1, X-CUBE-ALGOBUILD_V1.4.0, X-CUBE-ALS_V1.0.2, X-CUBE-AZRTOS-F4_V1.1.0, X-CUBE-AZRTOS-F7_V1.1.0, X-CUBE-AZRTOS-G0_V1.1.0, X-CUBE-AZRTOS-G4_V2.0.0, X-CUBE-AZRTOS-H7RS_V1.0.0, X-CUBE-AZRTOS-H7_V3.3.0, X-CUBE-AZRTOS-L4_V2.0.0, X-CUBE-AZRTOS-L5_V2.0.0, X-CUBE-AZRTOS-WB_V2.0.0, X-CUBE-AZRTOS-WL_V2.0.0, X-CUBE-BLE1_V7.0.0, X-CUBE-BLE2_V3.3.0, X-CUBE-BLEMGR_V4.0.0, X-CUBE-EEPRMA1_V5.1.0, X-CUBE-FREERTOS_V1.3.0, X-CUBE-GNSS1_V6.0.0, X-CUBE-MEMS1_V11.1.0, X-CUBE-NFC4_V3.0.0, X-CUBE-NFC7_V1.0.1, X-CUBE-SFXS2LP1_V4.0.0, X-CUBE-SUBG2_V5.0.0, X-CUBE-TOF1_V3.4.2]
2025-03-04 14:37:14,224 [INFO] DbBoardsSqlite:226 - include board P-NUCLEO-WB55-NUCLEO as a kit item of type 'Nucleo-64'
2025-03-04 14:37:14,224 [INFO] DbBoardsSqlite:226 - include board P-NUCLEO-WB55-USBDONGLE as a kit item of type 'Nucleo USB Dongle'
2025-03-04 14:37:14,227 [INFO] DbBoardsSqlite:226 - include board STEVAL-IDP005V1 as a kit item of type 'Evaluation Board'
2025-03-04 14:37:14,227 [INFO] DbBoardsSqlite:226 - include board STEVAL-IDP005V2 as a kit item of type 'Evaluation Board'
2025-03-04 14:37:14,331 [WARN] PackLoader:240 - Cannot read IP mode file for STMicroelectronics.FP-SNS-MOTENVWB1.1.4.0
2025-03-04 14:37:14,366 [WARN] PackLoader:240 - Cannot read IP mode file for STMicroelectronics.FP-ATR-ASTRA1.2.0.2
2025-03-04 14:37:14,389 [WARN] PackLoader:240 - Cannot read IP mode file for STMicroelectronics.FP-ATR-ASTRA1.2.0.1
2025-03-04 14:37:14,417 [WARN] PackLoader:240 - Cannot read IP mode file for STMicroelectronics.X-CUBE-SMBUS.2.1.0
2025-03-04 14:37:14,452 [WARN] PackLoader:240 - Cannot read IP mode file for STMicroelectronics.X-CUBE-WB05N.1.1.0
2025-03-04 14:37:14,485 [WARN] PackLoader:240 - Cannot read IP mode file for STMicroelectronics.X-CUBE-TOUCHGFX.4.23.0
2025-03-04 14:37:14,511 [WARN] PackLoader:240 - Cannot read IP mode file for STMicroelectronics.X-CUBE-TOUCHGFX.4.23.2
2025-03-04 14:37:14,574 [WARN] PackLoader:240 - Cannot read IP mode file for STMicroelectronics.X-CUBE-AZRTOS-F7.1.1.0
2025-03-04 14:37:14,607 [ERROR] RealEvaluatedCondition:428 - Found unsupported composite condition: GROUP='STM32_MetaDataManager' CLASS='Data Exchange'
2025-03-04 14:37:14,608 [ERROR] RealEvaluatedCondition:428 - Found unsupported composite condition: CLASS='Data Exchange' GROUP='STM32_MetaDataManager'
2025-03-04 14:37:14,610 [WARN] PackLoader:240 - Cannot read IP mode file for STMicroelectronics.FP-SNS-MOTENV1.4.3.0
2025-03-04 14:37:14,635 [WARN] PackLoader:240 - Cannot read IP mode file for STMicroelectronics.FP-SNS-MOTENV1.4.3.2
2025-03-04 14:37:14,656 [WARN] PackLoader:240 - Cannot read IP mode file for STMicroelectronics.FP-SNS-FLIGHT1.5.0.0
2025-03-04 14:37:14,679 [WARN] PackLoader:240 - Cannot read IP mode file for STMicroelectronics.X-CUBE-BLE1.6.2.4
2025-03-04 14:37:14,700 [WARN] PackLoader:240 - Cannot read IP mode file for STMicroelectronics.FP-SNS-FLIGHT1.5.0.2
2025-03-04 14:37:14,727 [ERROR] Engine:466 - C:\Users\msi1\.stm32cubemx\thirdparties\pdsc\Infineon.AIROC-Wi-Fi-Bluetooth-STM32.1.7.0.pdsc: PDSC version is not supported
2025-03-04 14:37:14,752 [WARN] PackLoader:240 - Cannot read IP mode file for STMicroelectronics.X-CUBE-DISPLAY.3.0.0
2025-03-04 14:37:14,777 [WARN] PackLoader:240 - Cannot read IP mode file for STMicroelectronics.X-CUBE-BLE1.7.0.0
2025-03-04 14:37:14,796 [WARN] PackLoader:240 - Cannot read IP mode file for STMicroelectronics.X-CUBE-NFC10.1.0.0
2025-03-04 14:37:14,812 [ERROR] Engine:466 - C:\Users\msi1\.stm32cubemx\thirdparties\pdsc\STMicroelectronics.X-CUBE-BLEMGR.4.0.0.pdsc: PDSC version is not supported
2025-03-04 14:37:14,827 [WARN] PackLoader:240 - Cannot read IP mode file for emotas.I-CUBE-CANOPEN.1.3.0
2025-03-04 14:37:14,845 [WARN] PackLoader:240 - Cannot read IP mode file for STMicroelectronics.X-CUBE-TOUCHGFX.4.22.0
2025-03-04 14:37:14,860 [WARN] PackLoader:240 - Cannot read IP mode file for STMicroelectronics.X-CUBE-TOUCHGFX.4.22.1
2025-03-04 14:37:14,881 [WARN] PackLoader:240 - Cannot read IP mode file for STMicroelectronics.X-CUBE-BLEMGR.3.1.0
2025-03-04 14:37:14,901 [WARN] PackLoader:240 - Cannot read IP mode file for STMicroelectronics.X-CUBE-AI.10.0.0
2025-03-04 14:37:14,918 [WARN] PackLoader:240 - Cannot read IP mode file for STMicroelectronics.FP-SNS-SMARTAG2.1.2.0
2025-03-04 14:37:15,011 [WARN] PackLoader:240 - Cannot read IP mode file for STMicroelectronics.X-CUBE-MEMS1.11.1.0
2025-03-04 14:37:15,225 [INFO] LogOutputStream:77 - [STDOUT_REDIRECT] 1 : Invalid condition id : UX_CORESTACK_Condition cause : null
2025-03-04 14:37:15,227 [INFO] LogOutputStream:77 - [STDOUT_REDIRECT] 1 : Invalid condition id : UX_CORESTACK_Condition cause : null
2025-03-04 14:37:15,228 [INFO] LogOutputStream:77 - [STDOUT_REDIRECT] 1 : Invalid condition id : UX_CORESTACK_Condition cause : null
2025-03-04 14:37:15,230 [INFO] LogOutputStream:77 - [STDOUT_REDIRECT] 1 : Invalid condition id : UX_CORESTACK_Condition cause : null
2025-03-04 14:37:15,231 [INFO] LogOutputStream:77 - [STDOUT_REDIRECT] 1 : Invalid condition id : UX_CORESTACK_Condition cause : null
2025-03-04 14:37:15,237 [WARN] PackLoader:240 - Cannot read IP mode file for STMicroelectronics.X-CUBE-AZRTOS-WL.2.0.0
2025-03-04 14:37:15,276 [WARN] PackLoader:240 - Cannot read IP mode file for STMicroelectronics.FP-SNS-MOTENV1.5.0.0
2025-03-04 14:37:15,303 [WARN] PackLoader:240 - Cannot read IP mode file for wolfSSL.I-CUBE-wolfMQTT.1.19.0
2025-03-04 14:37:15,333 [WARN] PackLoader:240 - Cannot read IP mode file for WES.I-CUBE-Cesium.1.3.0
2025-03-04 14:37:15,359 [WARN] PackLoader:240 - Cannot read IP mode file for STMicroelectronics.X-CUBE-BLE2.3.3.0
2025-03-04 14:37:15,382 [WARN] PackLoader:240 - Cannot read IP mode file for STMicroelectronics.X-CUBE-NFC9.1.0.0
2025-03-04 14:37:15,409 [WARN] PackLoader:240 - Cannot read IP mode file for STMicroelectronics.X-CUBE-BLE1.7.1.0
2025-03-04 14:37:15,436 [WARN] PackLoader:240 - Cannot read IP mode file for STMicroelectronics.X-CUBE-TCPP.4.1.0
2025-03-04 14:37:15,468 [WARN] PackLoader:240 - Cannot read IP mode file for STMicroelectronics.X-CUBE-TOUCHGFX.4.21.4
2025-03-04 14:37:15,496 [INFO] ApiDb:240 - Found 323 in-development CPN: [B-G473E-ZEST1S, B-WB1M-WPAN1, B-WL5M-SUBG1, NUCLEO-C031C6, NUCLEO-H503RB, NUCLEO-H563ZI, NUCLEO-U545RE-Q, NUCLEO-U5A5ZJ-Q, NUCLEO-WBA52CG, STEVAL-PROTEUS1, STEVAL-SMARTAG2, STEVAL-STWINBX1, STM320518-EVAL, STM32C0116-DK, STM32C011D6Y3TR, STM32C011D6Y6TR, STM32C011F4P3, STM32C011F4P6, STM32C011F4U3, STM32C011F4U6TR, STM32C011F6P3, STM32C011F6P6, STM32C011F6U3, STM32C011F6U6TR, STM32C011J4M3, STM32C011J4M6, STM32C011J6M3, STM32C011J6M6, STM32C0316-DK, STM32C031C4T3, STM32C031C4T6, STM32C031C4U3, STM32C031C4U6, STM32C031C6T3, STM32C031C6T6, STM32C031C6U3, STM32C031C6U6, STM32C031F4P3, STM32C031F4P6, STM32C031F6P3, STM32C031F6P6, STM32C031G4U3, STM32C031G4U6, STM32C031G6U3, STM32C031G6U6, STM32C031K4T3, STM32C031K4T6, STM32C031K4U3, STM32C031K4U6, STM32C031K6T3, STM32C031K6T6, STM32C031K6U3, STM32C031K6U6, STM32G071K8TXN, STM32G071K8UXN, STM32G081GBU6N, STM32G081KBT6N, STM32G081KBUXN, STM32G0B1CCT6N, STM32G0B1KCT6, STM32G0B1NEY6TR, STM32G0B1RCT6N, STM32G0C1CCT6, STM32G0C1CCT6N, STM32G0C1CCU6N, STM32G0C1CET6N, STM32G0C1CEU6N, STM32G0C1KCT6, STM32G0C1NEY6TR, STM32G0C1RCI6N, STM32G0C1RCT6N, STM32G0C1REI6N, STM32G0C1RET6N, STM32G0C1VCI6, STM32G0C1VEI6, STM32G471CCT6, STM32G471CCU6, STM32G471CET3, STM32G471CET6, STM32G471CEU3, STM32G471CEU6, STM32G471MCT6, STM32G471MET3, STM32G471MET6, STM32G471MEY6TR, STM32G471QCT6, STM32G471QET3, STM32G471RCT6, STM32G471RET3, STM32G471RET6, STM32G471VCH6, STM32G471VCI6, STM32G471VCT6, STM32G471VEH3, STM32G471VEH6, STM32G471VEI3, STM32G471VEI6, STM32G471VET3, STM32G471VET6, STM32G474CCT6, STM32H503CBT6, STM32H503CBU6, STM32H503EBY6TR, STM32H503KBU6, STM32H503RBT6, STM32H562AGI6, STM32H562AII6, STM32H562IGK6, STM32H562IGT6, STM32H562IIK6, STM32H562IIT6, STM32H562RGT6, STM32H562RGV6, STM32H562RIT6, STM32H562RIV6, STM32H562VGT6, STM32H562VIT6, STM32H562ZGT6, STM32H562ZIT6, STM32H563AGI6, STM32H563AII3Q, STM32H563AII6, STM32H563IGK6, STM32H563IGT6, STM32H563IIK3Q, STM32H563IIK6, STM32H563IIT3Q, STM32H563IIT6, STM32H563MIY3QTR, STM32H563RGT6, STM32H563RGV6, STM32H563RIT6, STM32H563RIV6, STM32H563VGT6, STM32H563VIT3Q, STM32H563VIT6, STM32H563ZGT6, STM32H563ZIT3Q, STM32H563ZIT6, STM32H573AII3Q, STM32H573AII6, STM32H573I-DK, STM32H573IIK3Q, STM32H573IIK6, STM32H573IIT3Q, STM32H573IIT6, STM32H573MIY3QTR, STM32H573RIT6, STM32H573RIV6, STM32H573VIT3Q, STM32H573VIT6, STM32H573ZIT3Q, STM32H573ZIT6, STM32L4R5QGI6STR, STM32MP131AAE3, STM32MP131AAF3, STM32MP131AAG3, STM32MP131CAE3, STM32MP131CAF3, STM32MP131CAG3, STM32MP131DAE7, STM32MP131DAF7, STM32MP131DAG7, STM32MP131FAE7, STM32MP131FAF7, STM32MP131FAG7, STM32MP133AAE3, STM32MP133AAF3, STM32MP133AAG3, STM32MP133CAE3, STM32MP133CAF3, STM32MP133CAG3, STM32MP133DAE7, STM32MP133DAF7, STM32MP133DAG7, STM32MP133FAE7, STM32MP133FAF7, STM32MP133FAG7, STM32MP135AAE3, STM32MP135AAF3, STM32MP135AAG3, STM32MP135CAE3, STM32MP135CAF3, STM32MP135CAG3, STM32MP135DAE7, STM32MP135DAF7, STM32MP135DAG7, STM32MP135F-DK, STM32MP135FAE7, STM32MP135FAF7, STM32MP135FAF7T, STM32MP135FAF7U, STM32MP135FAG7, STM32U535CBT6, STM32U535CBT6Q, STM32U535CBU6, STM32U535CBU6Q, STM32U535CCT6, STM32U535CCT6Q, STM32U535CCU6, STM32U535CCU6Q, STM32U535CET6, STM32U535CET6Q, STM32U535CEU6, STM32U535CEU6Q, STM32U535JEY6QTR, STM32U535NCY6QTR, STM32U535NEY6QTR, STM32U535RBI6, STM32U535RBI6Q, STM32U535RBT6, STM32U535RBT6Q, STM32U535RCI6, STM32U535RCI6Q, STM32U535RCT6, STM32U535RCT6Q, STM32U535REI6, STM32U535REI6Q, STM32U535RET6, STM32U535RET6Q, STM32U535VCI6, STM32U535VCI6Q, STM32U535VCT6, STM32U535VCT6Q, STM32U535VEI6, STM32U535VEI6Q, STM32U535VET6, STM32U535VET6Q, STM32U545CET6, STM32U545CET6Q, STM32U545CEU6, STM32U545CEU6Q, STM32U545JEY6QTR, STM32U545NEY6QTR, STM32U545REI6, STM32U545REI6Q, STM32U545RET6, STM32U545RET6Q, STM32U545VEI6, STM32U545VEI6Q, STM32U545VET6, STM32U545VET6Q, STM32U595AIH6, STM32U595AIH6Q, STM32U595AJH6, STM32U595AJH6Q, STM32U595QII6, STM32U595QII6Q, STM32U595QJI6, STM32U595QJI6Q, STM32U595RIT6, STM32U595RIT6Q, STM32U595RJT6, STM32U595RJT6Q, STM32U595VIT6, STM32U595VIT6Q, STM32U595VJT6, STM32U595VJT6Q, STM32U595ZIT6, STM32U595ZIT6Q, STM32U595ZIY6QTR, STM32U595ZJT6, STM32U595ZJT6Q, STM32U595ZJY6QTR, STM32U599BJY6QTR, STM32U599NIH6Q, STM32U599NJH6Q, STM32U599VIT6Q, STM32U599VJT6, STM32U599VJT6Q, STM32U599ZIT6Q, STM32U599ZIY6QTR, STM32U599ZJT6Q, STM32U599ZJY6QTR, STM32U5A5AJH6, STM32U5A5AJH6Q, STM32U5A5QJI6, STM32U5A5QJI6Q, STM32U5A5RJT6, STM32U5A5RJT6Q, STM32U5A5VJT6, STM32U5A5VJT6Q, STM32U5A5ZJT6, STM32U5A5ZJT6Q, STM32U5A5ZJY6QTR, STM32U5A9BJY6QTR, STM32U5A9J-DK, STM32U5A9NJH6Q, STM32U5A9VJT6Q, STM32U5A9ZJT6Q, STM32U5A9ZJY6QTR, STM32U5F7VIT6, STM32U5F7VIT6Q, STM32U5F7VJT6, STM32U5F7VJT6Q, STM32U5F9BJY6QTR, STM32U5F9NJH6Q, STM32U5F9VIT6Q, STM32U5F9VJT6Q, STM32U5F9ZIJ6QTR, STM32U5F9ZIT6Q, STM32U5F9ZJJ6QTR, STM32U5F9ZJT6Q, STM32U5G7VJT6, STM32U5G7VJT6Q, STM32U5G9BJY6QTR, STM32U5G9J-DK1, STM32U5G9J-DK2, STM32U5G9NJH6Q, STM32U5G9VJT6Q, STM32U5G9ZJJ6QTR, STM32U5G9ZJT6Q, STM32WB1MMCH6, STM32WBA52CEU6, STM32WBA52CEU6T, STM32WBA52CGU6, STM32WBA52CGU6T, STM32WBA52KEU6, STM32WBA52KEU6T, STM32WBA52KGU6, STM32WBA52KGU6T, STM32WL5MOCH6, STM32WL5MOCH6TR]
2025-03-04 14:37:15,502 [INFO] ApiDb:668 - CubeFinder database Data Model version=2.1
2025-03-04 14:37:15,503 [INFO] ApiDb:669 - CubeFinder database Configuration version=3.0.39
2025-03-04 14:37:15,503 [INFO] ApiDb:670 - CubeFinder database generation date=2025-02-18 (1739885696)
2025-03-04 14:37:15,503 [INFO] ApiDb:671 - CubeFinder database FW Pack versions=[FP-ATR-ASTRA1_V2.0.0, FP-SNS-FLIGHT1_V5.0.2, FP-SNS-MOTENV1_V5.0.0, FP-SNS-MOTENVWB1_V1.4.0, FP-SNS-SMARTAG2_V1.2.0, FP-SNS-STBOX1_V2.0.0, STM32Cube_FW_C0_V1.4.0, STM32Cube_FW_F4_V1.28.1, STM32Cube_FW_F7_V1.17.2, STM32Cube_FW_G0_V1.6.2, STM32Cube_FW_G4_V1.6.1, STM32Cube_FW_H5_V1.5.0, STM32Cube_FW_H7RS_V1.2.0, STM32Cube_FW_H7_V1.12.1, STM32Cube_FW_L0_V1.12.2, STM32Cube_FW_L4_V1.18.1, STM32Cube_FW_L5_V1.5.1, STM32Cube_FW_N6_V1.1.0, STM32Cube_FW_U0_V1.2.0, STM32Cube_FW_U3_V1.1.0, STM32Cube_FW_U5_V1.7.0, STM32Cube_FW_WB0_V1.2.0, STM32Cube_FW_WBA_V1.6.0, STM32Cube_FW_WB_V1.22.0, STM32Cube_FW_WL3_V1.1.0, STM32Cube_FW_WL_V1.3.1, X-CUBE-ALGOBUILD_V1.4.0, X-CUBE-ALS_V1.0.2, X-CUBE-AZRTOS-F4_V1.1.0, X-CUBE-AZRTOS-F7_V1.1.0, X-CUBE-AZRTOS-G0_V1.1.0, X-CUBE-AZRTOS-G4_V2.0.0, X-CUBE-AZRTOS-H7RS_V1.0.0, X-CUBE-AZRTOS-H7_V3.3.0, X-CUBE-AZRTOS-L4_V2.0.0, X-CUBE-AZRTOS-L5_V2.0.0, X-CUBE-AZRTOS-WB_V2.0.0, X-CUBE-AZRTOS-WL_V2.0.0, X-CUBE-BLE1_V7.0.0, X-CUBE-BLE2_V3.3.0, X-CUBE-BLEMGR_V4.0.0, X-CUBE-EEPRMA1_V5.1.0, X-CUBE-FREERTOS_V1.3.0, X-CUBE-GNSS1_V6.0.0, X-CUBE-MEMS1_V11.1.0, X-CUBE-NFC4_V3.0.0, X-CUBE-NFC7_V1.0.1, X-CUBE-SFXS2LP1_V4.0.0, X-CUBE-SUBG2_V5.0.0, X-CUBE-TOF1_V3.4.2]
2025-03-04 14:37:15,525 [WARN] PackLoader:240 - Cannot read IP mode file for STMicroelectronics.X-CUBE-ALGOBUILD.1.3.0
2025-03-04 14:37:15,609 [WARN] PackLoader:240 - Cannot read IP mode file for STMicroelectronics.X-CUBE-AZRTOS-G0.1.1.0
2025-03-04 14:37:15,660 [WARN] PackLoader:240 - Cannot read IP mode file for STMicroelectronics.X-CUBE-SAFEA1.1.2.2
2025-03-04 14:37:15,702 [WARN] PackLoader:240 - Cannot read IP mode file for STMicroelectronics.X-CUBE-NFC4.3.0.0
2025-03-04 14:37:15,740 [WARN] PackLoader:240 - Cannot read IP mode file for wolfSSL.I-CUBE-wolfMQTT.1.18.0
2025-03-04 14:37:15,777 [ERROR] Engine:466 - C:\Users\msi1\.stm32cubemx\thirdparties\pdsc\EmbeddedOffice.I-CUBE-FS-RTOS.1.0.1.pdsc: PDSC version is not supported
2025-03-04 14:37:15,809 [WARN] PackLoader:240 - Cannot read IP mode file for STMicroelectronics.X-CUBE-BLEMGR.3.0.0
2025-03-04 14:37:15,840 [ERROR] Engine:466 - C:\Users\msi1\.stm32cubemx\thirdparties\pdsc\STMicroelectronics.X-CUBE-TCPP.4.2.0.pdsc: PDSC version is not supported
2025-03-04 14:37:15,864 [ERROR] Engine:466 - C:\Users\msi1\.stm32cubemx\thirdparties\pdsc\RealThread.X-CUBE-RT-Thread_Nano.4.1.1.pdsc: PDSC version is not supported
2025-03-04 14:37:15,888 [WARN] PackLoader:240 - Cannot read IP mode file for STMicroelectronics.FP-ATR-SIGFOX1.3.2.0
2025-03-04 14:37:15,909 [ERROR] Engine:466 - C:\Users\msi1\.stm32cubemx\thirdparties\pdsc\quantropi.X-CUBE-qispace-sdk-base.1.9.3.pdsc: PDSC version is not supported
2025-03-04 14:37:15,936 [WARN] PackLoader:240 - Cannot read IP mode file for STMicroelectronics.X-CUBE-EEPRMA1.5.1.0
2025-03-04 14:37:15,970 [WARN] PackLoader:240 - Cannot read IP mode file for wolfSSL.I-CUBE-wolfSSL.5.7.6
2025-03-04 14:37:15,998 [WARN] PackLoader:240 - Cannot read IP mode file for ITTIA_DB.I-CUBE-ITTIADB.8.9.0
2025-03-04 14:37:16,057 [WARN] PackLoader:240 - Cannot read IP mode file for SEGGER.I-CUBE-embOS.1.3.1
2025-03-04 14:37:16,120 [WARN] PackLoader:240 - Cannot read IP mode file for STMicroelectronics.X-CUBE-ALGOBUILD.1.4.0
2025-03-04 14:37:16,149 [WARN] PackLoader:240 - Cannot read IP mode file for STMicroelectronics.X-CUBE-AI.9.1.0
2025-03-04 14:37:16,175 [WARN] PackLoader:240 - Cannot read IP mode file for STMicroelectronics.X-CUBE-GNSS1.6.0.0
2025-03-04 14:37:16,234 [WARN] PackLoader:240 - Cannot read IP mode file for STMicroelectronics.X-CUBE-AZRTOS-F4.1.1.0
2025-03-04 14:37:16,288 [WARN] PackLoader:240 - Cannot read IP mode file for wolfSSL.I-CUBE-wolfSSL.5.6.0
2025-03-04 14:37:16,336 [WARN] PackLoader:240 - Cannot read IP mode file for STMicroelectronics.X-CUBE-ISPU.2.1.0
2025-03-04 14:37:16,417 [WARN] PackLoader:240 - Cannot read IP mode file for STMicroelectronics.X-CUBE-FREERTOS.1.2.0
2025-03-04 14:37:16,473 [WARN] PackLoader:240 - Cannot read IP mode file for STMicroelectronics.X-CUBE-AZRTOS-L5.2.0.0
2025-03-04 14:37:16,578 [WARN] PackLoader:240 - Cannot read IP mode file for STMicroelectronics.X-CUBE-MEMS1.9.6.0
2025-03-04 14:37:16,785 [WARN] PackLoader:240 - Cannot read IP mode file for STMicroelectronics.X-CUBE-EEPRMA1.4.2.0
2025-03-04 14:37:16,817 [WARN] PackLoader:240 - Cannot read IP mode file for STMicroelectronics.X-CUBE-NFC6.3.1.0
2025-03-04 14:37:16,854 [WARN] PackLoader:240 - Cannot read IP mode file for ITTIA_DB.I-CUBE-ITTIADB.8.8.0
2025-03-04 14:37:16,886 [WARN] PackLoader:240 - Cannot read IP mode file for emotas.I-CUBE-CANOPEN.1.1.3
2025-03-04 14:37:16,914 [WARN] PackLoader:240 - Cannot read IP mode file for STMicroelectronics.X-CUBE-BLEMGR.2.0.0
2025-03-04 14:37:16,950 [ERROR] Engine:466 - C:\Users\msi1\.stm32cubemx\thirdparties\pdsc\STMicroelectronics.X-CUBE-DPower.1.2.0.pdsc: PDSC version is not supported
2025-03-04 14:37:16,977 [WARN] PackLoader:240 - Cannot read IP mode file for STMicroelectronics.X-CUBE-AI.9.0.0
2025-03-04 14:37:17,037 [WARN] ConditionMgr:438 - getConditionDescription Invalid condition id : UX DEVICE CLASS RTOS Condition cause : null
2025-03-04 14:37:17,037 [WARN] ConditionMgr:438 - getConditionDescription Invalid condition id : UX DEVICE CLASS RTOS Condition cause : null
2025-03-04 14:37:17,042 [WARN] PackLoader:240 - Cannot read IP mode file for STMicroelectronics.X-CUBE-AZRTOS-H7.3.1.0
2025-03-04 14:37:17,043 [WARN] ConditionMgr:1039 - genDependencies : Invalid condition id : UX DEVICE CLASS RTOS Condition cause : null
2025-03-04 14:37:17,044 [WARN] ConditionMgr:1039 - genDependencies : Invalid condition id : UX DEVICE CLASS RTOS Condition cause : null
2025-03-04 14:37:17,045 [WARN] ConditionMgr:1039 - genDependencies : Invalid condition id : UX DEVICE CLASS RTOS Condition cause : null
2025-03-04 14:37:17,046 [WARN] ConditionMgr:1039 - genDependencies : Invalid condition id : UX DEVICE CLASS RTOS Condition cause : null
2025-03-04 14:37:17,046 [WARN] ConditionMgr:1039 - genDependencies : Invalid condition id : UX DEVICE CLASS RTOS Condition cause : null
2025-03-04 14:37:17,082 [WARN] PackLoader:240 - Cannot read IP mode file for STMicroelectronics.X-CUBE-FREERTOS.1.3.0
2025-03-04 14:37:17,132 [WARN] PackLoader:240 - Cannot read IP mode file for STMicroelectronics.X-CUBE-NFC7.1.0.1
2025-03-04 14:37:17,158 [WARN] PackLoader:240 - Cannot read IP mode file for STMicroelectronics.X-CUBE-NFC7.1.0.0
2025-03-04 14:37:17,190 [WARN] PackLoader:240 - Cannot read IP mode file for wolfSSL.I-CUBE-wolfTPM.3.2.0
2025-03-04 14:37:17,252 [WARN] PackLoader:240 - Cannot read IP mode file for STMicroelectronics.X-CUBE-NFC6.3.0.0
2025-03-04 14:37:17,302 [WARN] PackLoader:240 - Cannot read IP mode file for STMicroelectronics.X-CUBE-EEPRMA1.4.1.0
2025-03-04 14:37:17,341 [WARN] PackLoader:240 - Cannot read IP mode file for STMicroelectronics.X-CUBE-AI.8.1.0
2025-03-04 14:37:17,402 [WARN] ConditionMgr:438 - getConditionDescription Invalid condition id : LAN8742 Phy interface Condition cause : null
2025-03-04 14:37:17,403 [WARN] PackLoader:240 - Cannot read IP mode file for STMicroelectronics.X-CUBE-AZRTOS-L4.2.0.0
2025-03-04 14:37:17,406 [WARN] ConditionMgr:1039 - genDependencies : Invalid condition id : LAN8742 Phy interface Condition cause : null
2025-03-04 14:37:17,406 [WARN] ConditionMgr:1039 - genDependencies : Invalid condition id : LAN8742 Phy interface Condition cause : null
2025-03-04 14:37:17,410 [WARN] ConditionMgr:1039 - genDependencies : Invalid condition id : LAN8742 Phy interface Condition cause : null
2025-03-04 14:37:17,462 [WARN] PackLoader:240 - Cannot read IP mode file for STMicroelectronics.X-CUBE-SFXS2LP1.4.0.0
2025-03-04 14:37:17,502 [WARN] PackLoader:240 - Cannot read IP mode file for STMicroelectronics.X-CUBE-ISPU.1.1.0
2025-03-04 14:37:17,582 [WARN] PackLoader:240 - Cannot read IP mode file for STMicroelectronics.X-CUBE-AZRTOS-H7.3.3.0
2025-03-04 14:37:17,628 [ERROR] Engine:466 - C:\Users\msi1\.stm32cubemx\thirdparties\pdsc\STMicroelectronics.X-CUBE-IPS.3.0.0.pdsc: PDSC version is not supported
2025-03-04 14:37:17,681 [WARN] ConditionMgr:438 - getConditionDescription Invalid condition id : UX DEVICE CLASS RTOS Condition cause : null
2025-03-04 14:37:17,682 [WARN] ConditionMgr:438 - getConditionDescription Invalid condition id : UX DEVICE CLASS RTOS Condition cause : null
2025-03-04 14:37:17,686 [WARN] PackLoader:240 - Cannot read IP mode file for STMicroelectronics.X-CUBE-AZRTOS-WB.2.0.0
2025-03-04 14:37:17,687 [WARN] ConditionMgr:1039 - genDependencies : Invalid condition id : UX DEVICE CLASS RTOS Condition cause : null
2025-03-04 14:37:17,687 [WARN] ConditionMgr:1039 - genDependencies : Invalid condition id : UX DEVICE CLASS RTOS Condition cause : null
2025-03-04 14:37:17,688 [WARN] ConditionMgr:1039 - genDependencies : Invalid condition id : UX DEVICE CLASS RTOS Condition cause : null
2025-03-04 14:37:17,688 [WARN] ConditionMgr:1039 - genDependencies : Invalid condition id : UX DEVICE CLASS RTOS Condition cause : null
2025-03-04 14:37:17,688 [WARN] ConditionMgr:1039 - genDependencies : Invalid condition id : UX DEVICE CLASS RTOS Condition cause : null
2025-03-04 14:37:17,728 [WARN] PackLoader:240 - Cannot read IP mode file for STMicroelectronics.X-CUBE-FREERTOS.1.0.1
2025-03-04 14:37:17,753 [WARN] PackLoader:240 - Cannot read IP mode file for STMicroelectronics.X-CUBE-GNSS1.7.0.1
2025-03-04 14:37:17,784 [ERROR] Engine:466 - C:\Users\msi1\.stm32cubemx\thirdparties\pdsc\STMicroelectronics.FP-SNS-STBOX1.2.0.0.pdsc: PDSC version is not supported
2025-03-04 14:37:17,834 [WARN] PackLoader:240 - Cannot read IP mode file for STMicroelectronics.X-CUBE-AZRTOS-L5.1.1.0
2025-03-04 14:37:17,862 [WARN] PackLoader:240 - Cannot read IP mode file for STMicroelectronics.X-CUBE-AI.8.0.1
2025-03-04 14:37:17,899 [WARN] PackLoader:240 - Cannot read IP mode file for STMicroelectronics.X-CUBE-SUBG2.5.0.0
2025-03-04 14:37:17,929 [WARN] PackLoader:240 - Cannot read IP mode file for Cesanta.I-CUBE-Mongoose.7.13.0
2025-03-04 14:37:17,966 [WARN] PackLoader:240 - Cannot read IP mode file for STMicroelectronics.X-CUBE-TOF1.3.3.1
2025-03-04 14:37:18,012 [WARN] PackLoader:240 - Cannot read IP mode file for STMicroelectronics.X-CUBE-AZRTOS-G4.2.0.0
2025-03-04 14:37:18,042 [WARN] PackLoader:240 - Cannot read IP mode file for STMicroelectronics.X-CUBE-TOF1.3.3.0
2025-03-04 14:37:18,081 [WARN] PackLoader:240 - Cannot read IP mode file for Infineon.AIROC-Wi-Fi-Bluetooth-STM32.1.5.1
2025-03-04 14:37:18,100 [WARN] PackLoader:240 - Cannot read IP mode file for STMicroelectronics.FP-SNS-MOTENVWB1.1.3.0
2025-03-04 14:37:18,128 [WARN] PackLoader:240 - Cannot read IP mode file for STMicroelectronics.FP-SNS-MOTENVWB1.1.3.1
2025-03-04 14:37:18,163 [WARN] PackLoader:240 - Cannot read IP mode file for STMicroelectronics.X-CUBE-AZRTOS-L4.1.0.0
2025-03-04 14:37:18,186 [WARN] PackLoader:240 - Cannot read IP mode file for STMicroelectronics.X-CUBE-ISPU.2.0.0
2025-03-04 14:37:18,210 [ERROR] Engine:466 - C:\Users\msi1\.stm32cubemx\thirdparties\pdsc\STMicroelectronics.X-CUBE-IPS.3.1.0.pdsc: PDSC version is not supported
2025-03-04 14:37:18,232 [WARN] PackLoader:240 - Cannot read IP mode file for STMicroelectronics.X-CUBE-ALS.1.0.2
2025-03-04 14:37:18,290 [WARN] PackLoader:240 - Cannot read IP mode file for STMicroelectronics.X-CUBE-MEMS1.10.0.0
2025-03-04 14:37:18,397 [WARN] PackLoader:240 - Cannot read IP mode file for STMicroelectronics.X-CUBE-FREERTOS.1.1.0
2025-03-04 14:37:18,419 [WARN] PackLoader:240 - Cannot read IP mode file for STMicroelectronics.X-CUBE-TOUCHGFX.4.24.0
2025-03-04 14:37:18,445 [WARN] PackLoader:240 - Cannot read IP mode file for STMicroelectronics.X-CUBE-TOUCHGFX.4.24.2
2025-03-04 14:37:18,484 [WARN] PackLoader:240 - Cannot read IP mode file for STMicroelectronics.X-CUBE-AZRTOS-WL.1.0.0
2025-03-04 14:37:18,514 [WARN] PackLoader:240 - Cannot read IP mode file for STMicroelectronics.X-CUBE-TOUCHGFX.4.24.1
2025-03-04 14:37:18,540 [WARN] PackLoader:240 - Cannot read IP mode file for wolfSSL.I-CUBE-wolfTPM.3.4.0
2025-03-04 14:37:18,571 [WARN] PackLoader:240 - Cannot read IP mode file for portGmbH.I-Cube-SoM-uGOAL.1.1.0
2025-03-04 14:37:18,603 [WARN] PackLoader:240 - Cannot read IP mode file for STMicroelectronics.X-CUBE-ALS.1.0.1
2025-03-04 14:37:18,643 [WARN] PackLoader:240 - Cannot read IP mode file for STMicroelectronics.X-CUBE-AZRTOS-WB.1.1.0
2025-03-04 14:37:18,694 [WARN] PackLoader:240 - Cannot read IP mode file for STMicroelectronics.X-CUBE-AZRTOS-H7RS.1.0.0
2025-03-04 14:37:18,720 [WARN] PackLoader:240 - Cannot read IP mode file for STMicroelectronics.FP-ATR-ASTRA1.2.0.0
2025-03-04 14:37:18,756 [ERROR] Engine:466 - C:\Users\msi1\.stm32cubemx\thirdparties\pdsc\STMicroelectronics.X-CUBE-TOF1.3.4.2.pdsc: PDSC version is not supported
2025-03-04 14:37:18,800 [WARN] PackLoader:240 - Cannot read IP mode file for STMicroelectronics.X-CUBE-TOF1.3.4.0
2025-03-04 14:37:18,832 [WARN] PackLoader:240 - Cannot read IP mode file for STMicroelectronics.X-CUBE-TOF1.3.4.1
2025-03-04 14:37:18,878 [WARN] PackLoader:240 - Cannot read IP mode file for STMicroelectronics.X-CUBE-AZRTOS-H7.3.2.0
2025-03-04 14:37:18,898 [WARN] PackLoader:240 - Cannot read IP mode file for wolfSSL.I-CUBE-wolfSSH.1.4.17
2025-03-04 14:37:18,899 [INFO] ThirdParty:978 - Integrity check success = true
2025-03-04 14:37:18,899 [INFO] IntegrityCheckThread:100 - exiting critical section [integrity check]
2025-03-04 14:37:18,899 [INFO] IntegrityCheckThread:103 - End integrity checks thread
2025-03-04 14:37:18,986 [INFO] ApiDb:240 - Found 323 in-development CPN: [B-G473E-ZEST1S, B-WB1M-WPAN1, B-WL5M-SUBG1, NUCLEO-C031C6, NUCLEO-H503RB, NUCLEO-H563ZI, NUCLEO-U545RE-Q, NUCLEO-U5A5ZJ-Q, NUCLEO-WBA52CG, STEVAL-PROTEUS1, STEVAL-SMARTAG2, STEVAL-STWINBX1, STM320518-EVAL, STM32C0116-DK, STM32C011D6Y3TR, STM32C011D6Y6TR, STM32C011F4P3, STM32C011F4P6, STM32C011F4U3, STM32C011F4U6TR, STM32C011F6P3, STM32C011F6P6, STM32C011F6U3, STM32C011F6U6TR, STM32C011J4M3, STM32C011J4M6, STM32C011J6M3, STM32C011J6M6, STM32C0316-DK, STM32C031C4T3, STM32C031C4T6, STM32C031C4U3, STM32C031C4U6, STM32C031C6T3, STM32C031C6T6, STM32C031C6U3, STM32C031C6U6, STM32C031F4P3, STM32C031F4P6, STM32C031F6P3, STM32C031F6P6, STM32C031G4U3, STM32C031G4U6, STM32C031G6U3, STM32C031G6U6, STM32C031K4T3, STM32C031K4T6, STM32C031K4U3, STM32C031K4U6, STM32C031K6T3, STM32C031K6T6, STM32C031K6U3, STM32C031K6U6, STM32G071K8TXN, STM32G071K8UXN, STM32G081GBU6N, STM32G081KBT6N, STM32G081KBUXN, STM32G0B1CCT6N, STM32G0B1KCT6, STM32G0B1NEY6TR, STM32G0B1RCT6N, STM32G0C1CCT6, STM32G0C1CCT6N, STM32G0C1CCU6N, STM32G0C1CET6N, STM32G0C1CEU6N, STM32G0C1KCT6, STM32G0C1NEY6TR, STM32G0C1RCI6N, STM32G0C1RCT6N, STM32G0C1REI6N, STM32G0C1RET6N, STM32G0C1VCI6, STM32G0C1VEI6, STM32G471CCT6, STM32G471CCU6, STM32G471CET3, STM32G471CET6, STM32G471CEU3, STM32G471CEU6, STM32G471MCT6, STM32G471MET3, STM32G471MET6, STM32G471MEY6TR, STM32G471QCT6, STM32G471QET3, STM32G471RCT6, STM32G471RET3, STM32G471RET6, STM32G471VCH6, STM32G471VCI6, STM32G471VCT6, STM32G471VEH3, STM32G471VEH6, STM32G471VEI3, STM32G471VEI6, STM32G471VET3, STM32G471VET6, STM32G474CCT6, STM32H503CBT6, STM32H503CBU6, STM32H503EBY6TR, STM32H503KBU6, STM32H503RBT6, STM32H562AGI6, STM32H562AII6, STM32H562IGK6, STM32H562IGT6, STM32H562IIK6, STM32H562IIT6, STM32H562RGT6, STM32H562RGV6, STM32H562RIT6, STM32H562RIV6, STM32H562VGT6, STM32H562VIT6, STM32H562ZGT6, STM32H562ZIT6, STM32H563AGI6, STM32H563AII3Q, STM32H563AII6, STM32H563IGK6, STM32H563IGT6, STM32H563IIK3Q, STM32H563IIK6, STM32H563IIT3Q, STM32H563IIT6, STM32H563MIY3QTR, STM32H563RGT6, STM32H563RGV6, STM32H563RIT6, STM32H563RIV6, STM32H563VGT6, STM32H563VIT3Q, STM32H563VIT6, STM32H563ZGT6, STM32H563ZIT3Q, STM32H563ZIT6, STM32H573AII3Q, STM32H573AII6, STM32H573I-DK, STM32H573IIK3Q, STM32H573IIK6, STM32H573IIT3Q, STM32H573IIT6, STM32H573MIY3QTR, STM32H573RIT6, STM32H573RIV6, STM32H573VIT3Q, STM32H573VIT6, STM32H573ZIT3Q, STM32H573ZIT6, STM32L4R5QGI6STR, STM32MP131AAE3, STM32MP131AAF3, STM32MP131AAG3, STM32MP131CAE3, STM32MP131CAF3, STM32MP131CAG3, STM32MP131DAE7, STM32MP131DAF7, STM32MP131DAG7, STM32MP131FAE7, STM32MP131FAF7, STM32MP131FAG7, STM32MP133AAE3, STM32MP133AAF3, STM32MP133AAG3, STM32MP133CAE3, STM32MP133CAF3, STM32MP133CAG3, STM32MP133DAE7, STM32MP133DAF7, STM32MP133DAG7, STM32MP133FAE7, STM32MP133FAF7, STM32MP133FAG7, STM32MP135AAE3, STM32MP135AAF3, STM32MP135AAG3, STM32MP135CAE3, STM32MP135CAF3, STM32MP135CAG3, STM32MP135DAE7, STM32MP135DAF7, STM32MP135DAG7, STM32MP135F-DK, STM32MP135FAE7, STM32MP135FAF7, STM32MP135FAF7T, STM32MP135FAF7U, STM32MP135FAG7, STM32U535CBT6, STM32U535CBT6Q, STM32U535CBU6, STM32U535CBU6Q, STM32U535CCT6, STM32U535CCT6Q, STM32U535CCU6, STM32U535CCU6Q, STM32U535CET6, STM32U535CET6Q, STM32U535CEU6, STM32U535CEU6Q, STM32U535JEY6QTR, STM32U535NCY6QTR, STM32U535NEY6QTR, STM32U535RBI6, STM32U535RBI6Q, STM32U535RBT6, STM32U535RBT6Q, STM32U535RCI6, STM32U535RCI6Q, STM32U535RCT6, STM32U535RCT6Q, STM32U535REI6, STM32U535REI6Q, STM32U535RET6, STM32U535RET6Q, STM32U535VCI6, STM32U535VCI6Q, STM32U535VCT6, STM32U535VCT6Q, STM32U535VEI6, STM32U535VEI6Q, STM32U535VET6, STM32U535VET6Q, STM32U545CET6, STM32U545CET6Q, STM32U545CEU6, STM32U545CEU6Q, STM32U545JEY6QTR, STM32U545NEY6QTR, STM32U545REI6, STM32U545REI6Q, STM32U545RET6, STM32U545RET6Q, STM32U545VEI6, STM32U545VEI6Q, STM32U545VET6, STM32U545VET6Q, STM32U595AIH6, STM32U595AIH6Q, STM32U595AJH6, STM32U595AJH6Q, STM32U595QII6, STM32U595QII6Q, STM32U595QJI6, STM32U595QJI6Q, STM32U595RIT6, STM32U595RIT6Q, STM32U595RJT6, STM32U595RJT6Q, STM32U595VIT6, STM32U595VIT6Q, STM32U595VJT6, STM32U595VJT6Q, STM32U595ZIT6, STM32U595ZIT6Q, STM32U595ZIY6QTR, STM32U595ZJT6, STM32U595ZJT6Q, STM32U595ZJY6QTR, STM32U599BJY6QTR, STM32U599NIH6Q, STM32U599NJH6Q, STM32U599VIT6Q, STM32U599VJT6, STM32U599VJT6Q, STM32U599ZIT6Q, STM32U599ZIY6QTR, STM32U599ZJT6Q, STM32U599ZJY6QTR, STM32U5A5AJH6, STM32U5A5AJH6Q, STM32U5A5QJI6, STM32U5A5QJI6Q, STM32U5A5RJT6, STM32U5A5RJT6Q, STM32U5A5VJT6, STM32U5A5VJT6Q, STM32U5A5ZJT6, STM32U5A5ZJT6Q, STM32U5A5ZJY6QTR, STM32U5A9BJY6QTR, STM32U5A9J-DK, STM32U5A9NJH6Q, STM32U5A9VJT6Q, STM32U5A9ZJT6Q, STM32U5A9ZJY6QTR, STM32U5F7VIT6, STM32U5F7VIT6Q, STM32U5F7VJT6, STM32U5F7VJT6Q, STM32U5F9BJY6QTR, STM32U5F9NJH6Q, STM32U5F9VIT6Q, STM32U5F9VJT6Q, STM32U5F9ZIJ6QTR, STM32U5F9ZIT6Q, STM32U5F9ZJJ6QTR, STM32U5F9ZJT6Q, STM32U5G7VJT6, STM32U5G7VJT6Q, STM32U5G9BJY6QTR, STM32U5G9J-DK1, STM32U5G9J-DK2, STM32U5G9NJH6Q, STM32U5G9VJT6Q, STM32U5G9ZJJ6QTR, STM32U5G9ZJT6Q, STM32WB1MMCH6, STM32WBA52CEU6, STM32WBA52CEU6T, STM32WBA52CGU6, STM32WBA52CGU6T, STM32WBA52KEU6, STM32WBA52KEU6T, STM32WBA52KGU6, STM32WBA52KGU6T, STM32WL5MOCH6, STM32WL5MOCH6TR]
2025-03-04 14:37:18,994 [INFO] DbMcus:217 - Found 4550 MCUs, 4550 are supported
2025-03-04 14:37:19,004 [INFO] ApiDb:423 - Load user favorites file C:\Users\msi1/.stm32cubeide/favorites.mcus.txt: 3 item(s)
2025-03-04 14:37:19,005 [INFO] ApiDb:427 - User favorites MCUs=[STM32F103CBT6, STM32F303VCT6, STM32F407VGT6]
2025-03-04 14:37:19,005 [INFO] DbMcus:223 - Set 3 / 3 favorites MCUs
2025-03-04 14:37:19,489 [INFO] BoardInfo:880 - No configuration file found for board NUCLEO-C071RB
2025-03-04 14:37:19,489 [INFO] DbBoards:157 - Board is not supported: NUCLEO-C071RB
2025-03-04 14:37:19,531 [INFO] BoardInfo:880 - No configuration file found for board NUCLEO-H533RE
2025-03-04 14:37:19,531 [INFO] DbBoards:157 - Board is not supported: NUCLEO-H533RE
2025-03-04 14:37:19,539 [INFO] BoardInfo:880 - No configuration file found for board NUCLEO-H7S3L8
2025-03-04 14:37:19,539 [INFO] DbBoards:157 - Board is not supported: NUCLEO-H7S3L8
2025-03-04 14:37:19,557 [INFO] BoardInfo:880 - No configuration file found for board NUCLEO-N657X0-Q
2025-03-04 14:37:19,557 [INFO] DbBoards:157 - Board is not supported: NUCLEO-N657X0-Q
2025-03-04 14:37:19,558 [INFO] BoardInfo:880 - No configuration file found for board NUCLEO-U031R8
2025-03-04 14:37:19,558 [INFO] DbBoards:157 - Board is not supported: NUCLEO-U031R8
2025-03-04 14:37:19,559 [INFO] BoardInfo:880 - No configuration file found for board NUCLEO-U083RC
2025-03-04 14:37:19,559 [INFO] DbBoards:157 - Board is not supported: NUCLEO-U083RC
2025-03-04 14:37:19,564 [INFO] BoardInfo:880 - No configuration file found for board NUCLEO-WB05KZ
2025-03-04 14:37:19,564 [INFO] DbBoards:157 - Board is not supported: NUCLEO-WB05KZ
2025-03-04 14:37:19,565 [INFO] BoardInfo:880 - No configuration file found for board NUCLEO-WB07CC
2025-03-04 14:37:19,565 [INFO] DbBoards:157 - Board is not supported: NUCLEO-WB07CC
2025-03-04 14:37:19,566 [INFO] BoardInfo:880 - No configuration file found for board NUCLEO-WB09KE
2025-03-04 14:37:19,566 [INFO] DbBoards:157 - Board is not supported: NUCLEO-WB09KE
2025-03-04 14:37:19,570 [INFO] BoardInfo:880 - No configuration file found for board NUCLEO-WBA55CG
2025-03-04 14:37:19,570 [INFO] DbBoards:157 - Board is not supported: NUCLEO-WBA55CG
2025-03-04 14:37:19,571 [INFO] BoardInfo:880 - No configuration file found for board NUCLEO-WL33CC1
2025-03-04 14:37:19,571 [INFO] DbBoards:157 - Board is not supported: NUCLEO-WL33CC1
2025-03-04 14:37:19,572 [INFO] BoardInfo:880 - No configuration file found for board NUCLEO-WL33CC2
2025-03-04 14:37:19,572 [INFO] DbBoards:157 - Board is not supported: NUCLEO-WL33CC2
2025-03-04 14:37:19,577 [INFO] BoardInfo:880 - No configuration file found for board P-NUCLEO-WB55
2025-03-04 14:37:19,577 [INFO] DbBoards:157 - Kit is not supported: P-NUCLEO-WB55
2025-03-04 14:37:19,581 [INFO] BoardInfo:880 - No configuration file found for board STEVAL-BFA001V1B
2025-03-04 14:37:19,581 [INFO] DbBoards:157 - Kit is not supported: STEVAL-BFA001V1B
2025-03-04 14:37:19,582 [INFO] BoardInfo:880 - No configuration file found for board STEVAL-BFA001V2B
2025-03-04 14:37:19,582 [INFO] DbBoards:157 - Kit is not supported: STEVAL-BFA001V2B
2025-03-04 14:37:19,585 [INFO] BoardInfo:880 - No configuration file found for board STEVAL-MKBOXPRO
2025-03-04 14:37:19,585 [INFO] DbBoards:157 - Board is not supported: STEVAL-MKBOXPRO
2025-03-04 14:37:19,637 [INFO] BoardInfo:880 - No configuration file found for board STM32H7S78-DK
2025-03-04 14:37:19,638 [INFO] DbBoards:157 - Board is not supported: STM32H7S78-DK
2025-03-04 14:37:19,655 [INFO] BoardInfo:880 - No configuration file found for board STM32MP257F-DK
2025-03-04 14:37:19,655 [INFO] DbBoards:157 - Board is not supported: STM32MP257F-DK
2025-03-04 14:37:19,656 [INFO] BoardInfo:880 - No configuration file found for board STM32MP257F-EV1
2025-03-04 14:37:19,656 [INFO] DbBoards:157 - Board is not supported: STM32MP257F-EV1
2025-03-04 14:37:19,657 [INFO] BoardInfo:880 - No configuration file found for board STM32N6570-DK
2025-03-04 14:37:19,657 [INFO] DbBoards:157 - Board is not supported: STM32N6570-DK
2025-03-04 14:37:19,658 [INFO] BoardInfo:880 - No configuration file found for board STM32U083C-DK
2025-03-04 14:37:19,658 [INFO] DbBoards:157 - Board is not supported: STM32U083C-DK
2025-03-04 14:37:19,662 [INFO] BoardInfo:880 - No configuration file found for board STM32WBA55G-DK1
2025-03-04 14:37:19,662 [INFO] DbBoards:157 - Board is not supported: STM32WBA55G-DK1
2025-03-04 14:37:19,662 [INFO] DbBoards:161 - Found 205 boards, 183 are supported
2025-03-04 14:37:19,665 [INFO] ApiDb:423 - Load user favorites file C:\Users\msi1/.stm32cubeide/favorites.boards.txt: 0 item(s)
2025-03-04 14:37:19,665 [INFO] ApiDb:427 - User favorites Boards=[]
2025-03-04 14:37:19,665 [INFO] DbBoards:190 - Set 0 / 0 favorites Boards
2025-03-04 14:37:19,665 [INFO] McuFinderGlobals:76 - Set McuFinderConnectedMode to true
2025-03-04 14:37:19,672 [INFO] MultiScanPanel:200 - Auto-refresh data requested => check proxy status ongoing
2025-03-04 14:37:19,675 [INFO] FinderPluginLoader:95 - Searching for filters in installed packs
2025-03-04 14:37:21,090 [INFO] LoadUrlFilesThread:185 - End of LoadServerUrlFiles without Thread
2025-03-04 14:37:21,102 [INFO] DetailPanel:341 - Set advertising image to C:/Users/msi1/STM32Cube/Repository/\en.prom-stm32n6-mcu-finder.png
2025-03-04 14:37:33,768 [ERROR] LogOutputStream:75 - [STDERR_REDIRECT] SLF4J: Failed to load class "org.slf4j.impl.StaticLoggerBinder".
2025-03-04 14:37:33,768 [ERROR] LogOutputStream:75 - [STDERR_REDIRECT] SLF4J: Defaulting to no-operation (NOP) logger implementation
2025-03-04 14:37:33,770 [ERROR] LogOutputStream:75 - [STDERR_REDIRECT] SLF4J: See http://www.slf4j.org/codes.html#StaticLoggerBinder for further details.
2025-03-04 14:37:58,663 [INFO] MainUpdater:2868 - connection check result : 10
2025-03-04 14:37:58,663 [INFO] MainUpdater:2868 - connection check result : 10
2025-03-04 14:37:58,722 [INFO] MicroXplorer:468 - Change Database Path : 
2025-03-04 14:37:58,722 [INFO] MicroXplorer:498 - Change Database Version : DB.6.0.90
2025-03-04 14:37:58,726 [WARN] ThirdParty:871 - waiting for thirdparty lock release [close project]
2025-03-04 14:37:58,726 [INFO] ThirdParty:873 - entering critical section [close project]
2025-03-04 14:37:58,727 [INFO] ThirdParty:883 - exiting critical section [close project]
2025-03-04 14:37:58,729 [INFO] PinOutPanel:1499 - setPackage(No Configuration,No Configuration)
2025-03-04 14:37:58,734 [INFO] UtilMem:75 - Begin LoadConfig() Used Memory: 374432928 Bytes (633339904)
2025-03-04 14:37:58,735 [INFO] MicroXplorer:468 - Change Database Path : 
2025-03-04 14:37:58,735 [INFO] MicroXplorer:498 - Change Database Version : DB.6.0.90
2025-03-04 14:37:58,735 [INFO] OpenFileManager:308 - Change cursor
2025-03-04 14:37:58,825 [INFO] Mcu:1946 - Initializing MCU STM32F303VCTx STM32F303VCTx STM32F303VCT6
2025-03-04 14:38:00,899 [INFO] Context:659 - Trying to add GPIOservice into a context  which must be forbidden
2025-03-04 14:38:01,340 [INFO] ImportTextPane:194 - (OptionalMessage_ERROR) Unable to find key (Mcu.ThirdPartyNb) in loaded IOC file
2025-03-04 14:38:01,341 [INFO] ImportTextPane:194 - (OptionalMessage_ERROR) Unable to find key (Mcu.PinsNb) in loaded IOC file
2025-03-04 14:38:01,341 [INFO] ImportTextPane:194 - (OptionalMessage_ERROR) Unable to find key (Mcu.IPNb) in loaded IOC file
2025-03-04 14:38:01,526 [INFO] RtosManager:555 - Registered RTOS mode: class=CMSIS, group=RTOS, mode=CMSIS_V1, owner=FREERTOS
2025-03-04 14:38:01,527 [INFO] RtosManager:555 - Registered RTOS mode: class=CMSIS, group=RTOS2, mode=CMSIS_V2, owner=FREERTOS
2025-03-04 14:38:01,527 [INFO] RtosManager:555 - Registered RTOS mode: class=RTOS, group=Core, mode=CMSIS_V1, owner=FREERTOS
2025-03-04 14:38:01,527 [INFO] RtosManager:555 - Registered RTOS mode: class=RTOS, group=Core, mode=CMSIS_V2, owner=FREERTOS
2025-03-04 14:38:01,527 [WARN] ModelIntegratedComponent:184 - Missing modes for component STMicroelectronics:FreeRTOS:0.0.1:STMicroelectronics:RTOS:FreeRTOS:Core:::10.2.0:
2025-03-04 14:38:01,532 [WARN] ModelIntegratedComponent:63 - No mode defined for component null
2025-03-04 14:38:01,532 [WARN] ModelIntegratedComponent:63 - No mode defined for component null
2025-03-04 14:38:01,532 [WARN] ModelIntegratedComponent:63 - No mode defined for component null
2025-03-04 14:38:01,532 [WARN] ModelIntegratedComponent:63 - No mode defined for component null
2025-03-04 14:38:01,533 [WARN] ModelIntegratedComponent:63 - No mode defined for component null
2025-03-04 14:38:01,533 [WARN] ModelIntegratedComponent:63 - No mode defined for component null
2025-03-04 14:38:01,533 [WARN] ModelIntegratedComponent:63 - No mode defined for component null
2025-03-04 14:38:01,533 [WARN] ModelIntegratedComponent:63 - No mode defined for component null
2025-03-04 14:38:01,533 [WARN] ModelIntegratedComponent:63 - No mode defined for component null
2025-03-04 14:38:01,533 [WARN] ModelIntegratedComponent:63 - No mode defined for component null
2025-03-04 14:38:01,533 [WARN] ModelIntegratedComponent:63 - No mode defined for component null
2025-03-04 14:38:01,533 [WARN] ModelIntegratedComponent:63 - No mode defined for component null
2025-03-04 14:38:01,533 [WARN] ModelIntegratedComponent:63 - No mode defined for component null
2025-03-04 14:38:01,533 [WARN] ModelIntegratedComponent:63 - No mode defined for component null
2025-03-04 14:38:01,533 [WARN] ModelIntegratedComponent:63 - No mode defined for component null
2025-03-04 14:38:01,533 [WARN] ModelIntegratedComponent:63 - No mode defined for component null
2025-03-04 14:38:01,533 [WARN] ModelIntegratedComponent:63 - No mode defined for component null
2025-03-04 14:38:01,533 [WARN] ModelIntegratedComponent:63 - No mode defined for component null
2025-03-04 14:38:01,533 [WARN] ModelIntegratedComponent:63 - No mode defined for component null
2025-03-04 14:38:01,533 [WARN] ModelIntegratedComponent:63 - No mode defined for component null
2025-03-04 14:38:01,533 [WARN] ModelIntegratedComponent:63 - No mode defined for component null
2025-03-04 14:38:01,533 [WARN] ModelIntegratedComponent:63 - No mode defined for component null
2025-03-04 14:38:01,533 [WARN] ModelIntegratedComponent:63 - No mode defined for component null
2025-03-04 14:38:01,533 [WARN] ModelIntegratedComponent:63 - No mode defined for component null
2025-03-04 14:38:01,533 [WARN] ModelIntegratedComponent:63 - No mode defined for component null
2025-03-04 14:38:01,533 [WARN] ModelIntegratedComponent:63 - No mode defined for component null
2025-03-04 14:38:01,534 [WARN] ModelIntegratedComponent:63 - No mode defined for component null
2025-03-04 14:38:01,534 [WARN] ModelIntegratedComponent:63 - No mode defined for component null
2025-03-04 14:38:01,534 [WARN] ModelIntegratedComponent:63 - No mode defined for component null
2025-03-04 14:38:01,534 [WARN] ModelIntegratedComponent:63 - No mode defined for component null
2025-03-04 14:38:01,534 [WARN] ModelIntegratedComponent:63 - No mode defined for component null
2025-03-04 14:38:01,534 [WARN] ModelIntegratedComponent:63 - No mode defined for component null
2025-03-04 14:38:01,534 [WARN] ModelIntegratedComponent:63 - No mode defined for component null
2025-03-04 14:38:01,714 [INFO] ThirdPartyModel:298 - Start build external matchings
2025-03-04 14:38:03,525 [INFO] ThirdPartyModel:316 - End build external matchings
2025-03-04 14:38:03,902 [INFO] UtilMem:75 - End LoadConfig() Used Memory: 522721320 Bytes (633339904)
2025-03-04 14:38:03,935 [WARN] ThirdParty:833 - waiting for thirdparty lock release [change project]
2025-03-04 14:38:03,935 [INFO] ThirdParty:835 - entering critical section [change project]
2025-03-04 14:38:03,935 [INFO] ThirdParty:1030 - CMSIS Pack Vendor :STMicroelectronics USBPD 4.1
2025-03-04 14:38:03,935 [INFO] ThirdParty:1030 - CMSIS Pack Vendor :STMicroelectronics X-CUBE-GNSS1 6.0.0
2025-03-04 14:38:03,936 [INFO] ThirdParty:1030 - CMSIS Pack Vendor :STMicroelectronics USB_HOST 2.0.0
2025-03-04 14:38:03,936 [INFO] ThirdParty:1030 - CMSIS Pack Vendor :STMicroelectronics FP-SNS-MOTENVWB1 1.4.0
2025-03-04 14:38:03,936 [INFO] ThirdParty:1030 - CMSIS Pack Vendor :STMicroelectronics X-CUBE-AZRTOS-F4 1.1.0
2025-03-04 14:38:03,936 [INFO] ThirdParty:1030 - CMSIS Pack Vendor :STMicroelectronics LIBJPEG 8.0.0
2025-03-04 14:38:03,936 [INFO] ThirdParty:1030 - CMSIS Pack Vendor :STMicroelectronics FP-ATR-ASTRA1 2.0.2
2025-03-04 14:38:03,936 [INFO] ThirdParty:1030 - CMSIS Pack Vendor :STMicroelectronics FP-ATR-ASTRA1 2.0.1
2025-03-04 14:38:03,936 [INFO] ThirdParty:1030 - CMSIS Pack Vendor :STMicroelectronics X-CUBE-SMBUS 2.1.0
2025-03-04 14:38:03,936 [INFO] ThirdParty:1030 - CMSIS Pack Vendor :STMicroelectronics X-CUBE-WB05N 1.1.0
2025-03-04 14:38:03,936 [INFO] ThirdParty:1030 - CMSIS Pack Vendor :wolfSSL I-CUBE-wolfSSL 5.6.0
2025-03-04 14:38:03,936 [INFO] ThirdParty:1030 - CMSIS Pack Vendor :STMicroelectronics X-CUBE-ISPU 2.1.0
2025-03-04 14:38:03,936 [INFO] ThirdParty:1030 - CMSIS Pack Vendor :STMicroelectronics X-CUBE-FREERTOS 1.2.0
2025-03-04 14:38:03,936 [INFO] ThirdParty:1030 - CMSIS Pack Vendor :STMicroelectronics X-CUBE-TOUCHGFX 4.23.0
2025-03-04 14:38:03,936 [INFO] ThirdParty:1030 - CMSIS Pack Vendor :STMicroelectronics X-CUBE-TOUCHGFX 4.23.2
2025-03-04 14:38:03,936 [INFO] ThirdParty:1030 - CMSIS Pack Vendor :STMicroelectronics X-CUBE-AZRTOS-F7 1.1.0
2025-03-04 14:38:03,936 [INFO] ThirdParty:1030 - CMSIS Pack Vendor :STMicroelectronics X-CUBE-AZRTOS-L5 2.0.0
2025-03-04 14:38:03,936 [INFO] ThirdParty:1030 - CMSIS Pack Vendor :STMicroelectronics USB_DEVICE 2.0.0
2025-03-04 14:38:03,936 [INFO] ThirdParty:1030 - CMSIS Pack Vendor :STMicroelectronics X-CUBE-MEMS1 9.6.0
2025-03-04 14:38:03,937 [INFO] ThirdParty:1030 - CMSIS Pack Vendor :STMicroelectronics X-CUBE-EEPRMA1 4.2.0
2025-03-04 14:38:03,937 [INFO] ThirdParty:1030 - CMSIS Pack Vendor :STMicroelectronics X-CUBE-NFC6 3.1.0
2025-03-04 14:38:03,937 [INFO] ThirdParty:1030 - CMSIS Pack Vendor :ITTIA_DB I-CUBE-ITTIADB 8.8.0
2025-03-04 14:38:03,937 [INFO] ThirdParty:1030 - CMSIS Pack Vendor :STMicroelectronics FP-SNS-MOTENV1 4.3.0
2025-03-04 14:38:03,937 [INFO] ThirdParty:1030 - CMSIS Pack Vendor :STMicroelectronics FP-SNS-MOTENV1 4.3.2
2025-03-04 14:38:03,937 [INFO] ThirdParty:1030 - CMSIS Pack Vendor :STMicroelectronics FP-SNS-FLIGHT1 5.0.0
2025-03-04 14:38:03,937 [INFO] ThirdParty:1030 - CMSIS Pack Vendor :STMicroelectronics X-CUBE-BLE1 6.2.4
2025-03-04 14:38:03,937 [INFO] ThirdParty:1030 - CMSIS Pack Vendor :STMicroelectronics FreeRTOS 0.0.1
2025-03-04 14:38:03,937 [INFO] ThirdParty:1030 - CMSIS Pack Vendor :emotas I-CUBE-CANOPEN 1.1.3
2025-03-04 14:38:03,937 [INFO] ThirdParty:1030 - CMSIS Pack Vendor :STMicroelectronics X-CUBE-BLEMGR 2.0.0
2025-03-04 14:38:03,937 [INFO] ThirdParty:1030 - CMSIS Pack Vendor :STMicroelectronics FP-SNS-FLIGHT1 5.0.2
2025-03-04 14:38:03,937 [INFO] ThirdParty:1030 - CMSIS Pack Vendor :STMicroelectronics X-CUBE-AI 9.0.0
2025-03-04 14:38:03,937 [INFO] ThirdParty:1030 - CMSIS Pack Vendor :STMicroelectronics X-CUBE-AZRTOS-H7 3.1.0
2025-03-04 14:38:03,937 [INFO] ThirdParty:1030 - CMSIS Pack Vendor :STMicroelectronics PDM2PCM 3.3.0
2025-03-04 14:38:03,937 [INFO] ThirdParty:1030 - CMSIS Pack Vendor :STMicroelectronics X-CUBE-DISPLAY 3.0.0
2025-03-04 14:38:03,937 [INFO] ThirdParty:1030 - CMSIS Pack Vendor :STMicroelectronics X-CUBE-BLE1 7.0.0
2025-03-04 14:38:03,937 [INFO] ThirdParty:1030 - CMSIS Pack Vendor :STMicroelectronics X-CUBE-NFC10 1.0.0
2025-03-04 14:38:03,938 [INFO] ThirdParty:1030 - CMSIS Pack Vendor :STMicroelectronics HAL Drivers 0.0.0
2025-03-04 14:38:03,938 [INFO] ThirdParty:1030 - CMSIS Pack Vendor :emotas I-CUBE-CANOPEN 1.3.0
2025-03-04 14:38:03,938 [INFO] ThirdParty:1030 - CMSIS Pack Vendor :STMicroelectronics X-CUBE-FREERTOS 1.3.0
2025-03-04 14:38:03,938 [INFO] ThirdParty:1030 - CMSIS Pack Vendor :STMicroelectronics X-CUBE-TOUCHGFX 4.22.0
2025-03-04 14:38:03,938 [INFO] ThirdParty:1030 - CMSIS Pack Vendor :STMicroelectronics X-CUBE-NFC7 1.0.1
2025-03-04 14:38:03,938 [INFO] ThirdParty:1030 - CMSIS Pack Vendor :STMicroelectronics MBEDTLS 2.14.1
2025-03-04 14:38:03,938 [INFO] ThirdParty:1030 - CMSIS Pack Vendor :STMicroelectronics X-CUBE-NFC7 1.0.0
2025-03-04 14:38:03,938 [INFO] ThirdParty:1030 - CMSIS Pack Vendor :STMicroelectronics X-CUBE-TOUCHGFX 4.22.1
2025-03-04 14:38:03,938 [INFO] ThirdParty:1030 - CMSIS Pack Vendor :wolfSSL I-CUBE-wolfTPM 3.2.0
2025-03-04 14:38:03,939 [INFO] ThirdParty:1030 - CMSIS Pack Vendor :STMicroelectronics X-CUBE-NFC6 3.0.0
2025-03-04 14:38:03,939 [INFO] ThirdParty:1030 - CMSIS Pack Vendor :STMicroelectronics X-CUBE-EEPRMA1 4.1.0
2025-03-04 14:38:03,939 [INFO] ThirdParty:1030 - CMSIS Pack Vendor :STMicroelectronics X-CUBE-BLEMGR 3.1.0
2025-03-04 14:38:03,939 [INFO] ThirdParty:1030 - CMSIS Pack Vendor :STMicroelectronics X-CUBE-AI 10.0.0
2025-03-04 14:38:03,939 [INFO] ThirdParty:1030 - CMSIS Pack Vendor :STMicroelectronics FP-SNS-SMARTAG2 1.2.0
2025-03-04 14:38:03,939 [INFO] ThirdParty:1030 - CMSIS Pack Vendor :STMicroelectronics X-CUBE-MEMS1 11.1.0
2025-03-04 14:38:03,939 [INFO] ThirdParty:1030 - CMSIS Pack Vendor :STMicroelectronics X-CUBE-AZRTOS-WL 2.0.0
2025-03-04 14:38:03,939 [INFO] ThirdParty:1030 - CMSIS Pack Vendor :STMicroelectronics FP-SNS-MOTENV1 5.0.0
2025-03-04 14:38:03,939 [INFO] ThirdParty:1030 - CMSIS Pack Vendor :STMicroelectronics USB_DEVICE 1.0.0
2025-03-04 14:38:03,939 [INFO] ThirdParty:1030 - CMSIS Pack Vendor :STMicroelectronics X-CUBE-AI 8.1.0
2025-03-04 14:38:03,939 [INFO] ThirdParty:1030 - CMSIS Pack Vendor :wolfSSL I-CUBE-wolfMQTT 1.19.0
2025-03-04 14:38:03,939 [INFO] ThirdParty:1030 - CMSIS Pack Vendor :STMicroelectronics X-CUBE-AZRTOS-L4 2.0.0
2025-03-04 14:38:03,939 [INFO] ThirdParty:1030 - CMSIS Pack Vendor :STMicroelectronics ThreadX 0.0.2
2025-03-04 14:38:03,939 [INFO] ThirdParty:1030 - CMSIS Pack Vendor :WES I-CUBE-Cesium 1.3.0
2025-03-04 14:38:03,939 [INFO] ThirdParty:1030 - CMSIS Pack Vendor :STMicroelectronics lwIP 2.1.2
2025-03-04 14:38:03,939 [INFO] ThirdParty:1030 - CMSIS Pack Vendor :STMicroelectronics X-CUBE-SFXS2LP1 4.0.0
2025-03-04 14:38:03,940 [INFO] ThirdParty:1030 - CMSIS Pack Vendor :STMicroelectronics X-CUBE-BLE2 3.3.0
2025-03-04 14:38:03,940 [INFO] ThirdParty:1030 - CMSIS Pack Vendor :STMicroelectronics PDM2PCM 3.2.0
2025-03-04 14:38:03,940 [INFO] ThirdParty:1030 - CMSIS Pack Vendor :STMicroelectronics X-CUBE-ISPU 1.1.0
2025-03-04 14:38:03,940 [INFO] ThirdParty:1030 - CMSIS Pack Vendor :STMicroelectronics X-CUBE-AZRTOS-H7 3.3.0
2025-03-04 14:38:03,940 [INFO] ThirdParty:1030 - CMSIS Pack Vendor :STMicroelectronics X-CUBE-NFC9 1.0.0
2025-03-04 14:38:03,940 [INFO] ThirdParty:1030 - CMSIS Pack Vendor :STMicroelectronics X-CUBE-BLE1 7.1.0
2025-03-04 14:38:03,940 [INFO] ThirdParty:1030 - CMSIS Pack Vendor :STMicroelectronics USB_DEVICE 3.0.0
2025-03-04 14:38:03,940 [INFO] ThirdParty:1030 - CMSIS Pack Vendor :STMicroelectronics X-CUBE-TCPP 4.1.0
2025-03-04 14:38:03,940 [INFO] ThirdParty:1030 - CMSIS Pack Vendor :STMicroelectronics X-CUBE-AZRTOS-WB 2.0.0
2025-03-04 14:38:03,940 [INFO] ThirdParty:1030 - CMSIS Pack Vendor :STMicroelectronics X-CUBE-FREERTOS 1.0.1
2025-03-04 14:38:03,940 [INFO] ThirdParty:1030 - CMSIS Pack Vendor :STMicroelectronics X-CUBE-GNSS1 7.0.1
2025-03-04 14:38:03,940 [INFO] ThirdParty:1030 - CMSIS Pack Vendor :STMicroelectronics X-CUBE-TOUCHGFX 4.21.4
2025-03-04 14:38:03,940 [INFO] ThirdParty:1030 - CMSIS Pack Vendor :STMicroelectronics X-CUBE-ALGOBUILD 1.3.0
2025-03-04 14:38:03,940 [INFO] ThirdParty:1030 - CMSIS Pack Vendor :STMicroelectronics X-CUBE-AZRTOS-L5 1.1.0
2025-03-04 14:38:03,940 [INFO] ThirdParty:1030 - CMSIS Pack Vendor :STMicroelectronics X-CUBE-AZRTOS-G0 1.1.0
2025-03-04 14:38:03,941 [INFO] ThirdParty:1030 - CMSIS Pack Vendor :STMicroelectronics X-CUBE-AI 8.0.1
2025-03-04 14:38:03,941 [INFO] ThirdParty:1030 - CMSIS Pack Vendor :STMicroelectronics X-CUBE-SAFEA1 1.2.2
2025-03-04 14:38:03,941 [INFO] ThirdParty:1030 - CMSIS Pack Vendor :STMicroelectronics X-CUBE-NFC4 3.0.0
2025-03-04 14:38:03,941 [INFO] ThirdParty:1030 - CMSIS Pack Vendor :STMicroelectronics X-CUBE-SUBG2 5.0.0
2025-03-04 14:38:03,941 [INFO] ThirdParty:1030 - CMSIS Pack Vendor :STMicroelectronics STM32_WPAN 1.0.0
2025-03-04 14:38:03,941 [INFO] ThirdParty:1030 - CMSIS Pack Vendor :wolfSSL I-CUBE-wolfMQTT 1.18.0
2025-03-04 14:38:03,941 [INFO] ThirdParty:1030 - CMSIS Pack Vendor :STMicroelectronics lwIP 2.0.3
2025-03-04 14:38:03,941 [INFO] ThirdParty:1030 - CMSIS Pack Vendor :Cesanta I-CUBE-Mongoose 7.13.0
2025-03-04 14:38:03,941 [INFO] ThirdParty:1030 - CMSIS Pack Vendor :STMicroelectronics USB_HOST 1.0.0
2025-03-04 14:38:03,941 [INFO] ThirdParty:1030 - CMSIS Pack Vendor :STMicroelectronics X-CUBE-TOF1 3.3.1
2025-03-04 14:38:03,941 [INFO] ThirdParty:1030 - CMSIS Pack Vendor :STMicroelectronics X-CUBE-AZRTOS-G4 2.0.0
2025-03-04 14:38:03,941 [INFO] ThirdParty:1030 - CMSIS Pack Vendor :STMicroelectronics PDM2PCM 3.1.0
2025-03-04 14:38:03,941 [INFO] ThirdParty:1030 - CMSIS Pack Vendor :STMicroelectronics X-CUBE-TOF1 3.3.0
2025-03-04 14:38:03,941 [INFO] ThirdParty:1030 - CMSIS Pack Vendor :Infineon AIROC-Wi-Fi-Bluetooth-STM32 1.5.1
2025-03-04 14:38:03,941 [INFO] ThirdParty:1030 - CMSIS Pack Vendor :STMicroelectronics X-CUBE-BLEMGR 3.0.0
2025-03-04 14:38:03,941 [INFO] ThirdParty:1030 - CMSIS Pack Vendor :STMicroelectronics FP-SNS-MOTENVWB1 1.3.0
2025-03-04 14:38:03,941 [INFO] ThirdParty:1030 - CMSIS Pack Vendor :STMicroelectronics FP-SNS-MOTENVWB1 1.3.1
2025-03-04 14:38:03,941 [INFO] ThirdParty:1030 - CMSIS Pack Vendor :STMicroelectronics FP-ATR-SIGFOX1 3.2.0
2025-03-04 14:38:03,941 [INFO] ThirdParty:1030 - CMSIS Pack Vendor :STMicroelectronics X-CUBE-AZRTOS-L4 1.0.0
2025-03-04 14:38:03,941 [INFO] ThirdParty:1030 - CMSIS Pack Vendor :STMicroelectronics X-CUBE-ISPU 2.0.0
2025-03-04 14:38:03,941 [INFO] ThirdParty:1030 - CMSIS Pack Vendor :STMicroelectronics X-CUBE-EEPRMA1 5.1.0
2025-03-04 14:38:03,942 [INFO] ThirdParty:1030 - CMSIS Pack Vendor :STMicroelectronics MBEDTLS 2.16.2
2025-03-04 14:38:03,942 [INFO] ThirdParty:1030 - CMSIS Pack Vendor :STMicroelectronics X-CUBE-ALS 1.0.2
2025-03-04 14:38:03,942 [INFO] ThirdParty:1030 - CMSIS Pack Vendor :STMicroelectronics X-CUBE-MEMS1 10.0.0
2025-03-04 14:38:03,942 [INFO] ThirdParty:1030 - CMSIS Pack Vendor :STMicroelectronics X-CUBE-FREERTOS 1.1.0
2025-03-04 14:38:03,942 [INFO] ThirdParty:1030 - CMSIS Pack Vendor :wolfSSL I-CUBE-wolfSSL 5.7.6
2025-03-04 14:38:03,942 [INFO] ThirdParty:1030 - CMSIS Pack Vendor :STMicroelectronics X-CUBE-TOUCHGFX 4.24.0
2025-03-04 14:38:03,942 [INFO] ThirdParty:1030 - CMSIS Pack Vendor :ITTIA_DB I-CUBE-ITTIADB 8.9.0
2025-03-04 14:38:03,942 [INFO] ThirdParty:1030 - CMSIS Pack Vendor :STMicroelectronics X-CUBE-TOUCHGFX 4.24.2
2025-03-04 14:38:03,942 [INFO] ThirdParty:1030 - CMSIS Pack Vendor :STMicroelectronics X-CUBE-AZRTOS-WL 1.0.0
2025-03-04 14:38:03,942 [INFO] ThirdParty:1030 - CMSIS Pack Vendor :STMicroelectronics X-CUBE-TOUCHGFX 4.24.1
2025-03-04 14:38:03,942 [INFO] ThirdParty:1030 - CMSIS Pack Vendor :wolfSSL I-CUBE-wolfTPM 3.4.0
2025-03-04 14:38:03,942 [INFO] ThirdParty:1030 - CMSIS Pack Vendor :portGmbH I-Cube-SoM-uGOAL 1.1.0
2025-03-04 14:38:03,942 [INFO] ThirdParty:1030 - CMSIS Pack Vendor :STMicroelectronics X-CUBE-ALS 1.0.1
2025-03-04 14:38:03,942 [INFO] ThirdParty:1030 - CMSIS Pack Vendor :STMicroelectronics ThreadX 1.0.0
2025-03-04 14:38:03,942 [INFO] ThirdParty:1030 - CMSIS Pack Vendor :STMicroelectronics X-CUBE-AZRTOS-WB 1.1.0
2025-03-04 14:38:03,942 [INFO] ThirdParty:1030 - CMSIS Pack Vendor :SEGGER I-CUBE-embOS 1.3.1
2025-03-04 14:38:03,942 [INFO] ThirdParty:1030 - CMSIS Pack Vendor :STMicroelectronics X-CUBE-ALGOBUILD 1.4.0
2025-03-04 14:38:03,942 [INFO] ThirdParty:1030 - CMSIS Pack Vendor :STMicroelectronics X-CUBE-AZRTOS-H7RS 1.0.0
2025-03-04 14:38:03,942 [INFO] ThirdParty:1030 - CMSIS Pack Vendor :STMicroelectronics FP-ATR-ASTRA1 2.0.0
2025-03-04 14:38:03,942 [INFO] ThirdParty:1030 - CMSIS Pack Vendor :STMicroelectronics X-CUBE-AI 9.1.0
2025-03-04 14:38:03,942 [INFO] ThirdParty:1030 - CMSIS Pack Vendor :STMicroelectronics X-CUBE-TOF1 3.4.0
2025-03-04 14:38:03,942 [INFO] ThirdParty:1030 - CMSIS Pack Vendor :STMicroelectronics X-CUBE-TOF1 3.4.1
2025-03-04 14:38:03,942 [INFO] ThirdParty:1030 - CMSIS Pack Vendor :STMicroelectronics X-CUBE-AZRTOS-H7 3.2.0
2025-03-04 14:38:03,942 [INFO] ThirdParty:1030 - CMSIS Pack Vendor :wolfSSL I-CUBE-wolfSSH 1.4.17
2025-03-04 14:38:03,943 [INFO] ThirdParty:841 - exiting critical section [change project]
2025-03-04 14:38:04,382 [INFO] PinOutPanel:1499 - setPackage(No Configuration,No Configuration)
2025-03-04 14:38:04,383 [INFO] PinOutPanel:1499 - setPackage(STM32F303VCTx,LQFP100)
2025-03-04 14:38:04,979 [INFO] UtilMem:75 - Before build in PCC Used Memory: 525945632 Bytes (633339904)
2025-03-04 14:38:05,796 [INFO] UtilMem:75 - After build in PCC Used Memory: 329416704 Bytes (633339904)
2025-03-04 14:38:05,823 [INFO] IPUIPlugin:80 - create IPUIPlugin
2025-03-04 14:38:05,823 [INFO] IPUIPlugin:80 - create IPUIPlugin
2025-03-04 14:38:05,823 [INFO] IPUIPlugin:80 - create IPUIPlugin
2025-03-04 14:38:05,823 [INFO] IPUIPlugin:80 - create IPUIPlugin
2025-03-04 14:38:05,823 [INFO] IPUIPlugin:80 - create IPUIPlugin
2025-03-04 14:38:05,823 [INFO] IPUIPlugin:80 - create IPUIPlugin
2025-03-04 14:38:05,824 [INFO] IPUIPlugin:80 - create IPUIPlugin
2025-03-04 14:38:05,824 [INFO] IPUIPlugin:80 - create IPUIPlugin
2025-03-04 14:38:05,824 [INFO] IPUIPlugin:80 - create IPUIPlugin
2025-03-04 14:38:05,824 [INFO] IPUIPlugin:80 - create IPUIPlugin
2025-03-04 14:38:05,824 [INFO] IPUIPlugin:80 - create IPUIPlugin
2025-03-04 14:38:05,824 [INFO] IPUIPlugin:80 - create IPUIPlugin
2025-03-04 14:38:05,824 [INFO] IPUIPlugin:80 - create IPUIPlugin
2025-03-04 14:38:05,824 [INFO] IPUIPlugin:80 - create IPUIPlugin
2025-03-04 14:38:05,824 [INFO] IPUIPlugin:80 - create IPUIPlugin
2025-03-04 14:38:05,824 [INFO] IPUIPlugin:80 - create IPUIPlugin
2025-03-04 14:38:05,824 [INFO] IPUIPlugin:80 - create IPUIPlugin
2025-03-04 14:38:05,824 [INFO] IPUIPlugin:80 - create IPUIPlugin
2025-03-04 14:38:05,824 [INFO] IPUIPlugin:80 - create IPUIPlugin
2025-03-04 14:38:05,825 [INFO] IPUIPlugin:80 - create IPUIPlugin
2025-03-04 14:38:05,825 [INFO] IPUIPlugin:80 - create IPUIPlugin
2025-03-04 14:38:05,825 [INFO] IPUIPlugin:80 - create IPUIPlugin
2025-03-04 14:38:05,825 [INFO] IPUIPlugin:80 - create IPUIPlugin
2025-03-04 14:38:05,825 [INFO] IPUIPlugin:80 - create IPUIPlugin
2025-03-04 14:38:05,825 [INFO] IPUIPlugin:80 - create IPUIPlugin
2025-03-04 14:38:05,825 [INFO] IPUIPlugin:80 - create IPUIPlugin
2025-03-04 14:38:05,825 [INFO] IPUIPlugin:80 - create IPUIPlugin
2025-03-04 14:38:05,826 [INFO] IPUIPlugin:80 - create IPUIPlugin
2025-03-04 14:38:05,826 [INFO] IPUIPlugin:80 - create IPUIPlugin
2025-03-04 14:38:05,826 [INFO] IPUIPlugin:80 - create IPUIPlugin
2025-03-04 14:38:05,826 [INFO] IPUIPlugin:80 - create IPUIPlugin
2025-03-04 14:38:05,826 [INFO] IPUIPlugin:80 - create IPUIPlugin
2025-03-04 14:38:05,826 [INFO] IPUIPlugin:80 - create IPUIPlugin
2025-03-04 14:38:05,827 [INFO] IPUIPlugin:80 - create IPUIPlugin
2025-03-04 14:38:05,827 [INFO] IPUIPlugin:80 - create IPUIPlugin
2025-03-04 14:38:05,827 [INFO] IPUIPlugin:80 - create IPUIPlugin
2025-03-04 14:38:05,827 [INFO] IPUIPlugin:80 - create IPUIPlugin
2025-03-04 14:38:05,827 [INFO] IPUIPlugin:80 - create IPUIPlugin
2025-03-04 14:38:05,827 [INFO] IPUIPlugin:80 - create IPUIPlugin
2025-03-04 14:38:05,828 [INFO] IPUIPlugin:80 - create IPUIPlugin
2025-03-04 14:38:05,828 [INFO] IPUIPlugin:80 - create IPUIPlugin
2025-03-04 14:38:05,828 [INFO] IPUIPlugin:80 - create IPUIPlugin
2025-03-04 14:38:05,828 [INFO] IPUIPlugin:80 - create IPUIPlugin
2025-03-04 14:38:05,828 [INFO] IPUIPlugin:80 - create IPUIPlugin
2025-03-04 14:38:05,829 [INFO] IPUIPlugin:80 - create IPUIPlugin
2025-03-04 14:38:05,829 [INFO] IPUIPlugin:80 - create IPUIPlugin
2025-03-04 14:38:05,829 [INFO] IPUIPlugin:80 - create IPUIPlugin
2025-03-04 14:38:05,830 [INFO] IPUIPlugin:80 - create IPUIPlugin
2025-03-04 14:38:05,830 [INFO] IPUIPlugin:80 - create IPUIPlugin
2025-03-04 14:38:05,830 [INFO] IPUIPlugin:80 - create IPUIPlugin
2025-03-04 14:38:05,830 [INFO] IPUIPlugin:80 - create IPUIPlugin
2025-03-04 14:38:05,831 [INFO] IPUIPlugin:80 - create IPUIPlugin
2025-03-04 14:38:05,831 [INFO] IPUIPlugin:80 - create IPUIPlugin
2025-03-04 14:38:05,831 [INFO] IPUIPlugin:80 - create IPUIPlugin
2025-03-04 14:38:05,831 [INFO] IPUIPlugin:80 - create IPUIPlugin
2025-03-04 14:38:06,040 [INFO] CADModel:165 - CPN selected for project levelSTM32F303VCT6
2025-03-04 14:38:06,040 [INFO] CADModel:114 - Register for checkConnection events
2025-03-04 14:38:06,089 [INFO] OpenFileManager:328 - Restore cursor
2025-03-04 14:38:09,699 [INFO] UtilMem:75 - End SaveConfig() Used Memory: 320270560 Bytes (633339904)
2025-03-04 14:38:09,774 [INFO] UtilMem:75 - End SaveConfig() Used Memory: 348044432 Bytes (633339904)
2025-03-04 14:38:10,135 [INFO] BlockDiagram:2759 - set Specific Code input for plugin: RCC
2025-03-04 14:38:10,135 [INFO] BlockDiagram:2759 - set Specific Code input for plugin: NVIC
2025-03-04 14:38:10,137 [INFO] CodeGenerator:799 - code generatio: config db path: D:\ITC\STM32\STM32CubeIDE_1.13.0\STM32CubeIDE\plugins\com.st.stm32cube.common.mx_6.9.0.202307051724\\db\
2025-03-04 14:38:10,454 [INFO] CodeEngine:255 - oldGeneratedFile, D:\AIFARM\STM32_GREENB\stm32f303_uart\MXTmpFiles\license.tmp_save
2025-03-04 14:38:10,794 [INFO] CodeEngine:279 - Generated code: D:\AIFARM\STM32_GREENB\stm32f303_uart\MXTmpFiles\license.tmp
2025-03-04 14:38:10,822 [INFO] CodeEngine:255 - oldGeneratedFile, D:\AIFARM\STM32_GREENB\stm32f303_uart\Core\Src\stm32f3xx_it.c_save
2025-03-04 14:38:11,050 [INFO] CodeEngine:279 - Generated code: D:\AIFARM\STM32_GREENB\stm32f303_uart\Core\Src\stm32f3xx_it.c
2025-03-04 14:38:11,063 [INFO] CodeEngine:255 - oldGeneratedFile, D:\AIFARM\STM32_GREENB\stm32f303_uart\Core\Inc\stm32f3xx_it.h_save
2025-03-04 14:38:11,164 [INFO] CodeEngine:279 - Generated code: D:\AIFARM\STM32_GREENB\stm32f303_uart\Core\Inc\stm32f3xx_it.h
2025-03-04 14:38:11,308 [INFO] CodeEngine:255 - oldGeneratedFile, D:\AIFARM\STM32_GREENB\stm32f303_uart\Core\Src\stm32f3xx_hal_msp.c_save
2025-03-04 14:38:11,447 [INFO] CodeEngine:279 - Generated code: D:\AIFARM\STM32_GREENB\stm32f303_uart\Core\Src\stm32f3xx_hal_msp.c
2025-03-04 14:38:11,460 [INFO] CodeEngine:255 - oldGeneratedFile, D:\AIFARM\STM32_GREENB\stm32f303_uart\MXTmpFiles\system.tmp_save
2025-03-04 14:38:11,535 [INFO] CodeEngine:279 - Generated code: D:\AIFARM\STM32_GREENB\stm32f303_uart\MXTmpFiles\system.tmp
2025-03-04 14:38:11,568 [INFO] CodeEngine:311 - oldGeneratedFile, D:\AIFARM\STM32_GREENB\stm32f303_uart\Core\Inc\stm32f3xx_hal_conf.h_save
2025-03-04 14:38:11,741 [INFO] CodeEngine:335 - Generated code: D:\AIFARM\STM32_GREENB\stm32f303_uart\Core\Inc\stm32f3xx_hal_conf.h
2025-03-04 14:38:11,827 [INFO] CodeEngine:255 - oldGeneratedFile, D:\AIFARM\STM32_GREENB\stm32f303_uart\Core\Inc\main.h_save
2025-03-04 14:38:11,939 [INFO] CodeEngine:279 - Generated code: D:\AIFARM\STM32_GREENB\stm32f303_uart\Core\Inc\main.h
2025-03-04 14:38:11,953 [INFO] CodeEngine:255 - oldGeneratedFile, D:\AIFARM\STM32_GREENB\stm32f303_uart\Core\Src\main.c_save
2025-03-04 14:38:12,098 [INFO] CodeEngine:279 - Generated code: D:\AIFARM\STM32_GREENB\stm32f303_uart\Core\Src\main.c
2025-03-04 14:38:12,837 [INFO] ProjectBuilder:3064 - Time for Copy HAL[1] : 182mS.
2025-03-04 14:38:12,842 [INFO] ProjectBuilder:4404 - Project Generator version: 4.1.0
2025-03-04 14:38:13,139 [INFO] ConfigFileManager:1457 - The Die is : DIE422
2025-03-04 14:38:13,161 [INFO] ApiDbMcu:507 - Load IP Config File for FATFS
2025-03-04 14:38:13,179 [INFO] ApiDbMcu:507 - Load IP Config File for FREERTOS
2025-03-04 14:38:13,213 [INFO] ApiDbMcu:507 - Load IP Config File for TOUCHSENSING
2025-03-04 14:38:13,235 [INFO] ApiDbMcu:507 - Load IP Config File for USB_DEVICE
2025-03-04 14:38:14,455 [INFO] LogOutputStream:77 - [STDOUT_REDIRECT] 
2025-03-04 14:38:19,096 [INFO] ProjectBuilder:4626 - Time for Generating toolchain IDE Files: 6253mS.
2025-03-04 14:38:19,097 [INFO] ProjectBuilder:2935 - Time for Copy CMSIS : 0mS.
2025-03-04 14:38:19,098 [INFO] ProjectBuilder:2935 - Time for Copy CMSIS : 0mS.
2025-03-04 14:38:20,418 [INFO] McuFinderGlobals:76 - Set McuFinderConnectedMode to true
2025-03-04 14:38:20,420 [INFO] ApiDb:448 - Save user favorites file C:\Users\msi1/.stm32cubeide/favorites.mcus.txt: 3 item(s)
2025-03-04 14:38:20,421 [INFO] ApiDb:452 - User favorites MCUs=[STM32F103CBT6, STM32F303VCT6, STM32F407VGT6]
2025-03-04 14:38:56,884 [INFO] UtilMem:75 - End SaveConfig() Used Memory: 738327544 Bytes (1073741824)
2025-03-04 14:38:59,342 [INFO] UtilMem:75 - End SaveConfig() Used Memory: 1006763000 Bytes (1073741824)
2025-03-04 14:38:59,749 [INFO] BlockDiagram:2759 - set Specific Code input for plugin: RCC
2025-03-04 14:38:59,749 [INFO] BlockDiagram:2759 - set Specific Code input for plugin: NVIC
2025-03-04 14:38:59,750 [INFO] BlockDiagram:2759 - set Specific Code input for plugin: GPIO
2025-03-04 14:38:59,751 [INFO] CodeGenerator:799 - code generatio: config db path: D:\ITC\STM32\STM32CubeIDE_1.13.0\STM32CubeIDE\plugins\com.st.stm32cube.common.mx_6.9.0.202307051724\\db\
2025-03-04 14:38:59,905 [INFO] CodeEngine:255 - oldGeneratedFile, D:\AIFARM\STM32_GREENB\stm32f303_uart\MXTmpFiles\license.tmp_save
2025-03-04 14:39:00,030 [INFO] CodeEngine:279 - Generated code: D:\AIFARM\STM32_GREENB\stm32f303_uart\MXTmpFiles\license.tmp
2025-03-04 14:39:00,064 [INFO] CodeEngine:255 - oldGeneratedFile, D:\AIFARM\STM32_GREENB\stm32f303_uart\MXTmpFiles\gpio.tmp_save
2025-03-04 14:39:00,178 [INFO] CodeEngine:279 - Generated code: D:\AIFARM\STM32_GREENB\stm32f303_uart\MXTmpFiles\gpio.tmp
2025-03-04 14:39:00,208 [INFO] CodeEngine:255 - oldGeneratedFile, D:\AIFARM\STM32_GREENB\stm32f303_uart\Core\Src\stm32f3xx_it.c_save
2025-03-04 14:39:00,274 [INFO] CodeEngine:279 - Generated code: D:\AIFARM\STM32_GREENB\stm32f303_uart\Core\Src\stm32f3xx_it.c
2025-03-04 14:39:00,280 [INFO] CodeEngine:255 - oldGeneratedFile, D:\AIFARM\STM32_GREENB\stm32f303_uart\Core\Inc\stm32f3xx_it.h_save
2025-03-04 14:39:00,336 [INFO] CodeEngine:279 - Generated code: D:\AIFARM\STM32_GREENB\stm32f303_uart\Core\Inc\stm32f3xx_it.h
2025-03-04 14:39:00,362 [INFO] CodeEngine:255 - oldGeneratedFile, D:\AIFARM\STM32_GREENB\stm32f303_uart\Core\Src\stm32f3xx_hal_msp.c_save
2025-03-04 14:39:00,433 [INFO] CodeEngine:279 - Generated code: D:\AIFARM\STM32_GREENB\stm32f303_uart\Core\Src\stm32f3xx_hal_msp.c
2025-03-04 14:39:00,436 [INFO] CodeEngine:255 - oldGeneratedFile, D:\AIFARM\STM32_GREENB\stm32f303_uart\MXTmpFiles\system.tmp_save
2025-03-04 14:39:00,484 [INFO] CodeEngine:279 - Generated code: D:\AIFARM\STM32_GREENB\stm32f303_uart\MXTmpFiles\system.tmp
2025-03-04 14:39:00,501 [INFO] CodeEngine:311 - oldGeneratedFile, D:\AIFARM\STM32_GREENB\stm32f303_uart\Core\Inc\stm32f3xx_hal_conf.h_save
2025-03-04 14:39:00,612 [INFO] CodeEngine:335 - Generated code: D:\AIFARM\STM32_GREENB\stm32f303_uart\Core\Inc\stm32f3xx_hal_conf.h
2025-03-04 14:39:00,655 [INFO] CodeEngine:255 - oldGeneratedFile, D:\AIFARM\STM32_GREENB\stm32f303_uart\Core\Inc\main.h_save
2025-03-04 14:39:00,722 [INFO] CodeEngine:279 - Generated code: D:\AIFARM\STM32_GREENB\stm32f303_uart\Core\Inc\main.h
2025-03-04 14:39:00,737 [INFO] CodeEngine:255 - oldGeneratedFile, D:\AIFARM\STM32_GREENB\stm32f303_uart\Core\Src\main.c_save
2025-03-04 14:39:00,860 [INFO] CodeEngine:279 - Generated code: D:\AIFARM\STM32_GREENB\stm32f303_uart\Core\Src\main.c
2025-03-04 14:39:01,317 [INFO] ProjectBuilder:3064 - Time for Copy HAL[1] : 144mS.
2025-03-04 14:39:01,320 [INFO] ProjectBuilder:4404 - Project Generator version: 4.1.0
2025-03-04 14:39:01,528 [INFO] ConfigFileManager:1457 - The Die is : DIE422
2025-03-04 14:39:03,064 [INFO] ProjectBuilder:4626 - Time for Generating toolchain IDE Files: 1744mS.
2025-03-04 14:39:03,065 [INFO] ProjectBuilder:2935 - Time for Copy CMSIS : 0mS.
2025-03-04 14:39:03,067 [INFO] ProjectBuilder:2935 - Time for Copy CMSIS : 0mS.
2025-03-04 14:40:00,622 [INFO] UtilMem:75 - End SaveConfig() Used Memory: 844478128 Bytes (1073741824)
2025-03-04 14:40:04,864 [INFO] UtilMem:75 - End SaveConfig() Used Memory: 753376968 Bytes (1073741824)
2025-03-04 14:40:05,177 [INFO] BlockDiagram:2759 - set Specific Code input for plugin: SYS
2025-03-04 14:40:05,178 [INFO] BlockDiagram:2759 - set Specific Code input for plugin: RCC
2025-03-04 14:40:05,178 [INFO] BlockDiagram:2759 - set Specific Code input for plugin: NVIC
2025-03-04 14:40:05,179 [INFO] BlockDiagram:2759 - set Specific Code input for plugin: USART
2025-03-04 14:40:05,180 [INFO] BlockDiagram:2759 - set Specific Code input for plugin: GPIO
2025-03-04 14:40:05,181 [INFO] CodeGenerator:799 - code generatio: config db path: D:\ITC\STM32\STM32CubeIDE_1.13.0\STM32CubeIDE\plugins\com.st.stm32cube.common.mx_6.9.0.202307051724\\db\
2025-03-04 14:40:05,339 [INFO] CodeEngine:255 - oldGeneratedFile, D:\AIFARM\STM32_GREENB\stm32f303_uart\MXTmpFiles\license.tmp_save
2025-03-04 14:40:05,421 [INFO] CodeEngine:279 - Generated code: D:\AIFARM\STM32_GREENB\stm32f303_uart\MXTmpFiles\license.tmp
2025-03-04 14:40:05,466 [INFO] CodeEngine:255 - oldGeneratedFile, D:\AIFARM\STM32_GREENB\stm32f303_uart\MXTmpFiles\gpio.tmp_save
2025-03-04 14:40:05,552 [INFO] CodeEngine:279 - Generated code: D:\AIFARM\STM32_GREENB\stm32f303_uart\MXTmpFiles\gpio.tmp
2025-03-04 14:40:05,646 [INFO] CodeEngine:255 - oldGeneratedFile, D:\AIFARM\STM32_GREENB\stm32f303_uart\Core\Src\stm32f3xx_it.c_save
2025-03-04 14:40:05,713 [INFO] CodeEngine:279 - Generated code: D:\AIFARM\STM32_GREENB\stm32f303_uart\Core\Src\stm32f3xx_it.c
2025-03-04 14:40:05,718 [INFO] CodeEngine:255 - oldGeneratedFile, D:\AIFARM\STM32_GREENB\stm32f303_uart\Core\Inc\stm32f3xx_it.h_save
2025-03-04 14:40:05,775 [INFO] CodeEngine:279 - Generated code: D:\AIFARM\STM32_GREENB\stm32f303_uart\Core\Inc\stm32f3xx_it.h
2025-03-04 14:40:05,799 [INFO] CodeEngine:255 - oldGeneratedFile, D:\AIFARM\STM32_GREENB\stm32f303_uart\Core\Src\stm32f3xx_hal_msp.c_save
2025-03-04 14:40:05,930 [INFO] CodeEngine:279 - Generated code: D:\AIFARM\STM32_GREENB\stm32f303_uart\Core\Src\stm32f3xx_hal_msp.c
2025-03-04 14:40:05,934 [INFO] CodeEngine:255 - oldGeneratedFile, D:\AIFARM\STM32_GREENB\stm32f303_uart\MXTmpFiles\system.tmp_save
2025-03-04 14:40:05,985 [INFO] CodeEngine:279 - Generated code: D:\AIFARM\STM32_GREENB\stm32f303_uart\MXTmpFiles\system.tmp
2025-03-04 14:40:06,004 [INFO] CodeEngine:311 - oldGeneratedFile, D:\AIFARM\STM32_GREENB\stm32f303_uart\Core\Inc\stm32f3xx_hal_conf.h_save
2025-03-04 14:40:06,092 [INFO] CodeEngine:335 - Generated code: D:\AIFARM\STM32_GREENB\stm32f303_uart\Core\Inc\stm32f3xx_hal_conf.h
2025-03-04 14:40:06,198 [INFO] CodeEngine:255 - oldGeneratedFile, D:\AIFARM\STM32_GREENB\stm32f303_uart\Core\Inc\main.h_save
2025-03-04 14:40:06,253 [INFO] CodeEngine:279 - Generated code: D:\AIFARM\STM32_GREENB\stm32f303_uart\Core\Inc\main.h
2025-03-04 14:40:06,268 [INFO] CodeEngine:255 - oldGeneratedFile, D:\AIFARM\STM32_GREENB\stm32f303_uart\Core\Src\main.c_save
2025-03-04 14:40:06,403 [INFO] CodeEngine:279 - Generated code: D:\AIFARM\STM32_GREENB\stm32f303_uart\Core\Src\main.c
2025-03-04 14:40:06,901 [INFO] ProjectBuilder:3064 - Time for Copy HAL[1] : 159mS.
2025-03-04 14:40:06,904 [INFO] ProjectBuilder:4404 - Project Generator version: 4.1.0
2025-03-04 14:40:07,113 [INFO] ConfigFileManager:1457 - The Die is : DIE422
2025-03-04 14:40:08,402 [INFO] ProjectBuilder:4626 - Time for Generating toolchain IDE Files: 1497mS.
2025-03-04 14:40:08,402 [INFO] ProjectBuilder:2935 - Time for Copy CMSIS : 0mS.
2025-03-04 14:40:08,404 [INFO] ProjectBuilder:2935 - Time for Copy CMSIS : 0mS.
2025-03-04 14:53:39,432 [INFO] UtilMem:75 - End SaveConfig() Used Memory: 750876912 Bytes (1073741824)
2025-03-04 14:53:39,722 [INFO] BlockDiagram:2759 - set Specific Code input for plugin: SYS
2025-03-04 14:53:39,722 [INFO] BlockDiagram:2759 - set Specific Code input for plugin: RCC
2025-03-04 14:53:39,722 [INFO] BlockDiagram:2759 - set Specific Code input for plugin: NVIC
2025-03-04 14:53:39,722 [INFO] BlockDiagram:2759 - set Specific Code input for plugin: USART
2025-03-04 14:53:39,723 [INFO] BlockDiagram:2759 - set Specific Code input for plugin: GPIO
2025-03-04 14:53:39,724 [INFO] CodeGenerator:799 - code generatio: config db path: D:\ITC\STM32\STM32CubeIDE_1.13.0\STM32CubeIDE\plugins\com.st.stm32cube.common.mx_6.9.0.202307051724\\db\
2025-03-04 14:53:39,870 [INFO] CodeEngine:255 - oldGeneratedFile, D:\AIFARM\STM32_GREENB\stm32f303_uart\MXTmpFiles\license.tmp_save
2025-03-04 14:53:40,210 [INFO] CodeEngine:279 - Generated code: D:\AIFARM\STM32_GREENB\stm32f303_uart\MXTmpFiles\license.tmp
2025-03-04 14:53:40,236 [INFO] CodeEngine:255 - oldGeneratedFile, D:\AIFARM\STM32_GREENB\stm32f303_uart\MXTmpFiles\gpio.tmp_save
2025-03-04 14:53:40,368 [INFO] CodeEngine:279 - Generated code: D:\AIFARM\STM32_GREENB\stm32f303_uart\MXTmpFiles\gpio.tmp
2025-03-04 14:53:40,441 [INFO] CodeEngine:255 - oldGeneratedFile, D:\AIFARM\STM32_GREENB\stm32f303_uart\Core\Src\stm32f3xx_it.c_save
2025-03-04 14:53:40,606 [INFO] CodeEngine:279 - Generated code: D:\AIFARM\STM32_GREENB\stm32f303_uart\Core\Src\stm32f3xx_it.c
2025-03-04 14:53:40,610 [INFO] CodeEngine:255 - oldGeneratedFile, D:\AIFARM\STM32_GREENB\stm32f303_uart\Core\Inc\stm32f3xx_it.h_save
2025-03-04 14:53:40,705 [INFO] CodeEngine:279 - Generated code: D:\AIFARM\STM32_GREENB\stm32f303_uart\Core\Inc\stm32f3xx_it.h
2025-03-04 14:53:40,729 [INFO] CodeEngine:255 - oldGeneratedFile, D:\AIFARM\STM32_GREENB\stm32f303_uart\Core\Src\stm32f3xx_hal_msp.c_save
2025-03-04 14:53:40,842 [INFO] CodeEngine:279 - Generated code: D:\AIFARM\STM32_GREENB\stm32f303_uart\Core\Src\stm32f3xx_hal_msp.c
2025-03-04 14:53:40,846 [INFO] CodeEngine:255 - oldGeneratedFile, D:\AIFARM\STM32_GREENB\stm32f303_uart\MXTmpFiles\system.tmp_save
2025-03-04 14:53:40,896 [INFO] CodeEngine:279 - Generated code: D:\AIFARM\STM32_GREENB\stm32f303_uart\MXTmpFiles\system.tmp
2025-03-04 14:53:40,920 [INFO] CodeEngine:311 - oldGeneratedFile, D:\AIFARM\STM32_GREENB\stm32f303_uart\Core\Inc\stm32f3xx_hal_conf.h_save
2025-03-04 14:53:41,018 [INFO] CodeEngine:335 - Generated code: D:\AIFARM\STM32_GREENB\stm32f303_uart\Core\Inc\stm32f3xx_hal_conf.h
2025-03-04 14:53:41,077 [INFO] CodeEngine:255 - oldGeneratedFile, D:\AIFARM\STM32_GREENB\stm32f303_uart\Core\Inc\main.h_save
2025-03-04 14:53:41,171 [INFO] CodeEngine:279 - Generated code: D:\AIFARM\STM32_GREENB\stm32f303_uart\Core\Inc\main.h
2025-03-04 14:53:41,189 [INFO] CodeEngine:255 - oldGeneratedFile, D:\AIFARM\STM32_GREENB\stm32f303_uart\Core\Src\main.c_save
2025-03-04 14:53:41,281 [INFO] CodeEngine:279 - Generated code: D:\AIFARM\STM32_GREENB\stm32f303_uart\Core\Src\main.c
2025-03-04 14:53:41,772 [INFO] ProjectBuilder:3064 - Time for Copy HAL[1] : 160mS.
2025-03-04 14:53:41,774 [INFO] ProjectBuilder:4404 - Project Generator version: 4.1.0
2025-03-04 14:53:42,027 [INFO] ConfigFileManager:1457 - The Die is : DIE422
2025-03-04 14:53:43,608 [INFO] ProjectBuilder:4626 - Time for Generating toolchain IDE Files: 1833mS.
2025-03-04 14:53:43,610 [INFO] ProjectBuilder:2935 - Time for Copy CMSIS : 2mS.
2025-03-04 14:53:43,612 [INFO] ProjectBuilder:2935 - Time for Copy CMSIS : 0mS.
2025-03-04 15:06:44,269 [INFO] UtilMem:75 - End SaveConfig() Used Memory: 717202136 Bytes (1073741824)
2025-03-04 15:06:44,835 [INFO] BlockDiagram:2759 - set Specific Code input for plugin: SYS
2025-03-04 15:06:44,837 [INFO] BlockDiagram:2759 - set Specific Code input for plugin: RCC
2025-03-04 15:06:44,837 [INFO] BlockDiagram:2759 - set Specific Code input for plugin: NVIC
2025-03-04 15:06:44,837 [INFO] BlockDiagram:2759 - set Specific Code input for plugin: USART
2025-03-04 15:06:44,837 [INFO] BlockDiagram:2759 - set Specific Code input for plugin: GPIO
2025-03-04 15:06:44,840 [INFO] CodeGenerator:799 - code generatio: config db path: D:\ITC\STM32\STM32CubeIDE_1.13.0\STM32CubeIDE\plugins\com.st.stm32cube.common.mx_6.9.0.202307051724\\db\
2025-03-04 15:06:45,069 [INFO] CodeEngine:255 - oldGeneratedFile, D:\AIFARM\STM32_GREENB\stm32f303_uart\MXTmpFiles\license.tmp_save
2025-03-04 15:06:45,296 [INFO] CodeEngine:279 - Generated code: D:\AIFARM\STM32_GREENB\stm32f303_uart\MXTmpFiles\license.tmp
2025-03-04 15:06:45,333 [INFO] CodeEngine:255 - oldGeneratedFile, D:\AIFARM\STM32_GREENB\stm32f303_uart\MXTmpFiles\gpio.tmp_save
2025-03-04 15:06:45,434 [INFO] CodeEngine:279 - Generated code: D:\AIFARM\STM32_GREENB\stm32f303_uart\MXTmpFiles\gpio.tmp
2025-03-04 15:06:45,510 [INFO] CodeEngine:255 - oldGeneratedFile, D:\AIFARM\STM32_GREENB\stm32f303_uart\Core\Src\stm32f3xx_it.c_save
2025-03-04 15:06:45,949 [INFO] CodeEngine:279 - Generated code: D:\AIFARM\STM32_GREENB\stm32f303_uart\Core\Src\stm32f3xx_it.c
2025-03-04 15:06:45,961 [INFO] CodeEngine:255 - oldGeneratedFile, D:\AIFARM\STM32_GREENB\stm32f303_uart\Core\Inc\stm32f3xx_it.h_save
2025-03-04 15:06:46,034 [INFO] CodeEngine:279 - Generated code: D:\AIFARM\STM32_GREENB\stm32f303_uart\Core\Inc\stm32f3xx_it.h
2025-03-04 15:06:46,061 [INFO] CodeEngine:255 - oldGeneratedFile, D:\AIFARM\STM32_GREENB\stm32f303_uart\Core\Src\stm32f3xx_hal_msp.c_save
2025-03-04 15:06:46,234 [INFO] CodeEngine:279 - Generated code: D:\AIFARM\STM32_GREENB\stm32f303_uart\Core\Src\stm32f3xx_hal_msp.c
2025-03-04 15:06:46,238 [INFO] CodeEngine:255 - oldGeneratedFile, D:\AIFARM\STM32_GREENB\stm32f303_uart\MXTmpFiles\system.tmp_save
2025-03-04 15:06:46,305 [INFO] CodeEngine:279 - Generated code: D:\AIFARM\STM32_GREENB\stm32f303_uart\MXTmpFiles\system.tmp
2025-03-04 15:06:46,327 [INFO] CodeEngine:311 - oldGeneratedFile, D:\AIFARM\STM32_GREENB\stm32f303_uart\Core\Inc\stm32f3xx_hal_conf.h_save
2025-03-04 15:06:46,410 [INFO] CodeEngine:335 - Generated code: D:\AIFARM\STM32_GREENB\stm32f303_uart\Core\Inc\stm32f3xx_hal_conf.h
2025-03-04 15:06:46,462 [INFO] CodeEngine:255 - oldGeneratedFile, D:\AIFARM\STM32_GREENB\stm32f303_uart\Core\Inc\main.h_save
2025-03-04 15:06:47,624 [INFO] CodeEngine:279 - Generated code: D:\AIFARM\STM32_GREENB\stm32f303_uart\Core\Inc\main.h
2025-03-04 15:06:47,641 [INFO] CodeEngine:255 - oldGeneratedFile, D:\AIFARM\STM32_GREENB\stm32f303_uart\Core\Src\main.c_save
2025-03-04 15:06:47,740 [INFO] CodeEngine:279 - Generated code: D:\AIFARM\STM32_GREENB\stm32f303_uart\Core\Src\main.c
2025-03-04 15:06:48,285 [INFO] ProjectBuilder:3064 - Time for Copy HAL[1] : 153mS.
2025-03-04 15:06:48,291 [INFO] ProjectBuilder:4404 - Project Generator version: 4.1.0
2025-03-04 15:06:48,602 [INFO] ConfigFileManager:1457 - The Die is : DIE422
2025-03-04 15:06:49,991 [INFO] ProjectBuilder:4626 - Time for Generating toolchain IDE Files: 1700mS.
2025-03-04 15:06:49,993 [INFO] ProjectBuilder:2935 - Time for Copy CMSIS : 2mS.
2025-03-04 15:06:49,995 [INFO] ProjectBuilder:2935 - Time for Copy CMSIS : 0mS.
