2025-03-06 15:36:14,129 [INFO] Activator:176 - 


2025-03-06 15:36:14,136 [INFO] Activator:177 - !SESSION log4j initialized
2025-03-06 15:36:22,239 [INFO] LogOutputStream:77 - [STDOUT_REDIRECT] 
2025-03-06 15:36:24,494 [INFO] ApplicationProperties:184 - Using Application install path: D:\ITC\STM32\STM32CubeIDE_1.13.0\STM32CubeIDE\plugins\com.st.stm32cube.common.mx_6.9.0.202307051724
2025-03-06 15:36:24,514 [INFO] DbMcusXml:78 - Set database path to: D:\ITC\STM32\STM32CubeIDE_1.13.0\STM32CubeIDE\plugins\com.st.stm32cube.common.mx_6.9.0.202307051724\\db\/mcu/
2025-03-06 15:36:24,515 [INFO] ApiDb:274 - Set plugin database path to: D:\ITC\STM32\STM32CubeIDE_1.13.0\STM32CubeIDE\plugins\com.st.stm32cube.common.mx_6.9.0.202307051724\\db\/plugins/boardmanager/
2025-03-06 15:36:24,515 [WARN] ApiDb:259 - Overriding images path with different value:  => D:\ITC\STM32\STM32CubeIDE_1.13.0\STM32CubeIDE\plugins\com.st.stm32cube.common.mx_6.9.0.202307051724\\db\/plugins/mcufinder/images/
2025-03-06 15:36:24,529 [INFO] ApiDb:250 - Set database path to: C:\Users\msi1\.stmcufinder\plugins\mcufinder//mcu/
2025-03-06 15:36:24,530 [INFO] DbMcusAds:125 - Set database path to: C:\Users\msi1\.stmcufinder\plugins\mcufinder//mcu/
2025-03-06 15:36:24,531 [INFO] CrossReferenceDbSqlite:203 - Set database path to: C:\Users\msi1\.stmcufinder\plugins\mcufinder//mcu/cs/
2025-03-06 15:36:24,643 [INFO] RulesReader:64 - Compatibility file has been processed (293 Rules)
2025-03-06 15:36:24,728 [INFO] DbMcusXml:78 - Set database path to: D:\ITC\STM32\STM32CubeIDE_1.13.0\STM32CubeIDE\plugins\com.st.stm32cube.common.mx_6.9.0.202307051724\\db\/mcu/
2025-03-06 15:36:24,729 [INFO] ApiDb:274 - Set plugin database path to: D:\ITC\STM32\STM32CubeIDE_1.13.0\STM32CubeIDE\plugins\com.st.stm32cube.common.mx_6.9.0.202307051724\\db\/plugins/boardmanager/
2025-03-06 15:36:24,729 [INFO] ApiDb:261 - Set plugin images path to: D:\ITC\STM32\STM32CubeIDE_1.13.0\STM32CubeIDE\plugins\com.st.stm32cube.common.mx_6.9.0.202307051724\\db\/plugins/mcufinder/images/
2025-03-06 15:36:24,729 [WARN] DbFile:41 - Overriding database path with different value: C:\Users\msi1\.stmcufinder\plugins\mcufinder/ => C:\Users\msi1\.stmcufinder\plugins\mcufinder
2025-03-06 15:36:24,729 [INFO] ApiDb:250 - Set database path to: C:\Users\msi1\.stmcufinder\plugins\mcufinder//mcu/
2025-03-06 15:36:24,730 [WARN] DbFile:41 - Overriding database path with different value: C:\Users\msi1\.stmcufinder\plugins\mcufinder/ => C:\Users\msi1\.stmcufinder\plugins\mcufinder
2025-03-06 15:36:24,730 [INFO] DbMcusAds:125 - Set database path to: C:\Users\msi1\.stmcufinder\plugins\mcufinder//mcu/
2025-03-06 15:36:24,730 [WARN] DbFile:41 - Overriding database path with different value: C:\Users\msi1\.stmcufinder\plugins\mcufinder/ => C:\Users\msi1\.stmcufinder\plugins\mcufinder
2025-03-06 15:36:24,730 [WARN] DbFile:41 - Overriding database path with different value: C:\Users\msi1\.stmcufinder\plugins\mcufinder/ => C:\Users\msi1\.stmcufinder\plugins\mcufinder
2025-03-06 15:36:24,730 [INFO] CrossReferenceDbSqlite:203 - Set database path to: C:\Users\msi1\.stmcufinder\plugins\mcufinder//mcu/cs/
2025-03-06 15:36:24,809 [INFO] MainPanel:262 - HeapMemory: 268435456
2025-03-06 15:36:24,915 [INFO] DbMcusXml:78 - Set database path to: D:\ITC\STM32\STM32CubeIDE_1.13.0\STM32CubeIDE\plugins\com.st.stm32cube.common.mx_6.9.0.202307051724\\db\/mcu/
2025-03-06 15:36:24,915 [INFO] ApiDb:274 - Set plugin database path to: D:\ITC\STM32\STM32CubeIDE_1.13.0\STM32CubeIDE\plugins\com.st.stm32cube.common.mx_6.9.0.202307051724\\db\/plugins/boardmanager/
2025-03-06 15:36:24,915 [INFO] ApiDb:261 - Set plugin images path to: D:\ITC\STM32\STM32CubeIDE_1.13.0\STM32CubeIDE\plugins\com.st.stm32cube.common.mx_6.9.0.202307051724\\db\/plugins/mcufinder/images/
2025-03-06 15:36:24,915 [WARN] DbFile:41 - Overriding database path with different value: C:\Users\msi1\.stmcufinder\plugins\mcufinder/ => C:\Users\msi1\.stmcufinder\plugins\mcufinder
2025-03-06 15:36:24,915 [INFO] ApiDb:250 - Set database path to: C:\Users\msi1\.stmcufinder\plugins\mcufinder//mcu/
2025-03-06 15:36:24,915 [WARN] DbFile:41 - Overriding database path with different value: C:\Users\msi1\.stmcufinder\plugins\mcufinder/ => C:\Users\msi1\.stmcufinder\plugins\mcufinder
2025-03-06 15:36:24,915 [INFO] DbMcusAds:125 - Set database path to: C:\Users\msi1\.stmcufinder\plugins\mcufinder//mcu/
2025-03-06 15:36:24,915 [WARN] DbFile:41 - Overriding database path with different value: C:\Users\msi1\.stmcufinder\plugins\mcufinder/ => C:\Users\msi1\.stmcufinder\plugins\mcufinder
2025-03-06 15:36:24,915 [WARN] DbFile:41 - Overriding database path with different value: C:\Users\msi1\.stmcufinder\plugins\mcufinder/ => C:\Users\msi1\.stmcufinder\plugins\mcufinder
2025-03-06 15:36:24,915 [INFO] CrossReferenceDbSqlite:203 - Set database path to: C:\Users\msi1\.stmcufinder\plugins\mcufinder//mcu/cs/
2025-03-06 15:36:24,936 [INFO] ApplicationProperties:184 - Using Application install path: D:\ITC\STM32\STM32CubeIDE_1.13.0\STM32CubeIDE\plugins\com.st.stm32cube.common.mx_6.9.0.202307051724
2025-03-06 15:36:24,937 [INFO] PluginManage:196 - Search for loadable plugins [exclusion list=, ]
2025-03-06 15:36:24,939 [INFO] PluginManage:310 - Check plugin analytics
2025-03-06 15:36:25,120 [INFO] AnalyticsPlugin:253 - Accepted Software Licenses: 
2025-03-06 15:36:25,120 [INFO] AnalyticsPlugin:255 - Accepted CMSIS Pack Licenses: 
2025-03-06 15:36:25,120 [INFO] AnalyticsPlugin:257 - Accepted Firmware Licenses: FW.F4.1.27.0
2025-03-06 15:36:25,122 [INFO] PluginManage:359 - Loaded plugin analytics (category:tool,tabindex:-1)
2025-03-06 15:36:25,123 [INFO] PluginManage:310 - Check plugin cadmodel
2025-03-06 15:36:25,143 [INFO] CADModel:105 - Init CAD model plugin
2025-03-06 15:36:25,144 [INFO] PluginManage:359 - Loaded plugin cadmodel (category:power,tabindex:5)
2025-03-06 15:36:25,144 [INFO] PluginManage:310 - Check plugin clock
2025-03-06 15:36:25,169 [INFO] PluginManage:359 - Loaded plugin clock (category:base,tabindex:2)
2025-03-06 15:36:25,169 [INFO] PluginManage:310 - Check plugin ddr
2025-03-06 15:36:25,172 [INFO] PluginManage:359 - Loaded plugin ddr (category:tool,tabindex:6)
2025-03-06 15:36:25,172 [INFO] PluginManage:310 - Check plugin filemanager
2025-03-06 15:36:25,311 [INFO] PluginManage:359 - Loaded plugin filemanager (category:base,tabindex:10)
2025-03-06 15:36:25,311 [INFO] PluginManage:310 - Check plugin ipmanager
2025-03-06 15:36:25,319 [INFO] PluginManage:359 - Loaded plugin ipmanager (category:base,tabindex:5)
2025-03-06 15:36:25,320 [INFO] PluginManage:310 - Check plugin lpbam
2025-03-06 15:36:25,339 [INFO] PluginManage:359 - Loaded plugin lpbam (category:base,tabindex:0)
2025-03-06 15:36:25,340 [INFO] PluginManage:310 - Check plugin memorymap
2025-03-06 15:36:25,402 [INFO] PluginManage:359 - Loaded plugin memorymap (category:base,tabindex:4)
2025-03-06 15:36:25,402 [INFO] PluginManage:310 - Check plugin pinoutandconfiguration
2025-03-06 15:36:25,422 [INFO] PluginManage:359 - Loaded plugin pinoutandconfiguration (category:base,tabindex:1)
2025-03-06 15:36:25,423 [INFO] PluginManage:310 - Check plugin pinoutconfig
2025-03-06 15:36:25,516 [WARN] SupportedApi:132 - Cannot load RTOS API schema: s4s-elt-must-match.1: The content of 'definitions' must match (annotation?, (simpleType | complexType)?, (unique | key | keyref)*)). A problem was found starting at: attribute.
2025-03-06 15:36:25,648 [INFO] PluginManage:359 - Loaded plugin pinoutconfig (category:base,tabindex:0)
2025-03-06 15:36:25,649 [INFO] PluginManage:310 - Check plugin power
2025-03-06 15:36:25,680 [INFO] PluginManage:359 - Loaded plugin power (category:power,tabindex:4)
2025-03-06 15:36:25,681 [INFO] PluginManage:310 - Check plugin projectmanager
2025-03-06 15:36:25,695 [INFO] PluginManage:359 - Loaded plugin projectmanager (category:projectmanager,tabindex:3)
2025-03-06 15:36:25,695 [INFO] PluginManage:310 - Check plugin thirdparty
2025-03-06 15:36:26,110 [INFO] PluginManage:359 - Loaded plugin thirdparty (category:base,tabindex:-1)
2025-03-06 15:36:26,110 [WARN] IntegrityCheckThread:84 - waiting for thirdparty lock release [integrity check]
2025-03-06 15:36:26,110 [INFO] PluginManage:310 - Check plugin tools
2025-03-06 15:36:26,111 [INFO] IntegrityCheckThread:86 - entering critical section [integrity check]
2025-03-06 15:36:26,111 [INFO] ThirdPartyUpdaterWithRetryManager:70 - Updater plugin not ready yet. [1/15]
2025-03-06 15:36:26,179 [INFO] PluginManage:359 - Loaded plugin tools (category:base,tabindex:7)
2025-03-06 15:36:26,179 [INFO] PluginManage:310 - Check plugin tutovideos
2025-03-06 15:36:26,398 [INFO] PluginManage:359 - Loaded plugin tutovideos (category:base,tabindex:-1)
2025-03-06 15:36:26,398 [INFO] PluginManage:310 - Check plugin updater
2025-03-06 15:36:26,411 [INFO] PluginManage:359 - Loaded plugin updater (category:base,tabindex:12)
2025-03-06 15:36:26,412 [INFO] PluginManage:310 - Check plugin userauth
2025-03-06 15:36:26,418 [INFO] UserAuth:113 - Init User Auth plugin
2025-03-06 15:36:26,418 [INFO] PluginManage:359 - Loaded plugin userauth (category:base,tabindex:14)
2025-03-06 15:36:26,418 [INFO] PluginManage:283 - PluginManage : Loaded plugins [17]
2025-03-06 15:36:26,644 [INFO] PinOutPanel:1499 - setPackage(No Configuration,No Configuration)
2025-03-06 15:36:26,750 [INFO] CADModel:165 - CPN selected for project level
2025-03-06 15:36:26,750 [INFO] CADModel:114 - Register for checkConnection events
2025-03-06 15:36:26,781 [INFO] IPUIPlugin:80 - create IPUIPlugin
2025-03-06 15:36:26,781 [INFO] PluginManager:220 - loadIPPluginJar : add adc
2025-03-06 15:36:26,823 [INFO] IPUIPlugin:80 - create IPUIPlugin
2025-03-06 15:36:26,824 [INFO] PluginManager:220 - loadIPPluginJar : add aes
2025-03-06 15:36:26,872 [INFO] IPUIPlugin:80 - create IPUIPlugin
2025-03-06 15:36:26,872 [INFO] PluginManager:220 - loadIPPluginJar : add can
2025-03-06 15:36:26,901 [INFO] IPUIPlugin:80 - create IPUIPlugin
2025-03-06 15:36:26,901 [INFO] PluginManager:220 - loadIPPluginJar : add comp
2025-03-06 15:36:26,942 [INFO] IPUIPlugin:80 - create IPUIPlugin
2025-03-06 15:36:26,942 [INFO] PluginManager:220 - loadIPPluginJar : add cryp
2025-03-06 15:36:26,980 [INFO] IPUIPlugin:80 - create IPUIPlugin
2025-03-06 15:36:26,980 [INFO] PluginManager:220 - loadIPPluginJar : add dfsdm
2025-03-06 15:36:26,997 [INFO] IPUIPlugin:80 - create IPUIPlugin
2025-03-06 15:36:26,997 [INFO] PluginManager:220 - loadIPPluginJar : add dma
2025-03-06 15:36:27,048 [INFO] IPUIPlugin:80 - create IPUIPlugin
2025-03-06 15:36:27,048 [INFO] PluginManager:220 - loadIPPluginJar : add dma3
2025-03-06 15:36:27,076 [INFO] IPUIPlugin:80 - create IPUIPlugin
2025-03-06 15:36:27,076 [INFO] PluginManager:220 - loadIPPluginJar : add fatfs
2025-03-06 15:36:27,142 [INFO] IPUIPlugin:80 - create IPUIPlugin
2025-03-06 15:36:27,142 [INFO] PluginManager:220 - loadIPPluginJar : add fmc
2025-03-06 15:36:27,162 [INFO] IPUIPlugin:80 - create IPUIPlugin
2025-03-06 15:36:27,162 [INFO] PluginManager:220 - loadIPPluginJar : add freertos
2025-03-06 15:36:27,189 [INFO] IPUIPlugin:80 - create IPUIPlugin
2025-03-06 15:36:27,189 [INFO] PluginManager:220 - loadIPPluginJar : add genericplugin
2025-03-06 15:36:27,308 [INFO] IPUIPlugin:80 - create IPUIPlugin
2025-03-06 15:36:27,309 [INFO] PluginManager:220 - loadIPPluginJar : add gfxmmu
2025-03-06 15:36:27,461 [INFO] IPUIPlugin:80 - create IPUIPlugin
2025-03-06 15:36:27,461 [INFO] PluginManager:220 - loadIPPluginJar : add gic
2025-03-06 15:36:27,479 [INFO] IPUIPlugin:80 - create IPUIPlugin
2025-03-06 15:36:27,479 [INFO] PluginManager:220 - loadIPPluginJar : add gpio
2025-03-06 15:36:27,588 [INFO] IPUIPlugin:80 - create IPUIPlugin
2025-03-06 15:36:27,588 [INFO] PluginManager:220 - loadIPPluginJar : add gtzc
2025-03-06 15:36:27,635 [INFO] IPUIPlugin:80 - create IPUIPlugin
2025-03-06 15:36:27,635 [INFO] PluginManager:220 - loadIPPluginJar : add hash
2025-03-06 15:36:27,702 [INFO] IPUIPlugin:80 - create IPUIPlugin
2025-03-06 15:36:27,702 [INFO] PluginManager:220 - loadIPPluginJar : add i2c
2025-03-06 15:36:27,747 [INFO] IPUIPlugin:80 - create IPUIPlugin
2025-03-06 15:36:27,747 [INFO] PluginManager:220 - loadIPPluginJar : add i2s
2025-03-06 15:36:27,808 [INFO] IPUIPlugin:80 - create IPUIPlugin
2025-03-06 15:36:27,808 [INFO] PluginManager:220 - loadIPPluginJar : add i3c
2025-03-06 15:36:27,927 [INFO] IPUIPlugin:80 - create IPUIPlugin
2025-03-06 15:36:27,928 [INFO] PluginManager:220 - loadIPPluginJar : add ipddr
2025-03-06 15:36:28,038 [INFO] IPUIPlugin:80 - create IPUIPlugin
2025-03-06 15:36:28,038 [INFO] PluginManager:220 - loadIPPluginJar : add linkedlist
2025-03-06 15:36:28,082 [INFO] IPUIPlugin:80 - create IPUIPlugin
2025-03-06 15:36:28,082 [INFO] PluginManager:220 - loadIPPluginJar : add lorawan
2025-03-06 15:36:28,124 [INFO] IPUIPlugin:80 - create IPUIPlugin
2025-03-06 15:36:28,124 [INFO] PluginManager:220 - loadIPPluginJar : add ltdc
2025-03-06 15:36:28,143 [INFO] IPUIPlugin:80 - create IPUIPlugin
2025-03-06 15:36:28,143 [INFO] PluginManager:220 - loadIPPluginJar : add mdma
2025-03-06 15:36:28,159 [INFO] IPUIPlugin:80 - create IPUIPlugin
2025-03-06 15:36:28,159 [INFO] PluginManager:220 - loadIPPluginJar : add nvic
2025-03-06 15:36:28,217 [INFO] IPUIPlugin:80 - create IPUIPlugin
2025-03-06 15:36:28,217 [INFO] PluginManager:220 - loadIPPluginJar : add opamp
2025-03-06 15:36:28,307 [INFO] IPUIPlugin:80 - create IPUIPlugin
2025-03-06 15:36:28,307 [INFO] PluginManager:220 - loadIPPluginJar : add openamp
2025-03-06 15:36:28,363 [INFO] IPUIPlugin:80 - create IPUIPlugin
2025-03-06 15:36:28,363 [INFO] PluginManager:220 - loadIPPluginJar : add pdm2pcm
2025-03-06 15:36:28,383 [INFO] IPUIPlugin:80 - create IPUIPlugin
2025-03-06 15:36:28,384 [INFO] PluginManager:220 - loadIPPluginJar : add plateformsettings
2025-03-06 15:36:28,415 [INFO] IPUIPlugin:80 - create IPUIPlugin
2025-03-06 15:36:28,415 [INFO] PluginManager:220 - loadIPPluginJar : add quadspi
2025-03-06 15:36:28,430 [INFO] IPUIPlugin:80 - create IPUIPlugin
2025-03-06 15:36:28,431 [INFO] PluginManager:220 - loadIPPluginJar : add resmgrutility
2025-03-06 15:36:28,487 [INFO] IPUIPlugin:80 - create IPUIPlugin
2025-03-06 15:36:28,487 [INFO] PluginManager:220 - loadIPPluginJar : add sai
2025-03-06 15:36:28,531 [INFO] IPUIPlugin:80 - create IPUIPlugin
2025-03-06 15:36:28,531 [INFO] PluginManager:220 - loadIPPluginJar : add spi
2025-03-06 15:36:28,601 [INFO] IPUIPlugin:80 - create IPUIPlugin
2025-03-06 15:36:28,601 [INFO] PluginManager:220 - loadIPPluginJar : add stm32_wpan
2025-03-06 15:36:28,628 [INFO] IPUIPlugin:80 - create IPUIPlugin
2025-03-06 15:36:28,629 [INFO] PluginManager:220 - loadIPPluginJar : add tim
2025-03-06 15:36:28,693 [INFO] IPUIPlugin:80 - create IPUIPlugin
2025-03-06 15:36:28,693 [INFO] PluginManager:220 - loadIPPluginJar : add touchsensing
2025-03-06 15:36:28,721 [INFO] IPUIPlugin:80 - create IPUIPlugin
2025-03-06 15:36:28,721 [INFO] PluginManager:220 - loadIPPluginJar : add tracer_emb
2025-03-06 15:36:28,751 [INFO] IPUIPlugin:80 - create IPUIPlugin
2025-03-06 15:36:28,751 [INFO] PluginManager:220 - loadIPPluginJar : add ts
2025-03-06 15:36:28,782 [INFO] IPUIPlugin:80 - create IPUIPlugin
2025-03-06 15:36:28,782 [INFO] PluginManager:220 - loadIPPluginJar : add tsc
2025-03-06 15:36:28,813 [INFO] IPUIPlugin:80 - create IPUIPlugin
2025-03-06 15:36:28,814 [INFO] PluginManager:220 - loadIPPluginJar : add ucpd
2025-03-06 15:36:28,862 [INFO] IPUIPlugin:80 - create IPUIPlugin
2025-03-06 15:36:28,862 [INFO] PluginManager:220 - loadIPPluginJar : add usart
2025-03-06 15:36:28,914 [INFO] IPUIPlugin:80 - create IPUIPlugin
2025-03-06 15:36:28,914 [INFO] PluginManager:220 - loadIPPluginJar : add usbx
2025-03-06 15:36:29,033 [INFO] CADModel:165 - CPN selected for project level
2025-03-06 15:36:29,034 [INFO] CADModel:114 - Register for checkConnection events
2025-03-06 15:36:29,034 [FATAL] Updater:308 - Updater called before beeing initialized
2025-03-06 15:36:29,034 [ERROR] CADModel:125 - Updater not yet initialized, retry later 
2025-03-06 15:36:29,112 [INFO] ThirdPartyUpdaterWithRetryManager:70 - Updater plugin not ready yet. [2/15]
2025-03-06 15:36:29,190 [INFO] CADModel:165 - CPN selected for project level
2025-03-06 15:36:29,190 [INFO] CADModel:114 - Register for checkConnection events
2025-03-06 15:36:29,191 [FATAL] Updater:308 - Updater called before beeing initialized
2025-03-06 15:36:29,191 [ERROR] CADModel:125 - Updater not yet initialized, retry later 
2025-03-06 15:36:29,196 [FATAL] Updater:308 - Updater called before beeing initialized
2025-03-06 15:36:29,321 [FATAL] Updater:308 - Updater called before beeing initialized
2025-03-06 15:36:29,337 [INFO] DbMcusAds:53 - JSON generation date=Tue Dec 17 23:01:15 ICT 2024 (1734451275143)
2025-03-06 15:36:29,337 [FATAL] Updater:308 - Updater called before beeing initialized
2025-03-06 15:36:29,432 [WARN] DetailPanel:346 - Failed to get advertising image, set to default
2025-03-06 15:36:29,545 [FATAL] Updater:308 - Updater called before beeing initialized
2025-03-06 15:36:29,546 [FATAL] Updater:308 - Updater called before beeing initialized
2025-03-06 15:36:29,546 [FATAL] Updater:308 - Updater called before beeing initialized
2025-03-06 15:36:29,546 [WARN] DetailPanel:346 - Failed to get advertising image, set to default
2025-03-06 15:36:29,547 [FATAL] Updater:308 - Updater called before beeing initialized
2025-03-06 15:36:29,613 [ERROR] Updater:1120 - MainUpdater not yet initialized. External WinMGr cannot be set.
2025-03-06 15:36:29,626 [INFO] Updater:1056 - Updater Version found : 6.9.0
2025-03-06 15:36:29,649 [INFO] ApplicationProperties:184 - Using Application install path: D:\ITC\STM32\STM32CubeIDE_1.13.0\STM32CubeIDE\plugins\com.st.stm32cube.common.mx_6.9.0.202307051724
2025-03-06 15:36:30,107 [INFO] MainUpdater:2868 - connection check result : 10
2025-03-06 15:36:30,108 [INFO] MainUpdater:285 - Updater Check For Update Now.
2025-03-06 15:36:30,108 [INFO] MicroXplorer:498 - Change Database Version : DB.6.0.90
2025-03-06 15:36:30,142 [INFO] McuFinderGlobals:63 - Set McuFinder mode to 2 (CubeIDE integrated)
2025-03-06 15:36:30,373 [INFO] CheckServerUpdateThread:120 - End of CheckServer Thread
2025-03-06 15:36:32,410 [WARN] PackLoader:240 - Cannot read IP mode file for STMicroelectronics.FP-SNS-MOTENVWB1.1.4.0
2025-03-06 15:36:32,430 [WARN] PackLoader:240 - Cannot read IP mode file for STMicroelectronics.FP-ATR-ASTRA1.2.0.2
2025-03-06 15:36:32,445 [WARN] PackLoader:240 - Cannot read IP mode file for STMicroelectronics.FP-ATR-ASTRA1.2.0.1
2025-03-06 15:36:32,462 [WARN] PackLoader:240 - Cannot read IP mode file for STMicroelectronics.X-CUBE-SMBUS.2.1.0
2025-03-06 15:36:32,484 [WARN] PackLoader:240 - Cannot read IP mode file for STMicroelectronics.X-CUBE-WB05N.1.1.0
2025-03-06 15:36:32,504 [WARN] PackLoader:240 - Cannot read IP mode file for STMicroelectronics.X-CUBE-TOUCHGFX.4.23.0
2025-03-06 15:36:32,522 [WARN] PackLoader:240 - Cannot read IP mode file for STMicroelectronics.X-CUBE-TOUCHGFX.4.23.2
2025-03-06 15:36:32,565 [WARN] PackLoader:240 - Cannot read IP mode file for STMicroelectronics.X-CUBE-AZRTOS-F7.1.1.0
2025-03-06 15:36:32,587 [ERROR] RealEvaluatedCondition:428 - Found unsupported composite condition: CLASS='Data Exchange' GROUP='STM32_MetaDataManager'
2025-03-06 15:36:32,587 [ERROR] RealEvaluatedCondition:428 - Found unsupported composite condition: GROUP='STM32_MetaDataManager' CLASS='Data Exchange'
2025-03-06 15:36:32,588 [WARN] PackLoader:240 - Cannot read IP mode file for STMicroelectronics.FP-SNS-MOTENV1.4.3.0
2025-03-06 15:36:32,608 [WARN] PackLoader:240 - Cannot read IP mode file for STMicroelectronics.FP-SNS-MOTENV1.4.3.2
2025-03-06 15:36:32,623 [WARN] PackLoader:240 - Cannot read IP mode file for STMicroelectronics.FP-SNS-FLIGHT1.5.0.0
2025-03-06 15:36:32,643 [WARN] PackLoader:240 - Cannot read IP mode file for STMicroelectronics.X-CUBE-BLE1.6.2.4
2025-03-06 15:36:32,658 [WARN] PackLoader:240 - Cannot read IP mode file for STMicroelectronics.FP-SNS-FLIGHT1.5.0.2
2025-03-06 15:36:32,678 [ERROR] Engine:466 - C:\Users\msi1\.stm32cubemx\thirdparties\pdsc\Infineon.AIROC-Wi-Fi-Bluetooth-STM32.1.7.0.pdsc: PDSC version is not supported
2025-03-06 15:36:32,694 [WARN] PackLoader:240 - Cannot read IP mode file for STMicroelectronics.X-CUBE-DISPLAY.3.0.0
2025-03-06 15:36:32,713 [WARN] PackLoader:240 - Cannot read IP mode file for STMicroelectronics.X-CUBE-BLE1.7.0.0
2025-03-06 15:36:32,727 [WARN] PackLoader:240 - Cannot read IP mode file for STMicroelectronics.X-CUBE-NFC10.1.0.0
2025-03-06 15:36:32,742 [ERROR] Engine:466 - C:\Users\msi1\.stm32cubemx\thirdparties\pdsc\STMicroelectronics.X-CUBE-BLEMGR.4.0.0.pdsc: PDSC version is not supported
2025-03-06 15:36:32,755 [WARN] PackLoader:240 - Cannot read IP mode file for emotas.I-CUBE-CANOPEN.1.3.0
2025-03-06 15:36:32,771 [WARN] PackLoader:240 - Cannot read IP mode file for STMicroelectronics.X-CUBE-TOUCHGFX.4.22.0
2025-03-06 15:36:32,784 [WARN] PackLoader:240 - Cannot read IP mode file for STMicroelectronics.X-CUBE-TOUCHGFX.4.22.1
2025-03-06 15:36:32,803 [WARN] PackLoader:240 - Cannot read IP mode file for STMicroelectronics.X-CUBE-BLEMGR.3.1.0
2025-03-06 15:36:32,822 [WARN] PackLoader:240 - Cannot read IP mode file for STMicroelectronics.X-CUBE-AI.10.0.0
2025-03-06 15:36:32,840 [WARN] PackLoader:240 - Cannot read IP mode file for STMicroelectronics.FP-SNS-SMARTAG2.1.2.0
2025-03-06 15:36:32,916 [WARN] PackLoader:240 - Cannot read IP mode file for STMicroelectronics.X-CUBE-MEMS1.11.1.0
2025-03-06 15:36:33,041 [INFO] LogOutputStream:77 - [STDOUT_REDIRECT] 1 : Invalid condition id : UX_CORESTACK_Condition cause : null
2025-03-06 15:36:33,042 [INFO] LogOutputStream:77 - [STDOUT_REDIRECT] 1 : Invalid condition id : UX_CORESTACK_Condition cause : null
2025-03-06 15:36:33,043 [INFO] LogOutputStream:77 - [STDOUT_REDIRECT] 1 : Invalid condition id : UX_CORESTACK_Condition cause : null
2025-03-06 15:36:33,044 [INFO] LogOutputStream:77 - [STDOUT_REDIRECT] 1 : Invalid condition id : UX_CORESTACK_Condition cause : null
2025-03-06 15:36:33,045 [INFO] LogOutputStream:77 - [STDOUT_REDIRECT] 1 : Invalid condition id : UX_CORESTACK_Condition cause : null
2025-03-06 15:36:33,049 [WARN] PackLoader:240 - Cannot read IP mode file for STMicroelectronics.X-CUBE-AZRTOS-WL.2.0.0
2025-03-06 15:36:33,065 [WARN] PackLoader:240 - Cannot read IP mode file for STMicroelectronics.FP-SNS-MOTENV1.5.0.0
2025-03-06 15:36:33,082 [WARN] PackLoader:240 - Cannot read IP mode file for wolfSSL.I-CUBE-wolfMQTT.1.19.0
2025-03-06 15:36:33,102 [WARN] PackLoader:240 - Cannot read IP mode file for WES.I-CUBE-Cesium.1.3.0
2025-03-06 15:36:33,122 [WARN] PackLoader:240 - Cannot read IP mode file for STMicroelectronics.X-CUBE-BLE2.3.3.0
2025-03-06 15:36:33,140 [WARN] PackLoader:240 - Cannot read IP mode file for STMicroelectronics.X-CUBE-NFC9.1.0.0
2025-03-06 15:36:33,157 [WARN] PackLoader:240 - Cannot read IP mode file for STMicroelectronics.X-CUBE-BLE1.7.1.0
2025-03-06 15:36:33,175 [WARN] PackLoader:240 - Cannot read IP mode file for STMicroelectronics.X-CUBE-TCPP.4.1.0
2025-03-06 15:36:33,193 [WARN] PackLoader:240 - Cannot read IP mode file for STMicroelectronics.X-CUBE-TOUCHGFX.4.21.4
2025-03-06 15:36:33,221 [WARN] PackLoader:240 - Cannot read IP mode file for STMicroelectronics.X-CUBE-ALGOBUILD.1.3.0
2025-03-06 15:36:33,254 [WARN] PackLoader:240 - Cannot read IP mode file for STMicroelectronics.X-CUBE-AZRTOS-G0.1.1.0
2025-03-06 15:36:33,281 [WARN] PackLoader:240 - Cannot read IP mode file for STMicroelectronics.X-CUBE-SAFEA1.1.2.2
2025-03-06 15:36:33,296 [WARN] PackLoader:240 - Cannot read IP mode file for STMicroelectronics.X-CUBE-NFC4.3.0.0
2025-03-06 15:36:33,315 [WARN] PackLoader:240 - Cannot read IP mode file for wolfSSL.I-CUBE-wolfMQTT.1.18.0
2025-03-06 15:36:33,328 [ERROR] Engine:466 - C:\Users\msi1\.stm32cubemx\thirdparties\pdsc\EmbeddedOffice.I-CUBE-FS-RTOS.1.0.1.pdsc: PDSC version is not supported
2025-03-06 15:36:33,347 [WARN] PackLoader:240 - Cannot read IP mode file for STMicroelectronics.X-CUBE-BLEMGR.3.0.0
2025-03-06 15:36:33,362 [ERROR] Engine:466 - C:\Users\msi1\.stm32cubemx\thirdparties\pdsc\STMicroelectronics.X-CUBE-TCPP.4.2.0.pdsc: PDSC version is not supported
2025-03-06 15:36:33,377 [ERROR] Engine:466 - C:\Users\msi1\.stm32cubemx\thirdparties\pdsc\RealThread.X-CUBE-RT-Thread_Nano.4.1.1.pdsc: PDSC version is not supported
2025-03-06 15:36:33,391 [WARN] PackLoader:240 - Cannot read IP mode file for STMicroelectronics.FP-ATR-SIGFOX1.3.2.0
2025-03-06 15:36:33,405 [ERROR] Engine:466 - C:\Users\msi1\.stm32cubemx\thirdparties\pdsc\quantropi.X-CUBE-qispace-sdk-base.1.9.3.pdsc: PDSC version is not supported
2025-03-06 15:36:33,420 [WARN] PackLoader:240 - Cannot read IP mode file for STMicroelectronics.X-CUBE-EEPRMA1.5.1.0
2025-03-06 15:36:33,439 [WARN] PackLoader:240 - Cannot read IP mode file for wolfSSL.I-CUBE-wolfSSL.5.7.6
2025-03-06 15:36:33,458 [WARN] PackLoader:240 - Cannot read IP mode file for ITTIA_DB.I-CUBE-ITTIADB.8.9.0
2025-03-06 15:36:33,497 [WARN] PackLoader:240 - Cannot read IP mode file for SEGGER.I-CUBE-embOS.1.3.1
2025-03-06 15:36:33,538 [WARN] PackLoader:240 - Cannot read IP mode file for STMicroelectronics.X-CUBE-ALGOBUILD.1.4.0
2025-03-06 15:36:33,556 [WARN] PackLoader:240 - Cannot read IP mode file for STMicroelectronics.X-CUBE-AI.9.1.0
2025-03-06 15:36:33,573 [WARN] PackLoader:240 - Cannot read IP mode file for STMicroelectronics.X-CUBE-GNSS1.6.0.0
2025-03-06 15:36:33,600 [WARN] PackLoader:240 - Cannot read IP mode file for STMicroelectronics.X-CUBE-AZRTOS-F4.1.1.0
2025-03-06 15:36:33,616 [WARN] PackLoader:240 - Cannot read IP mode file for wolfSSL.I-CUBE-wolfSSL.5.6.0
2025-03-06 15:36:33,633 [WARN] PackLoader:240 - Cannot read IP mode file for STMicroelectronics.X-CUBE-ISPU.2.1.0
2025-03-06 15:36:33,654 [WARN] PackLoader:240 - Cannot read IP mode file for STMicroelectronics.X-CUBE-FREERTOS.1.2.0
2025-03-06 15:36:33,687 [WARN] PackLoader:240 - Cannot read IP mode file for STMicroelectronics.X-CUBE-AZRTOS-L5.2.0.0
2025-03-06 15:36:33,745 [WARN] PackLoader:240 - Cannot read IP mode file for STMicroelectronics.X-CUBE-MEMS1.9.6.0
2025-03-06 15:36:33,898 [WARN] PackLoader:240 - Cannot read IP mode file for STMicroelectronics.X-CUBE-EEPRMA1.4.2.0
2025-03-06 15:36:33,922 [WARN] PackLoader:240 - Cannot read IP mode file for STMicroelectronics.X-CUBE-NFC6.3.1.0
2025-03-06 15:36:33,943 [WARN] PackLoader:240 - Cannot read IP mode file for ITTIA_DB.I-CUBE-ITTIADB.8.8.0
2025-03-06 15:36:33,961 [WARN] PackLoader:240 - Cannot read IP mode file for emotas.I-CUBE-CANOPEN.1.1.3
2025-03-06 15:36:33,977 [WARN] PackLoader:240 - Cannot read IP mode file for STMicroelectronics.X-CUBE-BLEMGR.2.0.0
2025-03-06 15:36:33,993 [ERROR] Engine:466 - C:\Users\msi1\.stm32cubemx\thirdparties\pdsc\STMicroelectronics.X-CUBE-DPower.1.2.0.pdsc: PDSC version is not supported
2025-03-06 15:36:34,008 [WARN] PackLoader:240 - Cannot read IP mode file for STMicroelectronics.X-CUBE-AI.9.0.0
2025-03-06 15:36:34,036 [WARN] ConditionMgr:438 - getConditionDescription Invalid condition id : UX DEVICE CLASS RTOS Condition cause : null
2025-03-06 15:36:34,036 [WARN] ConditionMgr:438 - getConditionDescription Invalid condition id : UX DEVICE CLASS RTOS Condition cause : null
2025-03-06 15:36:34,038 [WARN] PackLoader:240 - Cannot read IP mode file for STMicroelectronics.X-CUBE-AZRTOS-H7.3.1.0
2025-03-06 15:36:34,039 [WARN] ConditionMgr:1039 - genDependencies : Invalid condition id : UX DEVICE CLASS RTOS Condition cause : null
2025-03-06 15:36:34,039 [WARN] ConditionMgr:1039 - genDependencies : Invalid condition id : UX DEVICE CLASS RTOS Condition cause : null
2025-03-06 15:36:34,039 [WARN] ConditionMgr:1039 - genDependencies : Invalid condition id : UX DEVICE CLASS RTOS Condition cause : null
2025-03-06 15:36:34,039 [WARN] ConditionMgr:1039 - genDependencies : Invalid condition id : UX DEVICE CLASS RTOS Condition cause : null
2025-03-06 15:36:34,041 [WARN] ConditionMgr:1039 - genDependencies : Invalid condition id : UX DEVICE CLASS RTOS Condition cause : null
2025-03-06 15:36:34,059 [WARN] PackLoader:240 - Cannot read IP mode file for STMicroelectronics.X-CUBE-FREERTOS.1.3.0
2025-03-06 15:36:34,080 [WARN] PackLoader:240 - Cannot read IP mode file for STMicroelectronics.X-CUBE-NFC7.1.0.1
2025-03-06 15:36:34,095 [WARN] PackLoader:240 - Cannot read IP mode file for STMicroelectronics.X-CUBE-NFC7.1.0.0
2025-03-06 15:36:34,115 [WARN] PackLoader:240 - Cannot read IP mode file for wolfSSL.I-CUBE-wolfTPM.3.2.0
2025-03-06 15:36:34,131 [WARN] PackLoader:240 - Cannot read IP mode file for STMicroelectronics.X-CUBE-NFC6.3.0.0
2025-03-06 15:36:34,152 [WARN] PackLoader:240 - Cannot read IP mode file for STMicroelectronics.X-CUBE-EEPRMA1.4.1.0
2025-03-06 15:36:34,169 [WARN] PackLoader:240 - Cannot read IP mode file for STMicroelectronics.X-CUBE-AI.8.1.0
2025-03-06 15:36:34,199 [WARN] ConditionMgr:438 - getConditionDescription Invalid condition id : LAN8742 Phy interface Condition cause : null
2025-03-06 15:36:34,200 [WARN] PackLoader:240 - Cannot read IP mode file for STMicroelectronics.X-CUBE-AZRTOS-L4.2.0.0
2025-03-06 15:36:34,202 [WARN] ConditionMgr:1039 - genDependencies : Invalid condition id : LAN8742 Phy interface Condition cause : null
2025-03-06 15:36:34,202 [WARN] ConditionMgr:1039 - genDependencies : Invalid condition id : LAN8742 Phy interface Condition cause : null
2025-03-06 15:36:34,203 [WARN] ConditionMgr:1039 - genDependencies : Invalid condition id : LAN8742 Phy interface Condition cause : null
2025-03-06 15:36:34,223 [WARN] PackLoader:240 - Cannot read IP mode file for STMicroelectronics.X-CUBE-SFXS2LP1.4.0.0
2025-03-06 15:36:34,245 [WARN] PackLoader:240 - Cannot read IP mode file for STMicroelectronics.X-CUBE-ISPU.1.1.0
2025-03-06 15:36:34,278 [WARN] PackLoader:240 - Cannot read IP mode file for STMicroelectronics.X-CUBE-AZRTOS-H7.3.3.0
2025-03-06 15:36:34,301 [ERROR] Engine:466 - C:\Users\msi1\.stm32cubemx\thirdparties\pdsc\STMicroelectronics.X-CUBE-IPS.3.0.0.pdsc: PDSC version is not supported
2025-03-06 15:36:34,325 [WARN] ConditionMgr:438 - getConditionDescription Invalid condition id : UX DEVICE CLASS RTOS Condition cause : null
2025-03-06 15:36:34,326 [WARN] ConditionMgr:438 - getConditionDescription Invalid condition id : UX DEVICE CLASS RTOS Condition cause : null
2025-03-06 15:36:34,328 [WARN] PackLoader:240 - Cannot read IP mode file for STMicroelectronics.X-CUBE-AZRTOS-WB.2.0.0
2025-03-06 15:36:34,329 [WARN] ConditionMgr:1039 - genDependencies : Invalid condition id : UX DEVICE CLASS RTOS Condition cause : null
2025-03-06 15:36:34,329 [WARN] ConditionMgr:1039 - genDependencies : Invalid condition id : UX DEVICE CLASS RTOS Condition cause : null
2025-03-06 15:36:34,329 [WARN] ConditionMgr:1039 - genDependencies : Invalid condition id : UX DEVICE CLASS RTOS Condition cause : null
2025-03-06 15:36:34,329 [WARN] ConditionMgr:1039 - genDependencies : Invalid condition id : UX DEVICE CLASS RTOS Condition cause : null
2025-03-06 15:36:34,329 [WARN] ConditionMgr:1039 - genDependencies : Invalid condition id : UX DEVICE CLASS RTOS Condition cause : null
2025-03-06 15:36:34,348 [WARN] PackLoader:240 - Cannot read IP mode file for STMicroelectronics.X-CUBE-FREERTOS.1.0.1
2025-03-06 15:36:34,364 [WARN] PackLoader:240 - Cannot read IP mode file for STMicroelectronics.X-CUBE-GNSS1.7.0.1
2025-03-06 15:36:34,381 [ERROR] Engine:466 - C:\Users\msi1\.stm32cubemx\thirdparties\pdsc\STMicroelectronics.FP-SNS-STBOX1.2.0.0.pdsc: PDSC version is not supported
2025-03-06 15:36:34,412 [WARN] PackLoader:240 - Cannot read IP mode file for STMicroelectronics.X-CUBE-AZRTOS-L5.1.1.0
2025-03-06 15:36:34,429 [WARN] PackLoader:240 - Cannot read IP mode file for STMicroelectronics.X-CUBE-AI.8.0.1
2025-03-06 15:36:34,451 [WARN] PackLoader:240 - Cannot read IP mode file for STMicroelectronics.X-CUBE-SUBG2.5.0.0
2025-03-06 15:36:34,469 [WARN] PackLoader:240 - Cannot read IP mode file for Cesanta.I-CUBE-Mongoose.7.13.0
2025-03-06 15:36:34,490 [WARN] PackLoader:240 - Cannot read IP mode file for STMicroelectronics.X-CUBE-TOF1.3.3.1
2025-03-06 15:36:34,522 [WARN] PackLoader:240 - Cannot read IP mode file for STMicroelectronics.X-CUBE-AZRTOS-G4.2.0.0
2025-03-06 15:36:34,545 [WARN] PackLoader:240 - Cannot read IP mode file for STMicroelectronics.X-CUBE-TOF1.3.3.0
2025-03-06 15:36:34,582 [WARN] PackLoader:240 - Cannot read IP mode file for Infineon.AIROC-Wi-Fi-Bluetooth-STM32.1.5.1
2025-03-06 15:36:34,599 [WARN] PackLoader:240 - Cannot read IP mode file for STMicroelectronics.FP-SNS-MOTENVWB1.1.3.0
2025-03-06 15:36:34,615 [WARN] PackLoader:240 - Cannot read IP mode file for STMicroelectronics.FP-SNS-MOTENVWB1.1.3.1
2025-03-06 15:36:34,641 [WARN] PackLoader:240 - Cannot read IP mode file for STMicroelectronics.X-CUBE-AZRTOS-L4.1.0.0
2025-03-06 15:36:34,658 [WARN] PackLoader:240 - Cannot read IP mode file for STMicroelectronics.X-CUBE-ISPU.2.0.0
2025-03-06 15:36:34,681 [ERROR] Engine:466 - C:\Users\msi1\.stm32cubemx\thirdparties\pdsc\STMicroelectronics.X-CUBE-IPS.3.1.0.pdsc: PDSC version is not supported
2025-03-06 15:36:34,699 [WARN] PackLoader:240 - Cannot read IP mode file for STMicroelectronics.X-CUBE-ALS.1.0.2
2025-03-06 15:36:34,749 [WARN] PackLoader:240 - Cannot read IP mode file for STMicroelectronics.X-CUBE-MEMS1.10.0.0
2025-03-06 15:36:35,018 [WARN] PackLoader:240 - Cannot read IP mode file for STMicroelectronics.X-CUBE-FREERTOS.1.1.0
2025-03-06 15:36:35,042 [WARN] PackLoader:240 - Cannot read IP mode file for STMicroelectronics.X-CUBE-TOUCHGFX.4.24.0
2025-03-06 15:36:35,065 [WARN] PackLoader:240 - Cannot read IP mode file for STMicroelectronics.X-CUBE-TOUCHGFX.4.24.2
2025-03-06 15:36:35,089 [WARN] PackLoader:240 - Cannot read IP mode file for STMicroelectronics.X-CUBE-AZRTOS-WL.1.0.0
2025-03-06 15:36:35,112 [WARN] PackLoader:240 - Cannot read IP mode file for STMicroelectronics.X-CUBE-TOUCHGFX.4.24.1
2025-03-06 15:36:35,127 [WARN] PackLoader:240 - Cannot read IP mode file for wolfSSL.I-CUBE-wolfTPM.3.4.0
2025-03-06 15:36:35,146 [WARN] PackLoader:240 - Cannot read IP mode file for portGmbH.I-Cube-SoM-uGOAL.1.1.0
2025-03-06 15:36:35,161 [WARN] PackLoader:240 - Cannot read IP mode file for STMicroelectronics.X-CUBE-ALS.1.0.1
2025-03-06 15:36:35,187 [WARN] PackLoader:240 - Cannot read IP mode file for STMicroelectronics.X-CUBE-AZRTOS-WB.1.1.0
2025-03-06 15:36:35,219 [WARN] PackLoader:240 - Cannot read IP mode file for STMicroelectronics.X-CUBE-AZRTOS-H7RS.1.0.0
2025-03-06 15:36:35,238 [WARN] PackLoader:240 - Cannot read IP mode file for STMicroelectronics.FP-ATR-ASTRA1.2.0.0
2025-03-06 15:36:35,257 [ERROR] Engine:466 - C:\Users\msi1\.stm32cubemx\thirdparties\pdsc\STMicroelectronics.X-CUBE-TOF1.3.4.2.pdsc: PDSC version is not supported
2025-03-06 15:36:35,282 [WARN] PackLoader:240 - Cannot read IP mode file for STMicroelectronics.X-CUBE-TOF1.3.4.0
2025-03-06 15:36:35,322 [WARN] PackLoader:240 - Cannot read IP mode file for STMicroelectronics.X-CUBE-TOF1.3.4.1
2025-03-06 15:36:35,364 [WARN] PackLoader:240 - Cannot read IP mode file for STMicroelectronics.X-CUBE-AZRTOS-H7.3.2.0
2025-03-06 15:36:35,387 [WARN] PackLoader:240 - Cannot read IP mode file for wolfSSL.I-CUBE-wolfSSH.1.4.17
2025-03-06 15:36:35,388 [INFO] ThirdParty:978 - Integrity check success = true
2025-03-06 15:36:35,388 [INFO] IntegrityCheckThread:100 - exiting critical section [integrity check]
2025-03-06 15:36:35,388 [INFO] IntegrityCheckThread:103 - End integrity checks thread
2025-03-06 15:36:51,386 [ERROR] LogOutputStream:75 - [STDERR_REDIRECT] SLF4J: Failed to load class "org.slf4j.impl.StaticLoggerBinder".
2025-03-06 15:36:51,387 [ERROR] LogOutputStream:75 - [STDERR_REDIRECT] SLF4J: Defaulting to no-operation (NOP) logger implementation
2025-03-06 15:36:51,387 [ERROR] LogOutputStream:75 - [STDERR_REDIRECT] SLF4J: See http://www.slf4j.org/codes.html#StaticLoggerBinder for further details.
2025-03-06 15:37:16,432 [INFO] McuFinderGlobals:63 - Set McuFinder mode to 2 (CubeIDE integrated)
2025-03-06 15:37:16,461 [INFO] MainUpdater:2868 - connection check result : 10
2025-03-06 15:37:17,289 [INFO] ApiDb:581 - Connected to CubeFinder SQLite database (C:\Users\msi1\.stmcufinder\plugins\mcufinder\mcu\cube-finder-db.db)
2025-03-06 15:37:17,385 [INFO] ApiDb:668 - CubeFinder database Data Model version=2.1
2025-03-06 15:37:17,385 [INFO] ApiDb:669 - CubeFinder database Configuration version=3.0.39
2025-03-06 15:37:17,385 [INFO] ApiDb:670 - CubeFinder database generation date=2025-02-18 (1739885696)
2025-03-06 15:37:17,385 [INFO] ApiDb:671 - CubeFinder database FW Pack versions=[FP-ATR-ASTRA1_V2.0.0, FP-SNS-FLIGHT1_V5.0.2, FP-SNS-MOTENV1_V5.0.0, FP-SNS-MOTENVWB1_V1.4.0, FP-SNS-SMARTAG2_V1.2.0, FP-SNS-STBOX1_V2.0.0, STM32Cube_FW_C0_V1.4.0, STM32Cube_FW_F4_V1.28.1, STM32Cube_FW_F7_V1.17.2, STM32Cube_FW_G0_V1.6.2, STM32Cube_FW_G4_V1.6.1, STM32Cube_FW_H5_V1.5.0, STM32Cube_FW_H7RS_V1.2.0, STM32Cube_FW_H7_V1.12.1, STM32Cube_FW_L0_V1.12.2, STM32Cube_FW_L4_V1.18.1, STM32Cube_FW_L5_V1.5.1, STM32Cube_FW_N6_V1.1.0, STM32Cube_FW_U0_V1.2.0, STM32Cube_FW_U3_V1.1.0, STM32Cube_FW_U5_V1.7.0, STM32Cube_FW_WB0_V1.2.0, STM32Cube_FW_WBA_V1.6.0, STM32Cube_FW_WB_V1.22.0, STM32Cube_FW_WL3_V1.1.0, STM32Cube_FW_WL_V1.3.1, X-CUBE-ALGOBUILD_V1.4.0, X-CUBE-ALS_V1.0.2, X-CUBE-AZRTOS-F4_V1.1.0, X-CUBE-AZRTOS-F7_V1.1.0, X-CUBE-AZRTOS-G0_V1.1.0, X-CUBE-AZRTOS-G4_V2.0.0, X-CUBE-AZRTOS-H7RS_V1.0.0, X-CUBE-AZRTOS-H7_V3.3.0, X-CUBE-AZRTOS-L4_V2.0.0, X-CUBE-AZRTOS-L5_V2.0.0, X-CUBE-AZRTOS-WB_V2.0.0, X-CUBE-AZRTOS-WL_V2.0.0, X-CUBE-BLE1_V7.0.0, X-CUBE-BLE2_V3.3.0, X-CUBE-BLEMGR_V4.0.0, X-CUBE-EEPRMA1_V5.1.0, X-CUBE-FREERTOS_V1.3.0, X-CUBE-GNSS1_V6.0.0, X-CUBE-MEMS1_V11.1.0, X-CUBE-NFC4_V3.0.0, X-CUBE-NFC7_V1.0.1, X-CUBE-SFXS2LP1_V4.0.0, X-CUBE-SUBG2_V5.0.0, X-CUBE-TOF1_V3.4.2]
2025-03-06 15:37:17,524 [INFO] DbBoardsSqlite:226 - include board P-NUCLEO-WB55-NUCLEO as a kit item of type 'Nucleo-64'
2025-03-06 15:37:17,524 [INFO] DbBoardsSqlite:226 - include board P-NUCLEO-WB55-USBDONGLE as a kit item of type 'Nucleo USB Dongle'
2025-03-06 15:37:17,525 [INFO] DbBoardsSqlite:226 - include board STEVAL-IDP005V1 as a kit item of type 'Evaluation Board'
2025-03-06 15:37:17,526 [INFO] DbBoardsSqlite:226 - include board STEVAL-IDP005V2 as a kit item of type 'Evaluation Board'
2025-03-06 15:37:18,160 [INFO] ApiDb:240 - Found 323 in-development CPN: [B-G473E-ZEST1S, B-WB1M-WPAN1, B-WL5M-SUBG1, NUCLEO-C031C6, NUCLEO-H503RB, NUCLEO-H563ZI, NUCLEO-U545RE-Q, NUCLEO-U5A5ZJ-Q, NUCLEO-WBA52CG, STEVAL-PROTEUS1, STEVAL-SMARTAG2, STEVAL-STWINBX1, STM320518-EVAL, STM32C0116-DK, STM32C011D6Y3TR, STM32C011D6Y6TR, STM32C011F4P3, STM32C011F4P6, STM32C011F4U3, STM32C011F4U6TR, STM32C011F6P3, STM32C011F6P6, STM32C011F6U3, STM32C011F6U6TR, STM32C011J4M3, STM32C011J4M6, STM32C011J6M3, STM32C011J6M6, STM32C0316-DK, STM32C031C4T3, STM32C031C4T6, STM32C031C4U3, STM32C031C4U6, STM32C031C6T3, STM32C031C6T6, STM32C031C6U3, STM32C031C6U6, STM32C031F4P3, STM32C031F4P6, STM32C031F6P3, STM32C031F6P6, STM32C031G4U3, STM32C031G4U6, STM32C031G6U3, STM32C031G6U6, STM32C031K4T3, STM32C031K4T6, STM32C031K4U3, STM32C031K4U6, STM32C031K6T3, STM32C031K6T6, STM32C031K6U3, STM32C031K6U6, STM32G071K8TXN, STM32G071K8UXN, STM32G081GBU6N, STM32G081KBT6N, STM32G081KBUXN, STM32G0B1CCT6N, STM32G0B1KCT6, STM32G0B1NEY6TR, STM32G0B1RCT6N, STM32G0C1CCT6, STM32G0C1CCT6N, STM32G0C1CCU6N, STM32G0C1CET6N, STM32G0C1CEU6N, STM32G0C1KCT6, STM32G0C1NEY6TR, STM32G0C1RCI6N, STM32G0C1RCT6N, STM32G0C1REI6N, STM32G0C1RET6N, STM32G0C1VCI6, STM32G0C1VEI6, STM32G471CCT6, STM32G471CCU6, STM32G471CET3, STM32G471CET6, STM32G471CEU3, STM32G471CEU6, STM32G471MCT6, STM32G471MET3, STM32G471MET6, STM32G471MEY6TR, STM32G471QCT6, STM32G471QET3, STM32G471RCT6, STM32G471RET3, STM32G471RET6, STM32G471VCH6, STM32G471VCI6, STM32G471VCT6, STM32G471VEH3, STM32G471VEH6, STM32G471VEI3, STM32G471VEI6, STM32G471VET3, STM32G471VET6, STM32G474CCT6, STM32H503CBT6, STM32H503CBU6, STM32H503EBY6TR, STM32H503KBU6, STM32H503RBT6, STM32H562AGI6, STM32H562AII6, STM32H562IGK6, STM32H562IGT6, STM32H562IIK6, STM32H562IIT6, STM32H562RGT6, STM32H562RGV6, STM32H562RIT6, STM32H562RIV6, STM32H562VGT6, STM32H562VIT6, STM32H562ZGT6, STM32H562ZIT6, STM32H563AGI6, STM32H563AII3Q, STM32H563AII6, STM32H563IGK6, STM32H563IGT6, STM32H563IIK3Q, STM32H563IIK6, STM32H563IIT3Q, STM32H563IIT6, STM32H563MIY3QTR, STM32H563RGT6, STM32H563RGV6, STM32H563RIT6, STM32H563RIV6, STM32H563VGT6, STM32H563VIT3Q, STM32H563VIT6, STM32H563ZGT6, STM32H563ZIT3Q, STM32H563ZIT6, STM32H573AII3Q, STM32H573AII6, STM32H573I-DK, STM32H573IIK3Q, STM32H573IIK6, STM32H573IIT3Q, STM32H573IIT6, STM32H573MIY3QTR, STM32H573RIT6, STM32H573RIV6, STM32H573VIT3Q, STM32H573VIT6, STM32H573ZIT3Q, STM32H573ZIT6, STM32L4R5QGI6STR, STM32MP131AAE3, STM32MP131AAF3, STM32MP131AAG3, STM32MP131CAE3, STM32MP131CAF3, STM32MP131CAG3, STM32MP131DAE7, STM32MP131DAF7, STM32MP131DAG7, STM32MP131FAE7, STM32MP131FAF7, STM32MP131FAG7, STM32MP133AAE3, STM32MP133AAF3, STM32MP133AAG3, STM32MP133CAE3, STM32MP133CAF3, STM32MP133CAG3, STM32MP133DAE7, STM32MP133DAF7, STM32MP133DAG7, STM32MP133FAE7, STM32MP133FAF7, STM32MP133FAG7, STM32MP135AAE3, STM32MP135AAF3, STM32MP135AAG3, STM32MP135CAE3, STM32MP135CAF3, STM32MP135CAG3, STM32MP135DAE7, STM32MP135DAF7, STM32MP135DAG7, STM32MP135F-DK, STM32MP135FAE7, STM32MP135FAF7, STM32MP135FAF7T, STM32MP135FAF7U, STM32MP135FAG7, STM32U535CBT6, STM32U535CBT6Q, STM32U535CBU6, STM32U535CBU6Q, STM32U535CCT6, STM32U535CCT6Q, STM32U535CCU6, STM32U535CCU6Q, STM32U535CET6, STM32U535CET6Q, STM32U535CEU6, STM32U535CEU6Q, STM32U535JEY6QTR, STM32U535NCY6QTR, STM32U535NEY6QTR, STM32U535RBI6, STM32U535RBI6Q, STM32U535RBT6, STM32U535RBT6Q, STM32U535RCI6, STM32U535RCI6Q, STM32U535RCT6, STM32U535RCT6Q, STM32U535REI6, STM32U535REI6Q, STM32U535RET6, STM32U535RET6Q, STM32U535VCI6, STM32U535VCI6Q, STM32U535VCT6, STM32U535VCT6Q, STM32U535VEI6, STM32U535VEI6Q, STM32U535VET6, STM32U535VET6Q, STM32U545CET6, STM32U545CET6Q, STM32U545CEU6, STM32U545CEU6Q, STM32U545JEY6QTR, STM32U545NEY6QTR, STM32U545REI6, STM32U545REI6Q, STM32U545RET6, STM32U545RET6Q, STM32U545VEI6, STM32U545VEI6Q, STM32U545VET6, STM32U545VET6Q, STM32U595AIH6, STM32U595AIH6Q, STM32U595AJH6, STM32U595AJH6Q, STM32U595QII6, STM32U595QII6Q, STM32U595QJI6, STM32U595QJI6Q, STM32U595RIT6, STM32U595RIT6Q, STM32U595RJT6, STM32U595RJT6Q, STM32U595VIT6, STM32U595VIT6Q, STM32U595VJT6, STM32U595VJT6Q, STM32U595ZIT6, STM32U595ZIT6Q, STM32U595ZIY6QTR, STM32U595ZJT6, STM32U595ZJT6Q, STM32U595ZJY6QTR, STM32U599BJY6QTR, STM32U599NIH6Q, STM32U599NJH6Q, STM32U599VIT6Q, STM32U599VJT6, STM32U599VJT6Q, STM32U599ZIT6Q, STM32U599ZIY6QTR, STM32U599ZJT6Q, STM32U599ZJY6QTR, STM32U5A5AJH6, STM32U5A5AJH6Q, STM32U5A5QJI6, STM32U5A5QJI6Q, STM32U5A5RJT6, STM32U5A5RJT6Q, STM32U5A5VJT6, STM32U5A5VJT6Q, STM32U5A5ZJT6, STM32U5A5ZJT6Q, STM32U5A5ZJY6QTR, STM32U5A9BJY6QTR, STM32U5A9J-DK, STM32U5A9NJH6Q, STM32U5A9VJT6Q, STM32U5A9ZJT6Q, STM32U5A9ZJY6QTR, STM32U5F7VIT6, STM32U5F7VIT6Q, STM32U5F7VJT6, STM32U5F7VJT6Q, STM32U5F9BJY6QTR, STM32U5F9NJH6Q, STM32U5F9VIT6Q, STM32U5F9VJT6Q, STM32U5F9ZIJ6QTR, STM32U5F9ZIT6Q, STM32U5F9ZJJ6QTR, STM32U5F9ZJT6Q, STM32U5G7VJT6, STM32U5G7VJT6Q, STM32U5G9BJY6QTR, STM32U5G9J-DK1, STM32U5G9J-DK2, STM32U5G9NJH6Q, STM32U5G9VJT6Q, STM32U5G9ZJJ6QTR, STM32U5G9ZJT6Q, STM32WB1MMCH6, STM32WBA52CEU6, STM32WBA52CEU6T, STM32WBA52CGU6, STM32WBA52CGU6T, STM32WBA52KEU6, STM32WBA52KEU6T, STM32WBA52KGU6, STM32WBA52KGU6T, STM32WL5MOCH6, STM32WL5MOCH6TR]
2025-03-06 15:37:18,162 [INFO] ApiDb:668 - CubeFinder database Data Model version=2.1
2025-03-06 15:37:18,162 [INFO] ApiDb:669 - CubeFinder database Configuration version=3.0.39
2025-03-06 15:37:18,162 [INFO] ApiDb:670 - CubeFinder database generation date=2025-02-18 (1739885696)
2025-03-06 15:37:18,162 [INFO] ApiDb:671 - CubeFinder database FW Pack versions=[FP-ATR-ASTRA1_V2.0.0, FP-SNS-FLIGHT1_V5.0.2, FP-SNS-MOTENV1_V5.0.0, FP-SNS-MOTENVWB1_V1.4.0, FP-SNS-SMARTAG2_V1.2.0, FP-SNS-STBOX1_V2.0.0, STM32Cube_FW_C0_V1.4.0, STM32Cube_FW_F4_V1.28.1, STM32Cube_FW_F7_V1.17.2, STM32Cube_FW_G0_V1.6.2, STM32Cube_FW_G4_V1.6.1, STM32Cube_FW_H5_V1.5.0, STM32Cube_FW_H7RS_V1.2.0, STM32Cube_FW_H7_V1.12.1, STM32Cube_FW_L0_V1.12.2, STM32Cube_FW_L4_V1.18.1, STM32Cube_FW_L5_V1.5.1, STM32Cube_FW_N6_V1.1.0, STM32Cube_FW_U0_V1.2.0, STM32Cube_FW_U3_V1.1.0, STM32Cube_FW_U5_V1.7.0, STM32Cube_FW_WB0_V1.2.0, STM32Cube_FW_WBA_V1.6.0, STM32Cube_FW_WB_V1.22.0, STM32Cube_FW_WL3_V1.1.0, STM32Cube_FW_WL_V1.3.1, X-CUBE-ALGOBUILD_V1.4.0, X-CUBE-ALS_V1.0.2, X-CUBE-AZRTOS-F4_V1.1.0, X-CUBE-AZRTOS-F7_V1.1.0, X-CUBE-AZRTOS-G0_V1.1.0, X-CUBE-AZRTOS-G4_V2.0.0, X-CUBE-AZRTOS-H7RS_V1.0.0, X-CUBE-AZRTOS-H7_V3.3.0, X-CUBE-AZRTOS-L4_V2.0.0, X-CUBE-AZRTOS-L5_V2.0.0, X-CUBE-AZRTOS-WB_V2.0.0, X-CUBE-AZRTOS-WL_V2.0.0, X-CUBE-BLE1_V7.0.0, X-CUBE-BLE2_V3.3.0, X-CUBE-BLEMGR_V4.0.0, X-CUBE-EEPRMA1_V5.1.0, X-CUBE-FREERTOS_V1.3.0, X-CUBE-GNSS1_V6.0.0, X-CUBE-MEMS1_V11.1.0, X-CUBE-NFC4_V3.0.0, X-CUBE-NFC7_V1.0.1, X-CUBE-SFXS2LP1_V4.0.0, X-CUBE-SUBG2_V5.0.0, X-CUBE-TOF1_V3.4.2]
2025-03-06 15:37:20,227 [INFO] ApiDb:240 - Found 323 in-development CPN: [B-G473E-ZEST1S, B-WB1M-WPAN1, B-WL5M-SUBG1, NUCLEO-C031C6, NUCLEO-H503RB, NUCLEO-H563ZI, NUCLEO-U545RE-Q, NUCLEO-U5A5ZJ-Q, NUCLEO-WBA52CG, STEVAL-PROTEUS1, STEVAL-SMARTAG2, STEVAL-STWINBX1, STM320518-EVAL, STM32C0116-DK, STM32C011D6Y3TR, STM32C011D6Y6TR, STM32C011F4P3, STM32C011F4P6, STM32C011F4U3, STM32C011F4U6TR, STM32C011F6P3, STM32C011F6P6, STM32C011F6U3, STM32C011F6U6TR, STM32C011J4M3, STM32C011J4M6, STM32C011J6M3, STM32C011J6M6, STM32C0316-DK, STM32C031C4T3, STM32C031C4T6, STM32C031C4U3, STM32C031C4U6, STM32C031C6T3, STM32C031C6T6, STM32C031C6U3, STM32C031C6U6, STM32C031F4P3, STM32C031F4P6, STM32C031F6P3, STM32C031F6P6, STM32C031G4U3, STM32C031G4U6, STM32C031G6U3, STM32C031G6U6, STM32C031K4T3, STM32C031K4T6, STM32C031K4U3, STM32C031K4U6, STM32C031K6T3, STM32C031K6T6, STM32C031K6U3, STM32C031K6U6, STM32G071K8TXN, STM32G071K8UXN, STM32G081GBU6N, STM32G081KBT6N, STM32G081KBUXN, STM32G0B1CCT6N, STM32G0B1KCT6, STM32G0B1NEY6TR, STM32G0B1RCT6N, STM32G0C1CCT6, STM32G0C1CCT6N, STM32G0C1CCU6N, STM32G0C1CET6N, STM32G0C1CEU6N, STM32G0C1KCT6, STM32G0C1NEY6TR, STM32G0C1RCI6N, STM32G0C1RCT6N, STM32G0C1REI6N, STM32G0C1RET6N, STM32G0C1VCI6, STM32G0C1VEI6, STM32G471CCT6, STM32G471CCU6, STM32G471CET3, STM32G471CET6, STM32G471CEU3, STM32G471CEU6, STM32G471MCT6, STM32G471MET3, STM32G471MET6, STM32G471MEY6TR, STM32G471QCT6, STM32G471QET3, STM32G471RCT6, STM32G471RET3, STM32G471RET6, STM32G471VCH6, STM32G471VCI6, STM32G471VCT6, STM32G471VEH3, STM32G471VEH6, STM32G471VEI3, STM32G471VEI6, STM32G471VET3, STM32G471VET6, STM32G474CCT6, STM32H503CBT6, STM32H503CBU6, STM32H503EBY6TR, STM32H503KBU6, STM32H503RBT6, STM32H562AGI6, STM32H562AII6, STM32H562IGK6, STM32H562IGT6, STM32H562IIK6, STM32H562IIT6, STM32H562RGT6, STM32H562RGV6, STM32H562RIT6, STM32H562RIV6, STM32H562VGT6, STM32H562VIT6, STM32H562ZGT6, STM32H562ZIT6, STM32H563AGI6, STM32H563AII3Q, STM32H563AII6, STM32H563IGK6, STM32H563IGT6, STM32H563IIK3Q, STM32H563IIK6, STM32H563IIT3Q, STM32H563IIT6, STM32H563MIY3QTR, STM32H563RGT6, STM32H563RGV6, STM32H563RIT6, STM32H563RIV6, STM32H563VGT6, STM32H563VIT3Q, STM32H563VIT6, STM32H563ZGT6, STM32H563ZIT3Q, STM32H563ZIT6, STM32H573AII3Q, STM32H573AII6, STM32H573I-DK, STM32H573IIK3Q, STM32H573IIK6, STM32H573IIT3Q, STM32H573IIT6, STM32H573MIY3QTR, STM32H573RIT6, STM32H573RIV6, STM32H573VIT3Q, STM32H573VIT6, STM32H573ZIT3Q, STM32H573ZIT6, STM32L4R5QGI6STR, STM32MP131AAE3, STM32MP131AAF3, STM32MP131AAG3, STM32MP131CAE3, STM32MP131CAF3, STM32MP131CAG3, STM32MP131DAE7, STM32MP131DAF7, STM32MP131DAG7, STM32MP131FAE7, STM32MP131FAF7, STM32MP131FAG7, STM32MP133AAE3, STM32MP133AAF3, STM32MP133AAG3, STM32MP133CAE3, STM32MP133CAF3, STM32MP133CAG3, STM32MP133DAE7, STM32MP133DAF7, STM32MP133DAG7, STM32MP133FAE7, STM32MP133FAF7, STM32MP133FAG7, STM32MP135AAE3, STM32MP135AAF3, STM32MP135AAG3, STM32MP135CAE3, STM32MP135CAF3, STM32MP135CAG3, STM32MP135DAE7, STM32MP135DAF7, STM32MP135DAG7, STM32MP135F-DK, STM32MP135FAE7, STM32MP135FAF7, STM32MP135FAF7T, STM32MP135FAF7U, STM32MP135FAG7, STM32U535CBT6, STM32U535CBT6Q, STM32U535CBU6, STM32U535CBU6Q, STM32U535CCT6, STM32U535CCT6Q, STM32U535CCU6, STM32U535CCU6Q, STM32U535CET6, STM32U535CET6Q, STM32U535CEU6, STM32U535CEU6Q, STM32U535JEY6QTR, STM32U535NCY6QTR, STM32U535NEY6QTR, STM32U535RBI6, STM32U535RBI6Q, STM32U535RBT6, STM32U535RBT6Q, STM32U535RCI6, STM32U535RCI6Q, STM32U535RCT6, STM32U535RCT6Q, STM32U535REI6, STM32U535REI6Q, STM32U535RET6, STM32U535RET6Q, STM32U535VCI6, STM32U535VCI6Q, STM32U535VCT6, STM32U535VCT6Q, STM32U535VEI6, STM32U535VEI6Q, STM32U535VET6, STM32U535VET6Q, STM32U545CET6, STM32U545CET6Q, STM32U545CEU6, STM32U545CEU6Q, STM32U545JEY6QTR, STM32U545NEY6QTR, STM32U545REI6, STM32U545REI6Q, STM32U545RET6, STM32U545RET6Q, STM32U545VEI6, STM32U545VEI6Q, STM32U545VET6, STM32U545VET6Q, STM32U595AIH6, STM32U595AIH6Q, STM32U595AJH6, STM32U595AJH6Q, STM32U595QII6, STM32U595QII6Q, STM32U595QJI6, STM32U595QJI6Q, STM32U595RIT6, STM32U595RIT6Q, STM32U595RJT6, STM32U595RJT6Q, STM32U595VIT6, STM32U595VIT6Q, STM32U595VJT6, STM32U595VJT6Q, STM32U595ZIT6, STM32U595ZIT6Q, STM32U595ZIY6QTR, STM32U595ZJT6, STM32U595ZJT6Q, STM32U595ZJY6QTR, STM32U599BJY6QTR, STM32U599NIH6Q, STM32U599NJH6Q, STM32U599VIT6Q, STM32U599VJT6, STM32U599VJT6Q, STM32U599ZIT6Q, STM32U599ZIY6QTR, STM32U599ZJT6Q, STM32U599ZJY6QTR, STM32U5A5AJH6, STM32U5A5AJH6Q, STM32U5A5QJI6, STM32U5A5QJI6Q, STM32U5A5RJT6, STM32U5A5RJT6Q, STM32U5A5VJT6, STM32U5A5VJT6Q, STM32U5A5ZJT6, STM32U5A5ZJT6Q, STM32U5A5ZJY6QTR, STM32U5A9BJY6QTR, STM32U5A9J-DK, STM32U5A9NJH6Q, STM32U5A9VJT6Q, STM32U5A9ZJT6Q, STM32U5A9ZJY6QTR, STM32U5F7VIT6, STM32U5F7VIT6Q, STM32U5F7VJT6, STM32U5F7VJT6Q, STM32U5F9BJY6QTR, STM32U5F9NJH6Q, STM32U5F9VIT6Q, STM32U5F9VJT6Q, STM32U5F9ZIJ6QTR, STM32U5F9ZIT6Q, STM32U5F9ZJJ6QTR, STM32U5F9ZJT6Q, STM32U5G7VJT6, STM32U5G7VJT6Q, STM32U5G9BJY6QTR, STM32U5G9J-DK1, STM32U5G9J-DK2, STM32U5G9NJH6Q, STM32U5G9VJT6Q, STM32U5G9ZJJ6QTR, STM32U5G9ZJT6Q, STM32WB1MMCH6, STM32WBA52CEU6, STM32WBA52CEU6T, STM32WBA52CGU6, STM32WBA52CGU6T, STM32WBA52KEU6, STM32WBA52KEU6T, STM32WBA52KGU6, STM32WBA52KGU6T, STM32WL5MOCH6, STM32WL5MOCH6TR]
2025-03-06 15:37:20,233 [INFO] DbMcus:217 - Found 4550 MCUs, 4550 are supported
2025-03-06 15:37:20,247 [INFO] ApiDb:423 - Load user favorites file C:\Users\msi1/.stm32cubeide/favorites.mcus.txt: 3 item(s)
2025-03-06 15:37:20,247 [INFO] ApiDb:427 - User favorites MCUs=[STM32F103CBT6, STM32F303VCT6, STM32F407VGT6]
2025-03-06 15:37:20,247 [INFO] DbMcus:223 - Set 3 / 3 favorites MCUs
2025-03-06 15:37:20,668 [INFO] BoardInfo:880 - No configuration file found for board NUCLEO-C071RB
2025-03-06 15:37:20,668 [INFO] DbBoards:157 - Board is not supported: NUCLEO-C071RB
2025-03-06 15:37:20,704 [INFO] BoardInfo:880 - No configuration file found for board NUCLEO-H533RE
2025-03-06 15:37:20,704 [INFO] DbBoards:157 - Board is not supported: NUCLEO-H533RE
2025-03-06 15:37:20,714 [INFO] BoardInfo:880 - No configuration file found for board NUCLEO-H7S3L8
2025-03-06 15:37:20,715 [INFO] DbBoards:157 - Board is not supported: NUCLEO-H7S3L8
2025-03-06 15:37:20,736 [INFO] BoardInfo:880 - No configuration file found for board NUCLEO-N657X0-Q
2025-03-06 15:37:20,736 [INFO] DbBoards:157 - Board is not supported: NUCLEO-N657X0-Q
2025-03-06 15:37:20,738 [INFO] BoardInfo:880 - No configuration file found for board NUCLEO-U031R8
2025-03-06 15:37:20,738 [INFO] DbBoards:157 - Board is not supported: NUCLEO-U031R8
2025-03-06 15:37:20,738 [INFO] BoardInfo:880 - No configuration file found for board NUCLEO-U083RC
2025-03-06 15:37:20,738 [INFO] DbBoards:157 - Board is not supported: NUCLEO-U083RC
2025-03-06 15:37:20,741 [INFO] BoardInfo:880 - No configuration file found for board NUCLEO-WB05KZ
2025-03-06 15:37:20,742 [INFO] DbBoards:157 - Board is not supported: NUCLEO-WB05KZ
2025-03-06 15:37:20,742 [INFO] BoardInfo:880 - No configuration file found for board NUCLEO-WB07CC
2025-03-06 15:37:20,743 [INFO] DbBoards:157 - Board is not supported: NUCLEO-WB07CC
2025-03-06 15:37:20,743 [INFO] BoardInfo:880 - No configuration file found for board NUCLEO-WB09KE
2025-03-06 15:37:20,743 [INFO] DbBoards:157 - Board is not supported: NUCLEO-WB09KE
2025-03-06 15:37:20,746 [INFO] BoardInfo:880 - No configuration file found for board NUCLEO-WBA55CG
2025-03-06 15:37:20,746 [INFO] DbBoards:157 - Board is not supported: NUCLEO-WBA55CG
2025-03-06 15:37:20,747 [INFO] BoardInfo:880 - No configuration file found for board NUCLEO-WL33CC1
2025-03-06 15:37:20,747 [INFO] DbBoards:157 - Board is not supported: NUCLEO-WL33CC1
2025-03-06 15:37:20,748 [INFO] BoardInfo:880 - No configuration file found for board NUCLEO-WL33CC2
2025-03-06 15:37:20,748 [INFO] DbBoards:157 - Board is not supported: NUCLEO-WL33CC2
2025-03-06 15:37:20,753 [INFO] BoardInfo:880 - No configuration file found for board P-NUCLEO-WB55
2025-03-06 15:37:20,753 [INFO] DbBoards:157 - Kit is not supported: P-NUCLEO-WB55
2025-03-06 15:37:20,755 [INFO] BoardInfo:880 - No configuration file found for board STEVAL-BFA001V1B
2025-03-06 15:37:20,755 [INFO] DbBoards:157 - Kit is not supported: STEVAL-BFA001V1B
2025-03-06 15:37:20,757 [INFO] BoardInfo:880 - No configuration file found for board STEVAL-BFA001V2B
2025-03-06 15:37:20,757 [INFO] DbBoards:157 - Kit is not supported: STEVAL-BFA001V2B
2025-03-06 15:37:20,759 [INFO] BoardInfo:880 - No configuration file found for board STEVAL-MKBOXPRO
2025-03-06 15:37:20,759 [INFO] DbBoards:157 - Board is not supported: STEVAL-MKBOXPRO
2025-03-06 15:37:20,837 [INFO] BoardInfo:880 - No configuration file found for board STM32H7S78-DK
2025-03-06 15:37:20,837 [INFO] DbBoards:157 - Board is not supported: STM32H7S78-DK
2025-03-06 15:37:20,853 [INFO] BoardInfo:880 - No configuration file found for board STM32MP257F-DK
2025-03-06 15:37:20,853 [INFO] DbBoards:157 - Board is not supported: STM32MP257F-DK
2025-03-06 15:37:20,855 [INFO] BoardInfo:880 - No configuration file found for board STM32MP257F-EV1
2025-03-06 15:37:20,855 [INFO] DbBoards:157 - Board is not supported: STM32MP257F-EV1
2025-03-06 15:37:20,857 [INFO] BoardInfo:880 - No configuration file found for board STM32N6570-DK
2025-03-06 15:37:20,857 [INFO] DbBoards:157 - Board is not supported: STM32N6570-DK
2025-03-06 15:37:20,858 [INFO] BoardInfo:880 - No configuration file found for board STM32U083C-DK
2025-03-06 15:37:20,858 [INFO] DbBoards:157 - Board is not supported: STM32U083C-DK
2025-03-06 15:37:20,867 [INFO] BoardInfo:880 - No configuration file found for board STM32WBA55G-DK1
2025-03-06 15:37:20,867 [INFO] DbBoards:157 - Board is not supported: STM32WBA55G-DK1
2025-03-06 15:37:20,867 [INFO] DbBoards:161 - Found 205 boards, 183 are supported
2025-03-06 15:37:20,869 [INFO] ApiDb:423 - Load user favorites file C:\Users\msi1/.stm32cubeide/favorites.boards.txt: 0 item(s)
2025-03-06 15:37:20,869 [INFO] ApiDb:427 - User favorites Boards=[]
2025-03-06 15:37:20,870 [INFO] DbBoards:190 - Set 0 / 0 favorites Boards
2025-03-06 15:37:20,870 [INFO] McuFinderGlobals:76 - Set McuFinderConnectedMode to true
2025-03-06 15:37:20,878 [INFO] MultiScanPanel:200 - Auto-refresh data requested => check proxy status ongoing
2025-03-06 15:37:20,881 [INFO] FinderPluginLoader:95 - Searching for filters in installed packs
2025-03-06 15:37:22,323 [INFO] LoadUrlFilesThread:185 - End of LoadServerUrlFiles without Thread
2025-03-06 15:37:22,338 [INFO] DetailPanel:341 - Set advertising image to C:/Users/msi1/STM32Cube/Repository/\en.prom-stm32n6-mcu-finder.png
2025-03-06 15:39:47,646 [INFO] MainUpdater:2868 - connection check result : 10
2025-03-06 15:39:47,646 [INFO] MainUpdater:2868 - connection check result : 10
2025-03-06 15:39:47,687 [INFO] MicroXplorer:468 - Change Database Path : 
2025-03-06 15:39:47,687 [INFO] MicroXplorer:498 - Change Database Version : DB.6.0.90
2025-03-06 15:39:47,693 [WARN] ThirdParty:871 - waiting for thirdparty lock release [close project]
2025-03-06 15:39:47,693 [INFO] ThirdParty:873 - entering critical section [close project]
2025-03-06 15:39:47,695 [INFO] ThirdParty:883 - exiting critical section [close project]
2025-03-06 15:39:47,704 [INFO] PinOutPanel:1499 - setPackage(No Configuration,No Configuration)
2025-03-06 15:39:47,711 [INFO] UtilMem:75 - Begin LoadConfig() Used Memory: 676857856 Bytes (1073741824)
2025-03-06 15:39:47,713 [INFO] MicroXplorer:468 - Change Database Path : 
2025-03-06 15:39:47,713 [INFO] MicroXplorer:498 - Change Database Version : DB.6.0.90
2025-03-06 15:39:47,713 [INFO] OpenFileManager:308 - Change cursor
2025-03-06 15:39:47,802 [INFO] Mcu:1946 - Initializing MCU STM32F303VCTx STM32F303VCTx STM32F303VCT6
2025-03-06 15:39:49,971 [INFO] Context:659 - Trying to add GPIOservice into a context  which must be forbidden
2025-03-06 15:39:50,528 [INFO] ImportTextPane:194 - (OptionalMessage_ERROR) Unable to find key (Mcu.ThirdPartyNb) in loaded IOC file
2025-03-06 15:39:50,528 [INFO] ImportTextPane:194 - (OptionalMessage_ERROR) Unable to find key (Mcu.PinsNb) in loaded IOC file
2025-03-06 15:39:50,528 [INFO] ImportTextPane:194 - (OptionalMessage_ERROR) Unable to find key (Mcu.IPNb) in loaded IOC file
2025-03-06 15:39:50,837 [INFO] RtosManager:555 - Registered RTOS mode: class=CMSIS, group=RTOS, mode=CMSIS_V1, owner=FREERTOS
2025-03-06 15:39:50,837 [INFO] RtosManager:555 - Registered RTOS mode: class=CMSIS, group=RTOS2, mode=CMSIS_V2, owner=FREERTOS
2025-03-06 15:39:50,837 [INFO] RtosManager:555 - Registered RTOS mode: class=RTOS, group=Core, mode=CMSIS_V1, owner=FREERTOS
2025-03-06 15:39:50,837 [INFO] RtosManager:555 - Registered RTOS mode: class=RTOS, group=Core, mode=CMSIS_V2, owner=FREERTOS
2025-03-06 15:39:50,838 [WARN] ModelIntegratedComponent:184 - Missing modes for component STMicroelectronics:FreeRTOS:0.0.1:STMicroelectronics:RTOS:FreeRTOS:Core:::10.2.0:
2025-03-06 15:39:50,844 [WARN] ModelIntegratedComponent:63 - No mode defined for component null
2025-03-06 15:39:50,844 [WARN] ModelIntegratedComponent:63 - No mode defined for component null
2025-03-06 15:39:50,844 [WARN] ModelIntegratedComponent:63 - No mode defined for component null
2025-03-06 15:39:50,844 [WARN] ModelIntegratedComponent:63 - No mode defined for component null
2025-03-06 15:39:50,844 [WARN] ModelIntegratedComponent:63 - No mode defined for component null
2025-03-06 15:39:50,844 [WARN] ModelIntegratedComponent:63 - No mode defined for component null
2025-03-06 15:39:50,844 [WARN] ModelIntegratedComponent:63 - No mode defined for component null
2025-03-06 15:39:50,844 [WARN] ModelIntegratedComponent:63 - No mode defined for component null
2025-03-06 15:39:50,844 [WARN] ModelIntegratedComponent:63 - No mode defined for component null
2025-03-06 15:39:50,844 [WARN] ModelIntegratedComponent:63 - No mode defined for component null
2025-03-06 15:39:50,844 [WARN] ModelIntegratedComponent:63 - No mode defined for component null
2025-03-06 15:39:50,844 [WARN] ModelIntegratedComponent:63 - No mode defined for component null
2025-03-06 15:39:50,844 [WARN] ModelIntegratedComponent:63 - No mode defined for component null
2025-03-06 15:39:50,844 [WARN] ModelIntegratedComponent:63 - No mode defined for component null
2025-03-06 15:39:50,844 [WARN] ModelIntegratedComponent:63 - No mode defined for component null
2025-03-06 15:39:50,844 [WARN] ModelIntegratedComponent:63 - No mode defined for component null
2025-03-06 15:39:50,844 [WARN] ModelIntegratedComponent:63 - No mode defined for component null
2025-03-06 15:39:50,844 [WARN] ModelIntegratedComponent:63 - No mode defined for component null
2025-03-06 15:39:50,844 [WARN] ModelIntegratedComponent:63 - No mode defined for component null
2025-03-06 15:39:50,844 [WARN] ModelIntegratedComponent:63 - No mode defined for component null
2025-03-06 15:39:50,844 [WARN] ModelIntegratedComponent:63 - No mode defined for component null
2025-03-06 15:39:50,844 [WARN] ModelIntegratedComponent:63 - No mode defined for component null
2025-03-06 15:39:50,844 [WARN] ModelIntegratedComponent:63 - No mode defined for component null
2025-03-06 15:39:50,844 [WARN] ModelIntegratedComponent:63 - No mode defined for component null
2025-03-06 15:39:50,844 [WARN] ModelIntegratedComponent:63 - No mode defined for component null
2025-03-06 15:39:50,844 [WARN] ModelIntegratedComponent:63 - No mode defined for component null
2025-03-06 15:39:50,846 [WARN] ModelIntegratedComponent:63 - No mode defined for component null
2025-03-06 15:39:50,846 [WARN] ModelIntegratedComponent:63 - No mode defined for component null
2025-03-06 15:39:50,846 [WARN] ModelIntegratedComponent:63 - No mode defined for component null
2025-03-06 15:39:50,846 [WARN] ModelIntegratedComponent:63 - No mode defined for component null
2025-03-06 15:39:50,846 [WARN] ModelIntegratedComponent:63 - No mode defined for component null
2025-03-06 15:39:50,846 [WARN] ModelIntegratedComponent:63 - No mode defined for component null
2025-03-06 15:39:50,846 [WARN] ModelIntegratedComponent:63 - No mode defined for component null
2025-03-06 15:39:51,019 [INFO] ThirdPartyModel:298 - Start build external matchings
2025-03-06 15:39:53,062 [INFO] ThirdPartyModel:316 - End build external matchings
2025-03-06 15:39:53,442 [INFO] UtilMem:75 - End LoadConfig() Used Memory: 663153216 Bytes (1073741824)
2025-03-06 15:39:53,489 [WARN] ThirdParty:833 - waiting for thirdparty lock release [change project]
2025-03-06 15:39:53,490 [INFO] ThirdParty:835 - entering critical section [change project]
2025-03-06 15:39:53,491 [INFO] ThirdParty:1030 - CMSIS Pack Vendor :STMicroelectronics USBPD 4.1
2025-03-06 15:39:53,491 [INFO] ThirdParty:1030 - CMSIS Pack Vendor :STMicroelectronics X-CUBE-GNSS1 6.0.0
2025-03-06 15:39:53,491 [INFO] ThirdParty:1030 - CMSIS Pack Vendor :STMicroelectronics USB_HOST 2.0.0
2025-03-06 15:39:53,491 [INFO] ThirdParty:1030 - CMSIS Pack Vendor :STMicroelectronics FP-SNS-MOTENVWB1 1.4.0
2025-03-06 15:39:53,491 [INFO] ThirdParty:1030 - CMSIS Pack Vendor :STMicroelectronics X-CUBE-AZRTOS-F4 1.1.0
2025-03-06 15:39:53,491 [INFO] ThirdParty:1030 - CMSIS Pack Vendor :STMicroelectronics LIBJPEG 8.0.0
2025-03-06 15:39:53,491 [INFO] ThirdParty:1030 - CMSIS Pack Vendor :STMicroelectronics FP-ATR-ASTRA1 2.0.2
2025-03-06 15:39:53,491 [INFO] ThirdParty:1030 - CMSIS Pack Vendor :STMicroelectronics FP-ATR-ASTRA1 2.0.1
2025-03-06 15:39:53,491 [INFO] ThirdParty:1030 - CMSIS Pack Vendor :STMicroelectronics X-CUBE-SMBUS 2.1.0
2025-03-06 15:39:53,491 [INFO] ThirdParty:1030 - CMSIS Pack Vendor :STMicroelectronics X-CUBE-WB05N 1.1.0
2025-03-06 15:39:53,491 [INFO] ThirdParty:1030 - CMSIS Pack Vendor :wolfSSL I-CUBE-wolfSSL 5.6.0
2025-03-06 15:39:53,491 [INFO] ThirdParty:1030 - CMSIS Pack Vendor :STMicroelectronics X-CUBE-ISPU 2.1.0
2025-03-06 15:39:53,491 [INFO] ThirdParty:1030 - CMSIS Pack Vendor :STMicroelectronics X-CUBE-FREERTOS 1.2.0
2025-03-06 15:39:53,491 [INFO] ThirdParty:1030 - CMSIS Pack Vendor :STMicroelectronics X-CUBE-TOUCHGFX 4.23.0
2025-03-06 15:39:53,491 [INFO] ThirdParty:1030 - CMSIS Pack Vendor :STMicroelectronics X-CUBE-TOUCHGFX 4.23.2
2025-03-06 15:39:53,491 [INFO] ThirdParty:1030 - CMSIS Pack Vendor :STMicroelectronics X-CUBE-AZRTOS-F7 1.1.0
2025-03-06 15:39:53,491 [INFO] ThirdParty:1030 - CMSIS Pack Vendor :STMicroelectronics X-CUBE-AZRTOS-L5 2.0.0
2025-03-06 15:39:53,492 [INFO] ThirdParty:1030 - CMSIS Pack Vendor :STMicroelectronics USB_DEVICE 2.0.0
2025-03-06 15:39:53,492 [INFO] ThirdParty:1030 - CMSIS Pack Vendor :STMicroelectronics X-CUBE-MEMS1 9.6.0
2025-03-06 15:39:53,492 [INFO] ThirdParty:1030 - CMSIS Pack Vendor :STMicroelectronics X-CUBE-EEPRMA1 4.2.0
2025-03-06 15:39:53,492 [INFO] ThirdParty:1030 - CMSIS Pack Vendor :STMicroelectronics X-CUBE-NFC6 3.1.0
2025-03-06 15:39:53,492 [INFO] ThirdParty:1030 - CMSIS Pack Vendor :ITTIA_DB I-CUBE-ITTIADB 8.8.0
2025-03-06 15:39:53,492 [INFO] ThirdParty:1030 - CMSIS Pack Vendor :STMicroelectronics FP-SNS-MOTENV1 4.3.0
2025-03-06 15:39:53,492 [INFO] ThirdParty:1030 - CMSIS Pack Vendor :STMicroelectronics FP-SNS-MOTENV1 4.3.2
2025-03-06 15:39:53,492 [INFO] ThirdParty:1030 - CMSIS Pack Vendor :STMicroelectronics FP-SNS-FLIGHT1 5.0.0
2025-03-06 15:39:53,492 [INFO] ThirdParty:1030 - CMSIS Pack Vendor :STMicroelectronics X-CUBE-BLE1 6.2.4
2025-03-06 15:39:53,492 [INFO] ThirdParty:1030 - CMSIS Pack Vendor :STMicroelectronics FreeRTOS 0.0.1
2025-03-06 15:39:53,492 [INFO] ThirdParty:1030 - CMSIS Pack Vendor :emotas I-CUBE-CANOPEN 1.1.3
2025-03-06 15:39:53,492 [INFO] ThirdParty:1030 - CMSIS Pack Vendor :STMicroelectronics X-CUBE-BLEMGR 2.0.0
2025-03-06 15:39:53,492 [INFO] ThirdParty:1030 - CMSIS Pack Vendor :STMicroelectronics FP-SNS-FLIGHT1 5.0.2
2025-03-06 15:39:53,492 [INFO] ThirdParty:1030 - CMSIS Pack Vendor :STMicroelectronics X-CUBE-AI 9.0.0
2025-03-06 15:39:53,492 [INFO] ThirdParty:1030 - CMSIS Pack Vendor :STMicroelectronics X-CUBE-AZRTOS-H7 3.1.0
2025-03-06 15:39:53,492 [INFO] ThirdParty:1030 - CMSIS Pack Vendor :STMicroelectronics PDM2PCM 3.3.0
2025-03-06 15:39:53,492 [INFO] ThirdParty:1030 - CMSIS Pack Vendor :STMicroelectronics X-CUBE-DISPLAY 3.0.0
2025-03-06 15:39:53,493 [INFO] ThirdParty:1030 - CMSIS Pack Vendor :STMicroelectronics X-CUBE-BLE1 7.0.0
2025-03-06 15:39:53,493 [INFO] ThirdParty:1030 - CMSIS Pack Vendor :STMicroelectronics X-CUBE-NFC10 1.0.0
2025-03-06 15:39:53,494 [INFO] ThirdParty:1030 - CMSIS Pack Vendor :STMicroelectronics HAL Drivers 0.0.0
2025-03-06 15:39:53,494 [INFO] ThirdParty:1030 - CMSIS Pack Vendor :emotas I-CUBE-CANOPEN 1.3.0
2025-03-06 15:39:53,494 [INFO] ThirdParty:1030 - CMSIS Pack Vendor :STMicroelectronics X-CUBE-FREERTOS 1.3.0
2025-03-06 15:39:53,496 [INFO] ThirdParty:1030 - CMSIS Pack Vendor :STMicroelectronics X-CUBE-TOUCHGFX 4.22.0
2025-03-06 15:39:53,496 [INFO] ThirdParty:1030 - CMSIS Pack Vendor :STMicroelectronics X-CUBE-NFC7 1.0.1
2025-03-06 15:39:53,496 [INFO] ThirdParty:1030 - CMSIS Pack Vendor :STMicroelectronics MBEDTLS 2.14.1
2025-03-06 15:39:53,496 [INFO] ThirdParty:1030 - CMSIS Pack Vendor :STMicroelectronics X-CUBE-NFC7 1.0.0
2025-03-06 15:39:53,496 [INFO] ThirdParty:1030 - CMSIS Pack Vendor :STMicroelectronics X-CUBE-TOUCHGFX 4.22.1
2025-03-06 15:39:53,496 [INFO] ThirdParty:1030 - CMSIS Pack Vendor :wolfSSL I-CUBE-wolfTPM 3.2.0
2025-03-06 15:39:53,496 [INFO] ThirdParty:1030 - CMSIS Pack Vendor :STMicroelectronics X-CUBE-NFC6 3.0.0
2025-03-06 15:39:53,496 [INFO] ThirdParty:1030 - CMSIS Pack Vendor :STMicroelectronics X-CUBE-EEPRMA1 4.1.0
2025-03-06 15:39:53,496 [INFO] ThirdParty:1030 - CMSIS Pack Vendor :STMicroelectronics X-CUBE-BLEMGR 3.1.0
2025-03-06 15:39:53,496 [INFO] ThirdParty:1030 - CMSIS Pack Vendor :STMicroelectronics X-CUBE-AI 10.0.0
2025-03-06 15:39:53,496 [INFO] ThirdParty:1030 - CMSIS Pack Vendor :STMicroelectronics FP-SNS-SMARTAG2 1.2.0
2025-03-06 15:39:53,496 [INFO] ThirdParty:1030 - CMSIS Pack Vendor :STMicroelectronics X-CUBE-MEMS1 11.1.0
2025-03-06 15:39:53,496 [INFO] ThirdParty:1030 - CMSIS Pack Vendor :STMicroelectronics X-CUBE-AZRTOS-WL 2.0.0
2025-03-06 15:39:53,496 [INFO] ThirdParty:1030 - CMSIS Pack Vendor :STMicroelectronics FP-SNS-MOTENV1 5.0.0
2025-03-06 15:39:53,496 [INFO] ThirdParty:1030 - CMSIS Pack Vendor :STMicroelectronics USB_DEVICE 1.0.0
2025-03-06 15:39:53,497 [INFO] ThirdParty:1030 - CMSIS Pack Vendor :STMicroelectronics X-CUBE-AI 8.1.0
2025-03-06 15:39:53,497 [INFO] ThirdParty:1030 - CMSIS Pack Vendor :wolfSSL I-CUBE-wolfMQTT 1.19.0
2025-03-06 15:39:53,497 [INFO] ThirdParty:1030 - CMSIS Pack Vendor :STMicroelectronics X-CUBE-AZRTOS-L4 2.0.0
2025-03-06 15:39:53,497 [INFO] ThirdParty:1030 - CMSIS Pack Vendor :STMicroelectronics ThreadX 0.0.2
2025-03-06 15:39:53,497 [INFO] ThirdParty:1030 - CMSIS Pack Vendor :WES I-CUBE-Cesium 1.3.0
2025-03-06 15:39:53,497 [INFO] ThirdParty:1030 - CMSIS Pack Vendor :STMicroelectronics lwIP 2.1.2
2025-03-06 15:39:53,497 [INFO] ThirdParty:1030 - CMSIS Pack Vendor :STMicroelectronics X-CUBE-SFXS2LP1 4.0.0
2025-03-06 15:39:53,497 [INFO] ThirdParty:1030 - CMSIS Pack Vendor :STMicroelectronics X-CUBE-BLE2 3.3.0
2025-03-06 15:39:53,497 [INFO] ThirdParty:1030 - CMSIS Pack Vendor :STMicroelectronics PDM2PCM 3.2.0
2025-03-06 15:39:53,497 [INFO] ThirdParty:1030 - CMSIS Pack Vendor :STMicroelectronics X-CUBE-ISPU 1.1.0
2025-03-06 15:39:53,497 [INFO] ThirdParty:1030 - CMSIS Pack Vendor :STMicroelectronics X-CUBE-AZRTOS-H7 3.3.0
2025-03-06 15:39:53,497 [INFO] ThirdParty:1030 - CMSIS Pack Vendor :STMicroelectronics X-CUBE-NFC9 1.0.0
2025-03-06 15:39:53,497 [INFO] ThirdParty:1030 - CMSIS Pack Vendor :STMicroelectronics X-CUBE-BLE1 7.1.0
2025-03-06 15:39:53,497 [INFO] ThirdParty:1030 - CMSIS Pack Vendor :STMicroelectronics USB_DEVICE 3.0.0
2025-03-06 15:39:53,497 [INFO] ThirdParty:1030 - CMSIS Pack Vendor :STMicroelectronics X-CUBE-TCPP 4.1.0
2025-03-06 15:39:53,497 [INFO] ThirdParty:1030 - CMSIS Pack Vendor :STMicroelectronics X-CUBE-AZRTOS-WB 2.0.0
2025-03-06 15:39:53,497 [INFO] ThirdParty:1030 - CMSIS Pack Vendor :STMicroelectronics X-CUBE-FREERTOS 1.0.1
2025-03-06 15:39:53,498 [INFO] ThirdParty:1030 - CMSIS Pack Vendor :STMicroelectronics X-CUBE-GNSS1 7.0.1
2025-03-06 15:39:53,498 [INFO] ThirdParty:1030 - CMSIS Pack Vendor :STMicroelectronics X-CUBE-TOUCHGFX 4.21.4
2025-03-06 15:39:53,498 [INFO] ThirdParty:1030 - CMSIS Pack Vendor :STMicroelectronics X-CUBE-ALGOBUILD 1.3.0
2025-03-06 15:39:53,498 [INFO] ThirdParty:1030 - CMSIS Pack Vendor :STMicroelectronics X-CUBE-AZRTOS-L5 1.1.0
2025-03-06 15:39:53,498 [INFO] ThirdParty:1030 - CMSIS Pack Vendor :STMicroelectronics X-CUBE-AZRTOS-G0 1.1.0
2025-03-06 15:39:53,498 [INFO] ThirdParty:1030 - CMSIS Pack Vendor :STMicroelectronics X-CUBE-AI 8.0.1
2025-03-06 15:39:53,498 [INFO] ThirdParty:1030 - CMSIS Pack Vendor :STMicroelectronics X-CUBE-SAFEA1 1.2.2
2025-03-06 15:39:53,498 [INFO] ThirdParty:1030 - CMSIS Pack Vendor :STMicroelectronics X-CUBE-NFC4 3.0.0
2025-03-06 15:39:53,498 [INFO] ThirdParty:1030 - CMSIS Pack Vendor :STMicroelectronics X-CUBE-SUBG2 5.0.0
2025-03-06 15:39:53,498 [INFO] ThirdParty:1030 - CMSIS Pack Vendor :STMicroelectronics STM32_WPAN 1.0.0
2025-03-06 15:39:53,498 [INFO] ThirdParty:1030 - CMSIS Pack Vendor :wolfSSL I-CUBE-wolfMQTT 1.18.0
2025-03-06 15:39:53,498 [INFO] ThirdParty:1030 - CMSIS Pack Vendor :STMicroelectronics lwIP 2.0.3
2025-03-06 15:39:53,499 [INFO] ThirdParty:1030 - CMSIS Pack Vendor :Cesanta I-CUBE-Mongoose 7.13.0
2025-03-06 15:39:53,499 [INFO] ThirdParty:1030 - CMSIS Pack Vendor :STMicroelectronics USB_HOST 1.0.0
2025-03-06 15:39:53,499 [INFO] ThirdParty:1030 - CMSIS Pack Vendor :STMicroelectronics X-CUBE-TOF1 3.3.1
2025-03-06 15:39:53,499 [INFO] ThirdParty:1030 - CMSIS Pack Vendor :STMicroelectronics X-CUBE-AZRTOS-G4 2.0.0
2025-03-06 15:39:53,499 [INFO] ThirdParty:1030 - CMSIS Pack Vendor :STMicroelectronics PDM2PCM 3.1.0
2025-03-06 15:39:53,499 [INFO] ThirdParty:1030 - CMSIS Pack Vendor :STMicroelectronics X-CUBE-TOF1 3.3.0
2025-03-06 15:39:53,499 [INFO] ThirdParty:1030 - CMSIS Pack Vendor :Infineon AIROC-Wi-Fi-Bluetooth-STM32 1.5.1
2025-03-06 15:39:53,499 [INFO] ThirdParty:1030 - CMSIS Pack Vendor :STMicroelectronics X-CUBE-BLEMGR 3.0.0
2025-03-06 15:39:53,499 [INFO] ThirdParty:1030 - CMSIS Pack Vendor :STMicroelectronics FP-SNS-MOTENVWB1 1.3.0
2025-03-06 15:39:53,499 [INFO] ThirdParty:1030 - CMSIS Pack Vendor :STMicroelectronics FP-SNS-MOTENVWB1 1.3.1
2025-03-06 15:39:53,499 [INFO] ThirdParty:1030 - CMSIS Pack Vendor :STMicroelectronics FP-ATR-SIGFOX1 3.2.0
2025-03-06 15:39:53,499 [INFO] ThirdParty:1030 - CMSIS Pack Vendor :STMicroelectronics X-CUBE-AZRTOS-L4 1.0.0
2025-03-06 15:39:53,499 [INFO] ThirdParty:1030 - CMSIS Pack Vendor :STMicroelectronics X-CUBE-ISPU 2.0.0
2025-03-06 15:39:53,499 [INFO] ThirdParty:1030 - CMSIS Pack Vendor :STMicroelectronics X-CUBE-EEPRMA1 5.1.0
2025-03-06 15:39:53,499 [INFO] ThirdParty:1030 - CMSIS Pack Vendor :STMicroelectronics MBEDTLS 2.16.2
2025-03-06 15:39:53,499 [INFO] ThirdParty:1030 - CMSIS Pack Vendor :STMicroelectronics X-CUBE-ALS 1.0.2
2025-03-06 15:39:53,499 [INFO] ThirdParty:1030 - CMSIS Pack Vendor :STMicroelectronics X-CUBE-MEMS1 10.0.0
2025-03-06 15:39:53,499 [INFO] ThirdParty:1030 - CMSIS Pack Vendor :STMicroelectronics X-CUBE-FREERTOS 1.1.0
2025-03-06 15:39:53,499 [INFO] ThirdParty:1030 - CMSIS Pack Vendor :wolfSSL I-CUBE-wolfSSL 5.7.6
2025-03-06 15:39:53,499 [INFO] ThirdParty:1030 - CMSIS Pack Vendor :STMicroelectronics X-CUBE-TOUCHGFX 4.24.0
2025-03-06 15:39:53,499 [INFO] ThirdParty:1030 - CMSIS Pack Vendor :ITTIA_DB I-CUBE-ITTIADB 8.9.0
2025-03-06 15:39:53,499 [INFO] ThirdParty:1030 - CMSIS Pack Vendor :STMicroelectronics X-CUBE-TOUCHGFX 4.24.2
2025-03-06 15:39:53,499 [INFO] ThirdParty:1030 - CMSIS Pack Vendor :STMicroelectronics X-CUBE-AZRTOS-WL 1.0.0
2025-03-06 15:39:53,500 [INFO] ThirdParty:1030 - CMSIS Pack Vendor :STMicroelectronics X-CUBE-TOUCHGFX 4.24.1
2025-03-06 15:39:53,500 [INFO] ThirdParty:1030 - CMSIS Pack Vendor :wolfSSL I-CUBE-wolfTPM 3.4.0
2025-03-06 15:39:53,500 [INFO] ThirdParty:1030 - CMSIS Pack Vendor :portGmbH I-Cube-SoM-uGOAL 1.1.0
2025-03-06 15:39:53,500 [INFO] ThirdParty:1030 - CMSIS Pack Vendor :STMicroelectronics X-CUBE-ALS 1.0.1
2025-03-06 15:39:53,500 [INFO] ThirdParty:1030 - CMSIS Pack Vendor :STMicroelectronics ThreadX 1.0.0
2025-03-06 15:39:53,500 [INFO] ThirdParty:1030 - CMSIS Pack Vendor :STMicroelectronics X-CUBE-AZRTOS-WB 1.1.0
2025-03-06 15:39:53,500 [INFO] ThirdParty:1030 - CMSIS Pack Vendor :SEGGER I-CUBE-embOS 1.3.1
2025-03-06 15:39:53,500 [INFO] ThirdParty:1030 - CMSIS Pack Vendor :STMicroelectronics X-CUBE-ALGOBUILD 1.4.0
2025-03-06 15:39:53,500 [INFO] ThirdParty:1030 - CMSIS Pack Vendor :STMicroelectronics X-CUBE-AZRTOS-H7RS 1.0.0
2025-03-06 15:39:53,500 [INFO] ThirdParty:1030 - CMSIS Pack Vendor :STMicroelectronics FP-ATR-ASTRA1 2.0.0
2025-03-06 15:39:53,500 [INFO] ThirdParty:1030 - CMSIS Pack Vendor :STMicroelectronics X-CUBE-AI 9.1.0
2025-03-06 15:39:53,500 [INFO] ThirdParty:1030 - CMSIS Pack Vendor :STMicroelectronics X-CUBE-TOF1 3.4.0
2025-03-06 15:39:53,500 [INFO] ThirdParty:1030 - CMSIS Pack Vendor :STMicroelectronics X-CUBE-TOF1 3.4.1
2025-03-06 15:39:53,500 [INFO] ThirdParty:1030 - CMSIS Pack Vendor :STMicroelectronics X-CUBE-AZRTOS-H7 3.2.0
2025-03-06 15:39:53,500 [INFO] ThirdParty:1030 - CMSIS Pack Vendor :wolfSSL I-CUBE-wolfSSH 1.4.17
2025-03-06 15:39:53,500 [INFO] ThirdParty:841 - exiting critical section [change project]
2025-03-06 15:39:53,933 [INFO] PinOutPanel:1499 - setPackage(No Configuration,No Configuration)
2025-03-06 15:39:53,934 [INFO] PinOutPanel:1499 - setPackage(STM32F303VCTx,LQFP100)
2025-03-06 15:39:54,656 [INFO] UtilMem:75 - Before build in PCC Used Memory: 676901960 Bytes (1073741824)
2025-03-06 15:39:55,590 [INFO] UtilMem:75 - After build in PCC Used Memory: 761122704 Bytes (1073741824)
2025-03-06 15:39:55,617 [INFO] IPUIPlugin:80 - create IPUIPlugin
2025-03-06 15:39:55,617 [INFO] IPUIPlugin:80 - create IPUIPlugin
2025-03-06 15:39:55,617 [INFO] IPUIPlugin:80 - create IPUIPlugin
2025-03-06 15:39:55,617 [INFO] IPUIPlugin:80 - create IPUIPlugin
2025-03-06 15:39:55,617 [INFO] IPUIPlugin:80 - create IPUIPlugin
2025-03-06 15:39:55,617 [INFO] IPUIPlugin:80 - create IPUIPlugin
2025-03-06 15:39:55,617 [INFO] IPUIPlugin:80 - create IPUIPlugin
2025-03-06 15:39:55,617 [INFO] IPUIPlugin:80 - create IPUIPlugin
2025-03-06 15:39:55,618 [INFO] IPUIPlugin:80 - create IPUIPlugin
2025-03-06 15:39:55,618 [INFO] IPUIPlugin:80 - create IPUIPlugin
2025-03-06 15:39:55,618 [INFO] IPUIPlugin:80 - create IPUIPlugin
2025-03-06 15:39:55,618 [INFO] IPUIPlugin:80 - create IPUIPlugin
2025-03-06 15:39:55,618 [INFO] IPUIPlugin:80 - create IPUIPlugin
2025-03-06 15:39:55,618 [INFO] IPUIPlugin:80 - create IPUIPlugin
2025-03-06 15:39:55,618 [INFO] IPUIPlugin:80 - create IPUIPlugin
2025-03-06 15:39:55,618 [INFO] IPUIPlugin:80 - create IPUIPlugin
2025-03-06 15:39:55,618 [INFO] IPUIPlugin:80 - create IPUIPlugin
2025-03-06 15:39:55,618 [INFO] IPUIPlugin:80 - create IPUIPlugin
2025-03-06 15:39:55,618 [INFO] IPUIPlugin:80 - create IPUIPlugin
2025-03-06 15:39:55,618 [INFO] IPUIPlugin:80 - create IPUIPlugin
2025-03-06 15:39:55,619 [INFO] IPUIPlugin:80 - create IPUIPlugin
2025-03-06 15:39:55,619 [INFO] IPUIPlugin:80 - create IPUIPlugin
2025-03-06 15:39:55,619 [INFO] IPUIPlugin:80 - create IPUIPlugin
2025-03-06 15:39:55,619 [INFO] IPUIPlugin:80 - create IPUIPlugin
2025-03-06 15:39:55,619 [INFO] IPUIPlugin:80 - create IPUIPlugin
2025-03-06 15:39:55,619 [INFO] IPUIPlugin:80 - create IPUIPlugin
2025-03-06 15:39:55,619 [INFO] IPUIPlugin:80 - create IPUIPlugin
2025-03-06 15:39:55,620 [INFO] IPUIPlugin:80 - create IPUIPlugin
2025-03-06 15:39:55,620 [INFO] IPUIPlugin:80 - create IPUIPlugin
2025-03-06 15:39:55,620 [INFO] IPUIPlugin:80 - create IPUIPlugin
2025-03-06 15:39:55,620 [INFO] IPUIPlugin:80 - create IPUIPlugin
2025-03-06 15:39:55,620 [INFO] IPUIPlugin:80 - create IPUIPlugin
2025-03-06 15:39:55,620 [INFO] IPUIPlugin:80 - create IPUIPlugin
2025-03-06 15:39:55,621 [INFO] IPUIPlugin:80 - create IPUIPlugin
2025-03-06 15:39:55,621 [INFO] IPUIPlugin:80 - create IPUIPlugin
2025-03-06 15:39:55,621 [INFO] IPUIPlugin:80 - create IPUIPlugin
2025-03-06 15:39:55,621 [INFO] IPUIPlugin:80 - create IPUIPlugin
2025-03-06 15:39:55,622 [INFO] IPUIPlugin:80 - create IPUIPlugin
2025-03-06 15:39:55,622 [INFO] IPUIPlugin:80 - create IPUIPlugin
2025-03-06 15:39:55,622 [INFO] IPUIPlugin:80 - create IPUIPlugin
2025-03-06 15:39:55,622 [INFO] IPUIPlugin:80 - create IPUIPlugin
2025-03-06 15:39:55,622 [INFO] IPUIPlugin:80 - create IPUIPlugin
2025-03-06 15:39:55,623 [INFO] IPUIPlugin:80 - create IPUIPlugin
2025-03-06 15:39:55,623 [INFO] IPUIPlugin:80 - create IPUIPlugin
2025-03-06 15:39:55,623 [INFO] IPUIPlugin:80 - create IPUIPlugin
2025-03-06 15:39:55,623 [INFO] IPUIPlugin:80 - create IPUIPlugin
2025-03-06 15:39:55,624 [INFO] IPUIPlugin:80 - create IPUIPlugin
2025-03-06 15:39:55,624 [INFO] IPUIPlugin:80 - create IPUIPlugin
2025-03-06 15:39:55,624 [INFO] IPUIPlugin:80 - create IPUIPlugin
2025-03-06 15:39:55,624 [INFO] IPUIPlugin:80 - create IPUIPlugin
2025-03-06 15:39:55,624 [INFO] IPUIPlugin:80 - create IPUIPlugin
2025-03-06 15:39:55,624 [INFO] IPUIPlugin:80 - create IPUIPlugin
2025-03-06 15:39:55,626 [INFO] IPUIPlugin:80 - create IPUIPlugin
2025-03-06 15:39:55,626 [INFO] IPUIPlugin:80 - create IPUIPlugin
2025-03-06 15:39:55,626 [INFO] IPUIPlugin:80 - create IPUIPlugin
2025-03-06 15:39:55,835 [INFO] CADModel:165 - CPN selected for project levelSTM32F303VCT6
2025-03-06 15:39:55,836 [INFO] CADModel:114 - Register for checkConnection events
2025-03-06 15:39:55,888 [INFO] OpenFileManager:328 - Restore cursor
2025-03-06 15:40:00,069 [INFO] UtilMem:75 - End SaveConfig() Used Memory: 912838200 Bytes (1073741824)
2025-03-06 15:40:00,152 [INFO] UtilMem:75 - End SaveConfig() Used Memory: 940681888 Bytes (1073741824)
2025-03-06 15:40:00,607 [INFO] BlockDiagram:2759 - set Specific Code input for plugin: RCC
2025-03-06 15:40:00,607 [INFO] BlockDiagram:2759 - set Specific Code input for plugin: NVIC
2025-03-06 15:40:00,609 [INFO] CodeGenerator:799 - code generatio: config db path: D:\ITC\STM32\STM32CubeIDE_1.13.0\STM32CubeIDE\plugins\com.st.stm32cube.common.mx_6.9.0.202307051724\\db\
2025-03-06 15:40:01,033 [INFO] CodeEngine:255 - oldGeneratedFile, D:\AIFARM\STM32_GREENB\soil_moisture\MXTmpFiles\license.tmp_save
2025-03-06 15:40:01,411 [INFO] CodeEngine:279 - Generated code: D:\AIFARM\STM32_GREENB\soil_moisture\MXTmpFiles\license.tmp
2025-03-06 15:40:01,444 [INFO] CodeEngine:255 - oldGeneratedFile, D:\AIFARM\STM32_GREENB\soil_moisture\Core\Src\stm32f3xx_it.c_save
2025-03-06 15:40:01,617 [INFO] CodeEngine:279 - Generated code: D:\AIFARM\STM32_GREENB\soil_moisture\Core\Src\stm32f3xx_it.c
2025-03-06 15:40:01,631 [INFO] CodeEngine:255 - oldGeneratedFile, D:\AIFARM\STM32_GREENB\soil_moisture\Core\Inc\stm32f3xx_it.h_save
2025-03-06 15:40:01,734 [INFO] CodeEngine:279 - Generated code: D:\AIFARM\STM32_GREENB\soil_moisture\Core\Inc\stm32f3xx_it.h
2025-03-06 15:40:01,918 [INFO] CodeEngine:255 - oldGeneratedFile, D:\AIFARM\STM32_GREENB\soil_moisture\Core\Src\stm32f3xx_hal_msp.c_save
2025-03-06 15:40:02,112 [INFO] CodeEngine:279 - Generated code: D:\AIFARM\STM32_GREENB\soil_moisture\Core\Src\stm32f3xx_hal_msp.c
2025-03-06 15:40:02,128 [INFO] CodeEngine:255 - oldGeneratedFile, D:\AIFARM\STM32_GREENB\soil_moisture\MXTmpFiles\system.tmp_save
2025-03-06 15:40:02,201 [INFO] CodeEngine:279 - Generated code: D:\AIFARM\STM32_GREENB\soil_moisture\MXTmpFiles\system.tmp
2025-03-06 15:40:02,229 [INFO] CodeEngine:311 - oldGeneratedFile, D:\AIFARM\STM32_GREENB\soil_moisture\Core\Inc\stm32f3xx_hal_conf.h_save
2025-03-06 15:40:02,338 [INFO] CodeEngine:335 - Generated code: D:\AIFARM\STM32_GREENB\soil_moisture\Core\Inc\stm32f3xx_hal_conf.h
2025-03-06 15:40:02,415 [INFO] CodeEngine:255 - oldGeneratedFile, D:\AIFARM\STM32_GREENB\soil_moisture\Core\Inc\main.h_save
2025-03-06 15:40:02,591 [INFO] CodeEngine:279 - Generated code: D:\AIFARM\STM32_GREENB\soil_moisture\Core\Inc\main.h
2025-03-06 15:40:02,606 [INFO] CodeEngine:255 - oldGeneratedFile, D:\AIFARM\STM32_GREENB\soil_moisture\Core\Src\main.c_save
2025-03-06 15:40:02,764 [INFO] CodeEngine:279 - Generated code: D:\AIFARM\STM32_GREENB\soil_moisture\Core\Src\main.c
2025-03-06 15:40:03,412 [INFO] ProjectBuilder:3064 - Time for Copy HAL[1] : 196mS.
2025-03-06 15:40:03,417 [INFO] ProjectBuilder:4404 - Project Generator version: 4.1.0
2025-03-06 15:40:03,704 [INFO] ConfigFileManager:1457 - The Die is : DIE422
2025-03-06 15:40:03,727 [INFO] ApiDbMcu:507 - Load IP Config File for FATFS
2025-03-06 15:40:03,748 [INFO] ApiDbMcu:507 - Load IP Config File for FREERTOS
2025-03-06 15:40:03,772 [INFO] ApiDbMcu:507 - Load IP Config File for TOUCHSENSING
2025-03-06 15:40:03,789 [INFO] ApiDbMcu:507 - Load IP Config File for USB_DEVICE
2025-03-06 15:40:05,372 [INFO] LogOutputStream:77 - [STDOUT_REDIRECT] 
2025-03-06 15:40:10,105 [INFO] ProjectBuilder:4626 - Time for Generating toolchain IDE Files: 6687mS.
2025-03-06 15:40:10,107 [INFO] ProjectBuilder:2935 - Time for Copy CMSIS : 0mS.
2025-03-06 15:40:10,108 [INFO] ProjectBuilder:2935 - Time for Copy CMSIS : 0mS.
2025-03-06 15:40:11,430 [INFO] McuFinderGlobals:76 - Set McuFinderConnectedMode to true
2025-03-06 15:40:11,436 [INFO] ApiDb:448 - Save user favorites file C:\Users\msi1/.stm32cubeide/favorites.mcus.txt: 3 item(s)
2025-03-06 15:40:11,436 [INFO] ApiDb:452 - User favorites MCUs=[STM32F103CBT6, STM32F303VCT6, STM32F407VGT6]
2025-03-06 15:45:30,157 [INFO] UtilMem:75 - End SaveConfig() Used Memory: 717590712 Bytes (1073741824)
2025-03-06 15:45:30,882 [INFO] UtilMem:75 - End SaveConfig() Used Memory: 797743080 Bytes (1073741824)
2025-03-06 15:45:31,209 [INFO] BlockDiagram:2759 - set Specific Code input for plugin: SYS
2025-03-06 15:45:31,209 [INFO] BlockDiagram:2759 - set Specific Code input for plugin: RCC
2025-03-06 15:45:31,209 [INFO] BlockDiagram:2759 - set Specific Code input for plugin: NVIC
2025-03-06 15:45:31,210 [INFO] BlockDiagram:2759 - set Specific Code input for plugin: GPIO
2025-03-06 15:45:31,211 [INFO] CodeGenerator:799 - code generatio: config db path: D:\ITC\STM32\STM32CubeIDE_1.13.0\STM32CubeIDE\plugins\com.st.stm32cube.common.mx_6.9.0.202307051724\\db\
2025-03-06 15:45:31,339 [INFO] CodeEngine:255 - oldGeneratedFile, D:\AIFARM\STM32_GREENB\soil_moisture\MXTmpFiles\license.tmp_save
2025-03-06 15:45:31,450 [INFO] CodeEngine:279 - Generated code: D:\AIFARM\STM32_GREENB\soil_moisture\MXTmpFiles\license.tmp
2025-03-06 15:45:31,497 [INFO] CodeEngine:255 - oldGeneratedFile, D:\AIFARM\STM32_GREENB\soil_moisture\MXTmpFiles\gpio.tmp_save
2025-03-06 15:45:31,600 [INFO] CodeEngine:279 - Generated code: D:\AIFARM\STM32_GREENB\soil_moisture\MXTmpFiles\gpio.tmp
2025-03-06 15:45:31,640 [INFO] CodeEngine:255 - oldGeneratedFile, D:\AIFARM\STM32_GREENB\soil_moisture\Core\Src\stm32f3xx_it.c_save
2025-03-06 15:45:31,868 [INFO] CodeEngine:279 - Generated code: D:\AIFARM\STM32_GREENB\soil_moisture\Core\Src\stm32f3xx_it.c
2025-03-06 15:45:31,873 [INFO] CodeEngine:255 - oldGeneratedFile, D:\AIFARM\STM32_GREENB\soil_moisture\Core\Inc\stm32f3xx_it.h_save
2025-03-06 15:45:31,923 [INFO] CodeEngine:279 - Generated code: D:\AIFARM\STM32_GREENB\soil_moisture\Core\Inc\stm32f3xx_it.h
2025-03-06 15:45:31,945 [INFO] CodeEngine:255 - oldGeneratedFile, D:\AIFARM\STM32_GREENB\soil_moisture\Core\Src\stm32f3xx_hal_msp.c_save
2025-03-06 15:45:32,015 [INFO] CodeEngine:279 - Generated code: D:\AIFARM\STM32_GREENB\soil_moisture\Core\Src\stm32f3xx_hal_msp.c
2025-03-06 15:45:32,018 [INFO] CodeEngine:255 - oldGeneratedFile, D:\AIFARM\STM32_GREENB\soil_moisture\MXTmpFiles\system.tmp_save
2025-03-06 15:45:32,062 [INFO] CodeEngine:279 - Generated code: D:\AIFARM\STM32_GREENB\soil_moisture\MXTmpFiles\system.tmp
2025-03-06 15:45:32,080 [INFO] CodeEngine:311 - oldGeneratedFile, D:\AIFARM\STM32_GREENB\soil_moisture\Core\Inc\stm32f3xx_hal_conf.h_save
2025-03-06 15:45:32,168 [INFO] CodeEngine:335 - Generated code: D:\AIFARM\STM32_GREENB\soil_moisture\Core\Inc\stm32f3xx_hal_conf.h
2025-03-06 15:45:32,237 [INFO] CodeEngine:255 - oldGeneratedFile, D:\AIFARM\STM32_GREENB\soil_moisture\Core\Inc\main.h_save
2025-03-06 15:45:32,313 [INFO] CodeEngine:279 - Generated code: D:\AIFARM\STM32_GREENB\soil_moisture\Core\Inc\main.h
2025-03-06 15:45:32,330 [INFO] CodeEngine:255 - oldGeneratedFile, D:\AIFARM\STM32_GREENB\soil_moisture\Core\Src\main.c_save
2025-03-06 15:45:32,450 [INFO] CodeEngine:279 - Generated code: D:\AIFARM\STM32_GREENB\soil_moisture\Core\Src\main.c
2025-03-06 15:45:32,988 [INFO] ProjectBuilder:3064 - Time for Copy HAL[1] : 153mS.
2025-03-06 15:45:32,991 [INFO] ProjectBuilder:4404 - Project Generator version: 4.1.0
2025-03-06 15:45:33,205 [INFO] ConfigFileManager:1457 - The Die is : DIE422
2025-03-06 15:45:35,135 [INFO] ProjectBuilder:4626 - Time for Generating toolchain IDE Files: 2144mS.
2025-03-06 15:45:35,137 [INFO] ProjectBuilder:2935 - Time for Copy CMSIS : 0mS.
2025-03-06 15:45:35,139 [INFO] ProjectBuilder:2935 - Time for Copy CMSIS : 1mS.
2025-03-06 15:48:54,764 [INFO] UtilMem:75 - End SaveConfig() Used Memory: 906192832 Bytes (1073741824)
2025-03-06 15:48:55,233 [INFO] UtilMem:75 - End SaveConfig() Used Memory: 949133992 Bytes (1073741824)
2025-03-06 15:48:55,546 [INFO] BlockDiagram:2759 - set Specific Code input for plugin: SYS
2025-03-06 15:48:55,547 [INFO] BlockDiagram:2759 - set Specific Code input for plugin: RCC
2025-03-06 15:48:55,547 [INFO] BlockDiagram:2759 - set Specific Code input for plugin: NVIC
2025-03-06 15:48:55,547 [INFO] BlockDiagram:2759 - set Specific Code input for plugin: USART
2025-03-06 15:48:55,547 [INFO] BlockDiagram:2759 - set Specific Code input for plugin: GPIO
2025-03-06 15:48:55,548 [INFO] CodeGenerator:799 - code generatio: config db path: D:\ITC\STM32\STM32CubeIDE_1.13.0\STM32CubeIDE\plugins\com.st.stm32cube.common.mx_6.9.0.202307051724\\db\
2025-03-06 15:48:55,692 [INFO] CodeEngine:255 - oldGeneratedFile, D:\AIFARM\STM32_GREENB\soil_moisture\MXTmpFiles\license.tmp_save
2025-03-06 15:48:55,833 [INFO] CodeEngine:279 - Generated code: D:\AIFARM\STM32_GREENB\soil_moisture\MXTmpFiles\license.tmp
2025-03-06 15:48:55,870 [INFO] CodeEngine:255 - oldGeneratedFile, D:\AIFARM\STM32_GREENB\soil_moisture\MXTmpFiles\gpio.tmp_save
2025-03-06 15:48:55,954 [INFO] CodeEngine:279 - Generated code: D:\AIFARM\STM32_GREENB\soil_moisture\MXTmpFiles\gpio.tmp
2025-03-06 15:48:56,031 [INFO] CodeEngine:255 - oldGeneratedFile, D:\AIFARM\STM32_GREENB\soil_moisture\Core\Src\stm32f3xx_it.c_save
2025-03-06 15:48:56,108 [INFO] CodeEngine:279 - Generated code: D:\AIFARM\STM32_GREENB\soil_moisture\Core\Src\stm32f3xx_it.c
2025-03-06 15:48:56,111 [INFO] CodeEngine:255 - oldGeneratedFile, D:\AIFARM\STM32_GREENB\soil_moisture\Core\Inc\stm32f3xx_it.h_save
2025-03-06 15:48:56,156 [INFO] CodeEngine:279 - Generated code: D:\AIFARM\STM32_GREENB\soil_moisture\Core\Inc\stm32f3xx_it.h
2025-03-06 15:48:56,179 [INFO] CodeEngine:255 - oldGeneratedFile, D:\AIFARM\STM32_GREENB\soil_moisture\Core\Src\stm32f3xx_hal_msp.c_save
2025-03-06 15:48:56,282 [INFO] CodeEngine:279 - Generated code: D:\AIFARM\STM32_GREENB\soil_moisture\Core\Src\stm32f3xx_hal_msp.c
2025-03-06 15:48:56,286 [INFO] CodeEngine:255 - oldGeneratedFile, D:\AIFARM\STM32_GREENB\soil_moisture\MXTmpFiles\system.tmp_save
2025-03-06 15:48:56,335 [INFO] CodeEngine:279 - Generated code: D:\AIFARM\STM32_GREENB\soil_moisture\MXTmpFiles\system.tmp
2025-03-06 15:48:56,357 [INFO] CodeEngine:311 - oldGeneratedFile, D:\AIFARM\STM32_GREENB\soil_moisture\Core\Inc\stm32f3xx_hal_conf.h_save
2025-03-06 15:48:56,454 [INFO] CodeEngine:335 - Generated code: D:\AIFARM\STM32_GREENB\soil_moisture\Core\Inc\stm32f3xx_hal_conf.h
2025-03-06 15:48:56,501 [INFO] CodeEngine:255 - oldGeneratedFile, D:\AIFARM\STM32_GREENB\soil_moisture\Core\Inc\main.h_save
2025-03-06 15:48:56,556 [INFO] CodeEngine:279 - Generated code: D:\AIFARM\STM32_GREENB\soil_moisture\Core\Inc\main.h
2025-03-06 15:48:56,569 [INFO] CodeEngine:255 - oldGeneratedFile, D:\AIFARM\STM32_GREENB\soil_moisture\Core\Src\main.c_save
2025-03-06 15:48:56,663 [INFO] CodeEngine:279 - Generated code: D:\AIFARM\STM32_GREENB\soil_moisture\Core\Src\main.c
2025-03-06 15:48:57,141 [INFO] ProjectBuilder:3064 - Time for Copy HAL[1] : 158mS.
2025-03-06 15:48:57,145 [INFO] ProjectBuilder:4404 - Project Generator version: 4.1.0
2025-03-06 15:48:57,375 [INFO] ConfigFileManager:1457 - The Die is : DIE422
2025-03-06 15:48:58,792 [INFO] ProjectBuilder:4626 - Time for Generating toolchain IDE Files: 1647mS.
2025-03-06 15:48:58,793 [INFO] ProjectBuilder:2935 - Time for Copy CMSIS : 0mS.
2025-03-06 15:48:58,795 [INFO] ProjectBuilder:2935 - Time for Copy CMSIS : 0mS.
2025-03-06 16:08:02,087 [INFO] UtilMem:75 - End SaveConfig() Used Memory: 891195328 Bytes (1073741824)
2025-03-06 16:08:05,243 [INFO] UtilMem:75 - End SaveConfig() Used Memory: 721001024 Bytes (1073741824)
2025-03-06 16:08:05,523 [INFO] BlockDiagram:2759 - set Specific Code input for plugin: SYS
2025-03-06 16:08:05,523 [INFO] BlockDiagram:2759 - set Specific Code input for plugin: RCC
2025-03-06 16:08:05,523 [INFO] BlockDiagram:2759 - set Specific Code input for plugin: NVIC
2025-03-06 16:08:05,523 [INFO] BlockDiagram:2759 - set Specific Code input for plugin: USART
2025-03-06 16:08:05,524 [INFO] BlockDiagram:2759 - set Specific Code input for plugin: GPIO
2025-03-06 16:08:05,525 [INFO] CodeGenerator:799 - code generatio: config db path: D:\ITC\STM32\STM32CubeIDE_1.13.0\STM32CubeIDE\plugins\com.st.stm32cube.common.mx_6.9.0.202307051724\\db\
2025-03-06 16:08:05,719 [INFO] CodeEngine:255 - oldGeneratedFile, D:\AIFARM\STM32_GREENB\soil_moisture\MXTmpFiles\license.tmp_save
2025-03-06 16:08:05,859 [INFO] CodeEngine:279 - Generated code: D:\AIFARM\STM32_GREENB\soil_moisture\MXTmpFiles\license.tmp
2025-03-06 16:08:05,885 [INFO] CodeEngine:255 - oldGeneratedFile, D:\AIFARM\STM32_GREENB\soil_moisture\MXTmpFiles\gpio.tmp_save
2025-03-06 16:08:05,990 [INFO] CodeEngine:279 - Generated code: D:\AIFARM\STM32_GREENB\soil_moisture\MXTmpFiles\gpio.tmp
2025-03-06 16:08:06,056 [INFO] CodeEngine:255 - oldGeneratedFile, D:\AIFARM\STM32_GREENB\soil_moisture\Core\Src\stm32f3xx_it.c_save
2025-03-06 16:08:06,260 [INFO] CodeEngine:279 - Generated code: D:\AIFARM\STM32_GREENB\soil_moisture\Core\Src\stm32f3xx_it.c
2025-03-06 16:08:06,279 [INFO] CodeEngine:255 - oldGeneratedFile, D:\AIFARM\STM32_GREENB\soil_moisture\Core\Inc\stm32f3xx_it.h_save
2025-03-06 16:08:06,327 [INFO] CodeEngine:279 - Generated code: D:\AIFARM\STM32_GREENB\soil_moisture\Core\Inc\stm32f3xx_it.h
2025-03-06 16:08:06,351 [INFO] CodeEngine:255 - oldGeneratedFile, D:\AIFARM\STM32_GREENB\soil_moisture\Core\Src\stm32f3xx_hal_msp.c_save
2025-03-06 16:08:06,423 [INFO] CodeEngine:279 - Generated code: D:\AIFARM\STM32_GREENB\soil_moisture\Core\Src\stm32f3xx_hal_msp.c
2025-03-06 16:08:06,426 [INFO] CodeEngine:255 - oldGeneratedFile, D:\AIFARM\STM32_GREENB\soil_moisture\MXTmpFiles\system.tmp_save
2025-03-06 16:08:06,469 [INFO] CodeEngine:279 - Generated code: D:\AIFARM\STM32_GREENB\soil_moisture\MXTmpFiles\system.tmp
2025-03-06 16:08:06,487 [INFO] CodeEngine:311 - oldGeneratedFile, D:\AIFARM\STM32_GREENB\soil_moisture\Core\Inc\stm32f3xx_hal_conf.h_save
2025-03-06 16:08:06,562 [INFO] CodeEngine:335 - Generated code: D:\AIFARM\STM32_GREENB\soil_moisture\Core\Inc\stm32f3xx_hal_conf.h
2025-03-06 16:08:06,609 [INFO] CodeEngine:255 - oldGeneratedFile, D:\AIFARM\STM32_GREENB\soil_moisture\Core\Inc\main.h_save
2025-03-06 16:08:06,670 [INFO] CodeEngine:279 - Generated code: D:\AIFARM\STM32_GREENB\soil_moisture\Core\Inc\main.h
2025-03-06 16:08:06,684 [INFO] CodeEngine:255 - oldGeneratedFile, D:\AIFARM\STM32_GREENB\soil_moisture\Core\Src\main.c_save
2025-03-06 16:08:06,805 [INFO] CodeEngine:279 - Generated code: D:\AIFARM\STM32_GREENB\soil_moisture\Core\Src\main.c
2025-03-06 16:08:07,229 [INFO] ProjectBuilder:3064 - Time for Copy HAL[1] : 137mS.
2025-03-06 16:08:07,231 [INFO] ProjectBuilder:4404 - Project Generator version: 4.1.0
2025-03-06 16:08:07,482 [INFO] ConfigFileManager:1457 - The Die is : DIE422
2025-03-06 16:08:08,714 [INFO] ProjectBuilder:4626 - Time for Generating toolchain IDE Files: 1483mS.
2025-03-06 16:08:08,716 [INFO] ProjectBuilder:2935 - Time for Copy CMSIS : 0mS.
2025-03-06 16:08:08,718 [INFO] ProjectBuilder:2935 - Time for Copy CMSIS : 0mS.
2025-03-06 16:38:56,756 [INFO] UtilMem:75 - End SaveConfig() Used Memory: 911785472 Bytes (1073741824)
2025-03-06 16:38:57,200 [INFO] BlockDiagram:2759 - set Specific Code input for plugin: SYS
2025-03-06 16:38:57,200 [INFO] BlockDiagram:2759 - set Specific Code input for plugin: RCC
2025-03-06 16:38:57,200 [INFO] BlockDiagram:2759 - set Specific Code input for plugin: NVIC
2025-03-06 16:38:57,201 [INFO] BlockDiagram:2759 - set Specific Code input for plugin: USART
2025-03-06 16:38:57,201 [INFO] BlockDiagram:2759 - set Specific Code input for plugin: GPIO
2025-03-06 16:38:57,202 [INFO] CodeGenerator:799 - code generatio: config db path: D:\ITC\STM32\STM32CubeIDE_1.13.0\STM32CubeIDE\plugins\com.st.stm32cube.common.mx_6.9.0.202307051724\\db\
2025-03-06 16:38:57,356 [INFO] CodeEngine:255 - oldGeneratedFile, D:\AIFARM\STM32_GREENB\soil_moisture\MXTmpFiles\license.tmp_save
2025-03-06 16:38:57,494 [INFO] CodeEngine:279 - Generated code: D:\AIFARM\STM32_GREENB\soil_moisture\MXTmpFiles\license.tmp
2025-03-06 16:38:57,628 [INFO] CodeEngine:255 - oldGeneratedFile, D:\AIFARM\STM32_GREENB\soil_moisture\MXTmpFiles\gpio.tmp_save
2025-03-06 16:38:57,726 [INFO] CodeEngine:279 - Generated code: D:\AIFARM\STM32_GREENB\soil_moisture\MXTmpFiles\gpio.tmp
2025-03-06 16:38:57,807 [INFO] CodeEngine:255 - oldGeneratedFile, D:\AIFARM\STM32_GREENB\soil_moisture\Core\Src\stm32f3xx_it.c_save
2025-03-06 16:38:58,029 [INFO] CodeEngine:279 - Generated code: D:\AIFARM\STM32_GREENB\soil_moisture\Core\Src\stm32f3xx_it.c
2025-03-06 16:38:58,034 [INFO] CodeEngine:255 - oldGeneratedFile, D:\AIFARM\STM32_GREENB\soil_moisture\Core\Inc\stm32f3xx_it.h_save
2025-03-06 16:38:58,081 [INFO] CodeEngine:279 - Generated code: D:\AIFARM\STM32_GREENB\soil_moisture\Core\Inc\stm32f3xx_it.h
2025-03-06 16:38:58,106 [INFO] CodeEngine:255 - oldGeneratedFile, D:\AIFARM\STM32_GREENB\soil_moisture\Core\Src\stm32f3xx_hal_msp.c_save
2025-03-06 16:38:58,181 [INFO] CodeEngine:279 - Generated code: D:\AIFARM\STM32_GREENB\soil_moisture\Core\Src\stm32f3xx_hal_msp.c
2025-03-06 16:38:58,184 [INFO] CodeEngine:255 - oldGeneratedFile, D:\AIFARM\STM32_GREENB\soil_moisture\MXTmpFiles\system.tmp_save
2025-03-06 16:38:58,232 [INFO] CodeEngine:279 - Generated code: D:\AIFARM\STM32_GREENB\soil_moisture\MXTmpFiles\system.tmp
2025-03-06 16:38:58,252 [INFO] CodeEngine:311 - oldGeneratedFile, D:\AIFARM\STM32_GREENB\soil_moisture\Core\Inc\stm32f3xx_hal_conf.h_save
2025-03-06 16:38:58,328 [INFO] CodeEngine:335 - Generated code: D:\AIFARM\STM32_GREENB\soil_moisture\Core\Inc\stm32f3xx_hal_conf.h
2025-03-06 16:38:58,369 [INFO] CodeEngine:255 - oldGeneratedFile, D:\AIFARM\STM32_GREENB\soil_moisture\Core\Inc\main.h_save
2025-03-06 16:38:58,428 [INFO] CodeEngine:279 - Generated code: D:\AIFARM\STM32_GREENB\soil_moisture\Core\Inc\main.h
2025-03-06 16:38:58,444 [INFO] CodeEngine:255 - oldGeneratedFile, D:\AIFARM\STM32_GREENB\soil_moisture\Core\Src\main.c_save
2025-03-06 16:38:58,517 [INFO] CodeEngine:279 - Generated code: D:\AIFARM\STM32_GREENB\soil_moisture\Core\Src\main.c
2025-03-06 16:38:59,024 [INFO] ProjectBuilder:3064 - Time for Copy HAL[1] : 170mS.
2025-03-06 16:38:59,027 [INFO] ProjectBuilder:4404 - Project Generator version: 4.1.0
2025-03-06 16:38:59,231 [INFO] ConfigFileManager:1457 - The Die is : DIE422
2025-03-06 16:39:00,361 [INFO] ProjectBuilder:4626 - Time for Generating toolchain IDE Files: 1333mS.
2025-03-06 16:39:00,362 [INFO] ProjectBuilder:2935 - Time for Copy CMSIS : 1mS.
2025-03-06 16:39:00,364 [INFO] ProjectBuilder:2935 - Time for Copy CMSIS : 0mS.
